#
# There is insufficient memory for the Java Runtime Environment to continue.
# Native memory allocation (malloc) failed to allocate 65552 bytes. Error detail: Chunk::new
# Possible reasons:
#   The system is out of physical RAM or swap space
#   This process is running with CompressedOops enabled, and the Java Heap may be blocking the growth of the native heap
# Possible solutions:
#   Reduce memory load on the system
#   Increase physical memory or swap space
#   Check if swap backing store is full
#   Decrease Java heap size (-Xmx/-Xms)
#   Decrease number of Java threads
#   Decrease Java thread stack sizes (-Xss)
#   Set larger code cache with -XX:ReservedCodeCacheSize=
#   JVM is running with Unscaled Compressed Oops mode in which the Java heap is
#     placed in the first 4GB address space. The Java Heap base address is the
#     maximum limit for the native heap growth. Please use -XX:HeapBaseMinAddress
#     to set the Java Heap base and to place the Java Heap above 4GB virtual address.
# This output file may be truncated or incomplete.
#
#  Out of Memory Error (arena.cpp:191), pid=16592, tid=18732
#
# JRE version: OpenJDK Runtime Environment (17.0.11+12) (build 17.0.11+12-LTS)
# Java VM: OpenJDK 64-Bit Server VM (17.0.11+12-LTS, mixed mode, sharing, tiered, compressed oops, compressed class ptrs, g1 gc, windows-amd64)
# No core dump will be written. Minidumps are not enabled by default on client versions of Windows
#

---------------  S U M M A R Y ------------

Command Line: --add-opens=java.base/java.util=ALL-UNNAMED --add-opens=java.base/java.lang=ALL-UNNAMED --add-opens=java.base/java.lang.invoke=ALL-UNNAMED --add-opens=java.prefs/java.util.prefs=ALL-UNNAMED --add-exports=jdk.compiler/com.sun.tools.javac.api=ALL-UNNAMED --add-exports=jdk.compiler/com.sun.tools.javac.util=ALL-UNNAMED --add-opens=java.base/java.nio.charset=ALL-UNNAMED --add-opens=java.base/java.net=ALL-UNNAMED --add-opens=java.base/java.util.concurrent.atomic=ALL-UNNAMED -XX:MaxMetaspaceSize=384m -XX:+HeapDumpOnOutOfMemoryError -Xms256m -Xmx512m -Dfile.encoding=UTF-8 -Duser.country=KR -Duser.language=ko -Duser.variant -javaagent:C:\Users\Sangha\.gradle\wrapper\dists\gradle-8.10.2-bin\a04bxjujx95o3nb99gddekhwo\gradle-8.10.2\lib\agents\gradle-instrumentation-agent-8.10.2.jar org.gradle.launcher.daemon.bootstrap.GradleDaemon 8.10.2

Host: Intel(R) Core(TM) i3-8130U CPU @ 2.20GHz, 4 cores, 3G,  Windows 11 , 64 bit Build 22000 (10.0.22000.2538)
Time: Sun Nov 24 17:22:51 2024  Windows 11 , 64 bit Build 22000 (10.0.22000.2538) elapsed time: 216.799547 seconds (0d 0h 3m 36s)

---------------  T H R E A D  ---------------

Current thread (0x000001e374b55d00):  JavaThread "C2 CompilerThread0" daemon [_thread_in_native, id=18732, stack(0x0000001b08c00000,0x0000001b08d00000)]


Current CompileTask:
C2: 216802 6781   !   4       java.util.regex.Pattern::closure (276 bytes)

Stack: [0x0000001b08c00000,0x0000001b08d00000]
Native frames: (J=compiled Java code, j=interpreted, Vv=VM code, C=native code)
V  [jvm.dll+0x67c789]
V  [jvm.dll+0x832ce8]
V  [jvm.dll+0x8347ae]
V  [jvm.dll+0x834e13]
V  [jvm.dll+0x24827f]
V  [jvm.dll+0xac344]
V  [jvm.dll+0xac99c]
V  [jvm.dll+0xac454]
V  [jvm.dll+0x6a1c05]
V  [jvm.dll+0x1a9b83]
V  [jvm.dll+0x6a2530]
V  [jvm.dll+0x369803]
V  [jvm.dll+0x3667f7]
V  [jvm.dll+0x366295]
V  [jvm.dll+0x6a3a2d]
V  [jvm.dll+0x6a247a]
V  [jvm.dll+0x21b321]
V  [jvm.dll+0x21966f]
V  [jvm.dll+0x1a5560]
V  [jvm.dll+0x229599]
V  [jvm.dll+0x22776b]
V  [jvm.dll+0x7e8028]
V  [jvm.dll+0x7e240a]
V  [jvm.dll+0x67b675]
C  [ucrtbase.dll+0x26c0c]
C  [KERNEL32.DLL+0x153e0]
C  [ntdll.dll+0x485b]


---------------  P R O C E S S  ---------------

Threads class SMR info:
_java_thread_list=0x000001e37c876e70, length=47, elements={
0x000001e36982e080, 0x000001e374b2f490, 0x000001e374b311c0, 0x000001e374b4be90,
0x000001e374b4c850, 0x000001e374b4d9b0, 0x000001e374b50380, 0x000001e374b55d00,
0x000001e374b58bc0, 0x000001e374b72cb0, 0x000001e3790a2330, 0x000001e37915a0d0,
0x000001e37a523660, 0x000001e379bf8c90, 0x000001e37ab78010, 0x000001e37abd0600,
0x000001e37a7c62f0, 0x000001e3794f8380, 0x000001e3794f7e70, 0x000001e3794f5b00,
0x000001e3794f8890, 0x000001e3794f55f0, 0x000001e3794f8da0, 0x000001e3794f7960,
0x000001e3794f6a30, 0x000001e3794f6f40, 0x000001e3794f7450, 0x000001e37ac3f590,
0x000001e37ac450b0, 0x000001e37ac3ffb0, 0x000001e37ac404c0, 0x000001e37ac41e10,
0x000001e37ac409d0, 0x000001e37ac44ba0, 0x000001e37ac42320, 0x000001e37ac413f0,
0x000001e37ac3faa0, 0x000001e37ac43250, 0x000001e37ac43c70, 0x000001e37ac44180,
0x000001e37ac45ad0, 0x000001e37ac45fe0, 0x000001e37ac46a00, 0x000001e3794f6010,
0x000001e3794f6520, 0x000001e37c8b6ac0, 0x000001e37c8b4c60
}

Java Threads: ( => current thread )
  0x000001e36982e080 JavaThread "main" [_thread_blocked, id=7364, stack(0x0000001b07f00000,0x0000001b08000000)]
  0x000001e374b2f490 JavaThread "Reference Handler" daemon [_thread_blocked, id=11760, stack(0x0000001b08600000,0x0000001b08700000)]
  0x000001e374b311c0 JavaThread "Finalizer" daemon [_thread_blocked, id=11864, stack(0x0000001b08700000,0x0000001b08800000)]
  0x000001e374b4be90 JavaThread "Signal Dispatcher" daemon [_thread_blocked, id=14212, stack(0x0000001b08800000,0x0000001b08900000)]
  0x000001e374b4c850 JavaThread "Attach Listener" daemon [_thread_blocked, id=20200, stack(0x0000001b08900000,0x0000001b08a00000)]
  0x000001e374b4d9b0 JavaThread "Service Thread" daemon [_thread_blocked, id=17764, stack(0x0000001b08a00000,0x0000001b08b00000)]
  0x000001e374b50380 JavaThread "Monitor Deflation Thread" daemon [_thread_blocked, id=16052, stack(0x0000001b08b00000,0x0000001b08c00000)]
=>0x000001e374b55d00 JavaThread "C2 CompilerThread0" daemon [_thread_in_native, id=18732, stack(0x0000001b08c00000,0x0000001b08d00000)]
  0x000001e374b58bc0 JavaThread "C1 CompilerThread0" daemon [_thread_blocked, id=3268, stack(0x0000001b08d00000,0x0000001b08e00000)]
  0x000001e374b72cb0 JavaThread "Sweeper thread" daemon [_thread_blocked, id=19360, stack(0x0000001b08e00000,0x0000001b08f00000)]
  0x000001e3790a2330 JavaThread "Common-Cleaner" daemon [_thread_blocked, id=8820, stack(0x0000001b08f00000,0x0000001b09000000)]
  0x000001e37915a0d0 JavaThread "Notification Thread" daemon [_thread_blocked, id=10484, stack(0x0000001b09000000,0x0000001b09100000)]
  0x000001e37a523660 JavaThread "Daemon health stats" [_thread_blocked, id=23372, stack(0x0000001b07d00000,0x0000001b07e00000)]
  0x000001e379bf8c90 JavaThread "Incoming local TCP Connector on port 3318" [_thread_in_native, id=14824, stack(0x0000001b07e00000,0x0000001b07f00000)]
  0x000001e37ab78010 JavaThread "Daemon periodic checks" [_thread_blocked, id=9608, stack(0x0000001b09500000,0x0000001b09600000)]
  0x000001e37abd0600 JavaThread "Daemon" [_thread_blocked, id=18748, stack(0x0000001b09800000,0x0000001b09900000)]
  0x000001e37a7c62f0 JavaThread "Handler for socket connection from /127.0.0.1:3318 to /127.0.0.1:3319" [_thread_in_native, id=2500, stack(0x0000001b09900000,0x0000001b09a00000)]
  0x000001e3794f8380 JavaThread "Cancel handler" [_thread_blocked, id=21072, stack(0x0000001b09a00000,0x0000001b09b00000)]
  0x000001e3794f7e70 JavaThread "Daemon worker" [_thread_in_vm, id=22776, stack(0x0000001b09b00000,0x0000001b09c00000)]
  0x000001e3794f5b00 JavaThread "Asynchronous log dispatcher for DefaultDaemonConnection: socket connection from /127.0.0.1:3318 to /127.0.0.1:3319" [_thread_blocked, id=4980, stack(0x0000001b09c00000,0x0000001b09d00000)]
  0x000001e3794f8890 JavaThread "Stdin handler" [_thread_blocked, id=2912, stack(0x0000001b09d00000,0x0000001b09e00000)]
  0x000001e3794f55f0 JavaThread "Daemon client event forwarder" [_thread_blocked, id=5012, stack(0x0000001b09e00000,0x0000001b09f00000)]
  0x000001e3794f8da0 JavaThread "Cache worker for journal cache (C:\Users\Sangha\.gradle\caches\journal-1)" [_thread_blocked, id=21340, stack(0x0000001b09f00000,0x0000001b0a000000)]
  0x000001e3794f7960 JavaThread "File lock request listener" [_thread_in_native, id=11860, stack(0x0000001b0a000000,0x0000001b0a100000)]
  0x000001e3794f6a30 JavaThread "Cache worker for file hash cache (C:\Users\Sangha\.gradle\caches\8.10.2\fileHashes)" [_thread_blocked, id=12116, stack(0x0000001b0a100000,0x0000001b0a200000)]
  0x000001e3794f6f40 JavaThread "Cache worker for file hash cache (C:\Users\Sangha\Desktop\ssafy\GatheringPT_Backend\.gradle\8.10.2\fileHashes)" [_thread_blocked, id=19348, stack(0x0000001b0a400000,0x0000001b0a500000)]
  0x000001e3794f7450 JavaThread "Cache worker for Build Output Cleanup Cache (C:\Users\Sangha\Desktop\ssafy\GatheringPT_Backend\.gradle\buildOutputCleanup)" [_thread_blocked, id=6424, stack(0x0000001b0a500000,0x0000001b0a600000)]
  0x000001e37ac3f590 JavaThread "File watcher server" daemon [_thread_in_native, id=23532, stack(0x0000001b0a600000,0x0000001b0a700000)]
  0x000001e37ac450b0 JavaThread "File watcher consumer" daemon [_thread_blocked, id=21344, stack(0x0000001b0a700000,0x0000001b0a800000)]
  0x000001e37ac3ffb0 JavaThread "Cache worker for checksums cache (C:\Users\Sangha\Desktop\ssafy\GatheringPT_Backend\.gradle\8.10.2\checksums)" [_thread_blocked, id=14752, stack(0x0000001b0a800000,0x0000001b0a900000)]
  0x000001e37ac404c0 JavaThread "Cache worker for file content cache (C:\Users\Sangha\.gradle\caches\8.10.2\fileContent)" [_thread_blocked, id=23504, stack(0x0000001b0a900000,0x0000001b0aa00000)]
  0x000001e37ac41e10 JavaThread "Cache worker for cache directory md-rule (C:\Users\Sangha\.gradle\caches\8.10.2\md-rule)" [_thread_blocked, id=8580, stack(0x0000001b0aa00000,0x0000001b0ab00000)]
  0x000001e37ac409d0 JavaThread "Cache worker for cache directory md-supplier (C:\Users\Sangha\.gradle\caches\8.10.2\md-supplier)" [_thread_blocked, id=18844, stack(0x0000001b0ab00000,0x0000001b0ac00000)]
  0x000001e37ac44ba0 JavaThread "jar transforms" [_thread_blocked, id=19028, stack(0x0000001b07c00000,0x0000001b07d00000)]
  0x000001e37ac42320 JavaThread "jar transforms Thread 2" [_thread_blocked, id=13144, stack(0x0000001b09600000,0x0000001b09700000)]
  0x000001e37ac413f0 JavaThread "jar transforms Thread 3" [_thread_blocked, id=22668, stack(0x0000001b09700000,0x0000001b09800000)]
  0x000001e37ac3faa0 JavaThread "jar transforms Thread 4" [_thread_blocked, id=7872, stack(0x0000001b0ac00000,0x0000001b0ad00000)]
  0x000001e37ac43250 JavaThread "Unconstrained build operations" [_thread_blocked, id=15828, stack(0x0000001b0ae00000,0x0000001b0af00000)]
  0x000001e37ac43c70 JavaThread "Unconstrained build operations Thread 2" [_thread_blocked, id=10448, stack(0x0000001b0af00000,0x0000001b0b000000)]
  0x000001e37ac44180 JavaThread "Unconstrained build operations Thread 3" [_thread_blocked, id=9236, stack(0x0000001b0b000000,0x0000001b0b100000)]
  0x000001e37ac45ad0 JavaThread "Unconstrained build operations Thread 4" [_thread_blocked, id=7404, stack(0x0000001b0b100000,0x0000001b0b200000)]
  0x000001e37ac45fe0 JavaThread "Unconstrained build operations Thread 5" [_thread_blocked, id=9164, stack(0x0000001b0b200000,0x0000001b0b300000)]
  0x000001e37ac46a00 JavaThread "Unconstrained build operations Thread 6" [_thread_blocked, id=14488, stack(0x0000001b0b300000,0x0000001b0b400000)]
  0x000001e3794f6010 JavaThread "Unconstrained build operations Thread 7" [_thread_blocked, id=7776, stack(0x0000001b0b400000,0x0000001b0b500000)]
  0x000001e3794f6520 JavaThread "Unconstrained build operations Thread 8" [_thread_blocked, id=23192, stack(0x0000001b0b500000,0x0000001b0b600000)]
  0x000001e37c8b6ac0 JavaThread "Unconstrained build operations Thread 9" [_thread_blocked, id=4824, stack(0x0000001b0b600000,0x0000001b0b700000)]
  0x000001e37c8b4c60 JavaThread "Memory manager" [_thread_blocked, id=12376, stack(0x0000001b0b700000,0x0000001b0b800000)]

Other Threads:
  0x000001e374b28110 VMThread "VM Thread" [stack: 0x0000001b08500000,0x0000001b08600000] [id=21304]
  0x000001e36982ef00 WatcherThread [stack: 0x0000001b09100000,0x0000001b09200000] [id=22128]
  0x000001e36985ac20 GCTaskThread "GC Thread#0" [stack: 0x0000001b08000000,0x0000001b08100000] [id=9520]
  0x000001e379224f00 GCTaskThread "GC Thread#1" [stack: 0x0000001b09200000,0x0000001b09300000] [id=7012]
  0x000001e3792251c0 GCTaskThread "GC Thread#2" [stack: 0x0000001b09300000,0x0000001b09400000] [id=17232]
  0x000001e379222410 GCTaskThread "GC Thread#3" [stack: 0x0000001b09400000,0x0000001b09500000] [id=10464]
  0x000001e369860310 ConcurrentGCThread "G1 Main Marker" [stack: 0x0000001b08100000,0x0000001b08200000] [id=15364]
  0x000001e369860d30 ConcurrentGCThread "G1 Conc#0" [stack: 0x0000001b08200000,0x0000001b08300000] [id=20404]
  0x000001e3698eec60 ConcurrentGCThread "G1 Refine#0" [stack: 0x0000001b08300000,0x0000001b08400000] [id=20136]
  0x000001e37ba5dce0 ConcurrentGCThread "G1 Refine#1" [stack: 0x0000001b0ad00000,0x0000001b0ae00000] [id=18004]
  0x000001e37cece070 ConcurrentGCThread "G1 Refine#2" [stack: 0x0000001b0b800000,0x0000001b0b900000] [id=12640]
  0x000001e3749ecc40 ConcurrentGCThread "G1 Service" [stack: 0x0000001b08400000,0x0000001b08500000] [id=10472]

Threads with active compile tasks:
C2 CompilerThread0   216982 6781   !   4       java.util.regex.Pattern::closure (276 bytes)

VM state: not at safepoint (normal execution)

VM Mutex/Monitor currently owned by a thread: None

Heap address: 0x00000000e0000000, size: 512 MB, Compressed Oops mode: 32-bit

CDS archive(s) mapped at: [0x000001e30f000000-0x000001e30fbb0000-0x000001e30fbb0000), size 12255232, SharedBaseAddress: 0x000001e30f000000, ArchiveRelocationMode: 1.
Compressed class space mapped at: 0x000001e310000000-0x000001e324000000, reserved size: 335544320
Narrow klass base: 0x000001e30f000000, Narrow klass shift: 0, Narrow klass range: 0x100000000

GC Precious Log:
 CPUs: 4 total, 4 available
 Memory: 3929M
 Large Page Support: Disabled
 NUMA Support: Disabled
 Compressed Oops: Enabled (32-bit)
 Heap Region Size: 1M
 Heap Min Capacity: 256M
 Heap Initial Capacity: 256M
 Heap Max Capacity: 512M
 Pre-touch: Disabled
 Parallel Workers: 4
 Concurrent Workers: 1
 Concurrent Refinement Workers: 4
 Periodic GC: Disabled

Heap:
 garbage-first heap   total 262144K, used 48682K [0x00000000e0000000, 0x0000000100000000)
  region size 1024K, 6 young (6144K), 2 survivors (2048K)
 Metaspace       used 50598K, committed 51136K, reserved 393216K
  class space    used 7202K, committed 7424K, reserved 327680K

Heap Regions: E=young(eden), S=young(survivor), O=old, HS=humongous(starts), HC=humongous(continues), CS=collection set, F=free, OA=open archive, CA=closed archive, TAMS=top-at-mark-start (previous, next)
|   0|0x00000000e0000000, 0x00000000e0100000, 0x00000000e0100000|100%|HS|  |TAMS 0x00000000e0100000, 0x00000000e0000000| Complete 
|   1|0x00000000e0100000, 0x00000000e0200000, 0x00000000e0200000|100%|HC|  |TAMS 0x00000000e0200000, 0x00000000e0100000| Complete 
|   2|0x00000000e0200000, 0x00000000e0300000, 0x00000000e0300000|100%|HC|  |TAMS 0x00000000e0300000, 0x00000000e0200000| Complete 
|   3|0x00000000e0300000, 0x00000000e0400000, 0x00000000e0400000|100%|HC|  |TAMS 0x00000000e0400000, 0x00000000e0300000| Complete 
|   4|0x00000000e0400000, 0x00000000e0500000, 0x00000000e0500000|100%| O|  |TAMS 0x00000000e0500000, 0x00000000e0400000| Untracked 
|   5|0x00000000e0500000, 0x00000000e0600000, 0x00000000e0600000|100%| O|  |TAMS 0x00000000e0600000, 0x00000000e0500000| Untracked 
|   6|0x00000000e0600000, 0x00000000e0700000, 0x00000000e0700000|100%| O|  |TAMS 0x00000000e0700000, 0x00000000e0600000| Untracked 
|   7|0x00000000e0700000, 0x00000000e0800000, 0x00000000e0800000|100%| O|  |TAMS 0x00000000e0800000, 0x00000000e0700000| Untracked 
|   8|0x00000000e0800000, 0x00000000e0900000, 0x00000000e0900000|100%|HS|  |TAMS 0x00000000e0900000, 0x00000000e0800000| Complete 
|   9|0x00000000e0900000, 0x00000000e0a00000, 0x00000000e0a00000|100%| O|  |TAMS 0x00000000e0a00000, 0x00000000e0900000| Untracked 
|  10|0x00000000e0a00000, 0x00000000e0b00000, 0x00000000e0b00000|100%| O|  |TAMS 0x00000000e0b00000, 0x00000000e0a00000| Untracked 
|  11|0x00000000e0b00000, 0x00000000e0c00000, 0x00000000e0c00000|100%| O|  |TAMS 0x00000000e0c00000, 0x00000000e0b00000| Untracked 
|  12|0x00000000e0c00000, 0x00000000e0d00000, 0x00000000e0d00000|100%| O|  |TAMS 0x00000000e0d00000, 0x00000000e0c00000| Untracked 
|  13|0x00000000e0d00000, 0x00000000e0e00000, 0x00000000e0e00000|100%| O|  |TAMS 0x00000000e0e00000, 0x00000000e0d00000| Untracked 
|  14|0x00000000e0e00000, 0x00000000e0f00000, 0x00000000e0f00000|100%| O|  |TAMS 0x00000000e0f00000, 0x00000000e0e00000| Untracked 
|  15|0x00000000e0f00000, 0x00000000e1000000, 0x00000000e1000000|100%| O|  |TAMS 0x00000000e1000000, 0x00000000e0f00000| Untracked 
|  16|0x00000000e1000000, 0x00000000e1100000, 0x00000000e1100000|100%| O|  |TAMS 0x00000000e1100000, 0x00000000e1000000| Untracked 
|  17|0x00000000e1100000, 0x00000000e1200000, 0x00000000e1200000|100%| O|  |TAMS 0x00000000e1200000, 0x00000000e1100000| Untracked 
|  18|0x00000000e1200000, 0x00000000e1300000, 0x00000000e1300000|100%| O|  |TAMS 0x00000000e1300000, 0x00000000e1200000| Untracked 
|  19|0x00000000e1300000, 0x00000000e1400000, 0x00000000e1400000|100%| O|  |TAMS 0x00000000e1400000, 0x00000000e1300000| Untracked 
|  20|0x00000000e1400000, 0x00000000e1500000, 0x00000000e1500000|100%| O|  |TAMS 0x00000000e1500000, 0x00000000e1400000| Untracked 
|  21|0x00000000e1500000, 0x00000000e1600000, 0x00000000e1600000|100%| O|  |TAMS 0x00000000e1600000, 0x00000000e1500000| Untracked 
|  22|0x00000000e1600000, 0x00000000e1700000, 0x00000000e1700000|100%| O|  |TAMS 0x00000000e1625200, 0x00000000e1600000| Untracked 
|  23|0x00000000e1700000, 0x00000000e1800000, 0x00000000e1800000|100%| O|  |TAMS 0x00000000e1700000, 0x00000000e1700000| Untracked 
|  24|0x00000000e1800000, 0x00000000e1900000, 0x00000000e1900000|100%| O|  |TAMS 0x00000000e1800000, 0x00000000e1800000| Untracked 
|  25|0x00000000e1900000, 0x00000000e1a00000, 0x00000000e1a00000|100%| O|  |TAMS 0x00000000e1900000, 0x00000000e1900000| Untracked 
|  26|0x00000000e1a00000, 0x00000000e1b00000, 0x00000000e1b00000|100%| O|  |TAMS 0x00000000e1a00000, 0x00000000e1a00000| Untracked 
|  27|0x00000000e1b00000, 0x00000000e1c00000, 0x00000000e1c00000|100%| O|  |TAMS 0x00000000e1b00000, 0x00000000e1b00000| Untracked 
|  28|0x00000000e1c00000, 0x00000000e1d00000, 0x00000000e1d00000|100%| O|  |TAMS 0x00000000e1c00000, 0x00000000e1c00000| Untracked 
|  29|0x00000000e1d00000, 0x00000000e1e00000, 0x00000000e1e00000|100%| O|  |TAMS 0x00000000e1d00000, 0x00000000e1d00000| Untracked 
|  30|0x00000000e1e00000, 0x00000000e1f00000, 0x00000000e1f00000|100%| O|  |TAMS 0x00000000e1e00000, 0x00000000e1e00000| Untracked 
|  31|0x00000000e1f00000, 0x00000000e2000000, 0x00000000e2000000|100%| O|  |TAMS 0x00000000e1f00000, 0x00000000e1f00000| Untracked 
|  32|0x00000000e2000000, 0x00000000e2100000, 0x00000000e2100000|100%| O|  |TAMS 0x00000000e2000000, 0x00000000e2000000| Untracked 
|  33|0x00000000e2100000, 0x00000000e2200000, 0x00000000e2200000|100%| O|  |TAMS 0x00000000e2100000, 0x00000000e2100000| Untracked 
|  34|0x00000000e2200000, 0x00000000e2300000, 0x00000000e2300000|100%| O|  |TAMS 0x00000000e2200000, 0x00000000e2200000| Untracked 
|  35|0x00000000e2300000, 0x00000000e2400000, 0x00000000e2400000|100%| O|  |TAMS 0x00000000e2300000, 0x00000000e2300000| Untracked 
|  36|0x00000000e2400000, 0x00000000e2500000, 0x00000000e2500000|100%| O|  |TAMS 0x00000000e2400000, 0x00000000e2400000| Untracked 
|  37|0x00000000e2500000, 0x00000000e2600000, 0x00000000e2600000|100%| O|  |TAMS 0x00000000e2500000, 0x00000000e2500000| Untracked 
|  38|0x00000000e2600000, 0x00000000e2700000, 0x00000000e2700000|100%| O|  |TAMS 0x00000000e2600000, 0x00000000e2600000| Untracked 
|  39|0x00000000e2700000, 0x00000000e2800000, 0x00000000e2800000|100%| O|  |TAMS 0x00000000e2700000, 0x00000000e2700000| Untracked 
|  40|0x00000000e2800000, 0x00000000e2900000, 0x00000000e2900000|100%| O|  |TAMS 0x00000000e2800000, 0x00000000e2800000| Untracked 
|  41|0x00000000e2900000, 0x00000000e2a00000, 0x00000000e2a00000|100%| O|  |TAMS 0x00000000e2900000, 0x00000000e2900000| Untracked 
|  42|0x00000000e2a00000, 0x00000000e2b00000, 0x00000000e2b00000|100%| O|  |TAMS 0x00000000e2a00000, 0x00000000e2a00000| Untracked 
|  43|0x00000000e2b00000, 0x00000000e2b15c00, 0x00000000e2c00000|  8%| O|  |TAMS 0x00000000e2b00000, 0x00000000e2b00000| Untracked 
|  44|0x00000000e2c00000, 0x00000000e2c00000, 0x00000000e2d00000|  0%| F|  |TAMS 0x00000000e2c00000, 0x00000000e2c00000| Untracked 
|  45|0x00000000e2d00000, 0x00000000e2d00000, 0x00000000e2e00000|  0%| F|  |TAMS 0x00000000e2d00000, 0x00000000e2d00000| Untracked 
|  46|0x00000000e2e00000, 0x00000000e2e00000, 0x00000000e2f00000|  0%| F|  |TAMS 0x00000000e2e00000, 0x00000000e2e00000| Untracked 
|  47|0x00000000e2f00000, 0x00000000e2f00000, 0x00000000e3000000|  0%| F|  |TAMS 0x00000000e2f00000, 0x00000000e2f00000| Untracked 
|  48|0x00000000e3000000, 0x00000000e3000000, 0x00000000e3100000|  0%| F|  |TAMS 0x00000000e3000000, 0x00000000e3000000| Untracked 
|  49|0x00000000e3100000, 0x00000000e3100000, 0x00000000e3200000|  0%| F|  |TAMS 0x00000000e3100000, 0x00000000e3100000| Untracked 
|  50|0x00000000e3200000, 0x00000000e3200000, 0x00000000e3300000|  0%| F|  |TAMS 0x00000000e3200000, 0x00000000e3200000| Untracked 
|  51|0x00000000e3300000, 0x00000000e3300000, 0x00000000e3400000|  0%| F|  |TAMS 0x00000000e3300000, 0x00000000e3300000| Untracked 
|  52|0x00000000e3400000, 0x00000000e3400000, 0x00000000e3500000|  0%| F|  |TAMS 0x00000000e3400000, 0x00000000e3400000| Untracked 
|  53|0x00000000e3500000, 0x00000000e3500000, 0x00000000e3600000|  0%| F|  |TAMS 0x00000000e3500000, 0x00000000e3500000| Untracked 
|  54|0x00000000e3600000, 0x00000000e3600000, 0x00000000e3700000|  0%| F|  |TAMS 0x00000000e3600000, 0x00000000e3600000| Untracked 
|  55|0x00000000e3700000, 0x00000000e3700000, 0x00000000e3800000|  0%| F|  |TAMS 0x00000000e3700000, 0x00000000e3700000| Untracked 
|  56|0x00000000e3800000, 0x00000000e3800000, 0x00000000e3900000|  0%| F|  |TAMS 0x00000000e3800000, 0x00000000e3800000| Untracked 
|  57|0x00000000e3900000, 0x00000000e3900000, 0x00000000e3a00000|  0%| F|  |TAMS 0x00000000e3900000, 0x00000000e3900000| Untracked 
|  58|0x00000000e3a00000, 0x00000000e3a00000, 0x00000000e3b00000|  0%| F|  |TAMS 0x00000000e3a00000, 0x00000000e3a00000| Untracked 
|  59|0x00000000e3b00000, 0x00000000e3b00000, 0x00000000e3c00000|  0%| F|  |TAMS 0x00000000e3b00000, 0x00000000e3b00000| Untracked 
|  60|0x00000000e3c00000, 0x00000000e3c00000, 0x00000000e3d00000|  0%| F|  |TAMS 0x00000000e3c00000, 0x00000000e3c00000| Untracked 
|  61|0x00000000e3d00000, 0x00000000e3d00000, 0x00000000e3e00000|  0%| F|  |TAMS 0x00000000e3d00000, 0x00000000e3d00000| Untracked 
|  62|0x00000000e3e00000, 0x00000000e3e00000, 0x00000000e3f00000|  0%| F|  |TAMS 0x00000000e3e00000, 0x00000000e3e00000| Untracked 
|  63|0x00000000e3f00000, 0x00000000e3f00000, 0x00000000e4000000|  0%| F|  |TAMS 0x00000000e3f00000, 0x00000000e3f00000| Untracked 
|  64|0x00000000e4000000, 0x00000000e4000000, 0x00000000e4100000|  0%| F|  |TAMS 0x00000000e4000000, 0x00000000e4000000| Untracked 
|  65|0x00000000e4100000, 0x00000000e4100000, 0x00000000e4200000|  0%| F|  |TAMS 0x00000000e4100000, 0x00000000e4100000| Untracked 
|  66|0x00000000e4200000, 0x00000000e4200000, 0x00000000e4300000|  0%| F|  |TAMS 0x00000000e4200000, 0x00000000e4200000| Untracked 
|  67|0x00000000e4300000, 0x00000000e4300000, 0x00000000e4400000|  0%| F|  |TAMS 0x00000000e4300000, 0x00000000e4300000| Untracked 
|  68|0x00000000e4400000, 0x00000000e4400000, 0x00000000e4500000|  0%| F|  |TAMS 0x00000000e4400000, 0x00000000e4400000| Untracked 
|  69|0x00000000e4500000, 0x00000000e4500000, 0x00000000e4600000|  0%| F|  |TAMS 0x00000000e4500000, 0x00000000e4500000| Untracked 
|  70|0x00000000e4600000, 0x00000000e4600000, 0x00000000e4700000|  0%| F|  |TAMS 0x00000000e4600000, 0x00000000e4600000| Untracked 
|  71|0x00000000e4700000, 0x00000000e4700000, 0x00000000e4800000|  0%| F|  |TAMS 0x00000000e4700000, 0x00000000e4700000| Untracked 
|  72|0x00000000e4800000, 0x00000000e4800000, 0x00000000e4900000|  0%| F|  |TAMS 0x00000000e4800000, 0x00000000e4800000| Untracked 
|  73|0x00000000e4900000, 0x00000000e4900000, 0x00000000e4a00000|  0%| F|  |TAMS 0x00000000e4900000, 0x00000000e4900000| Untracked 
|  74|0x00000000e4a00000, 0x00000000e4a00000, 0x00000000e4b00000|  0%| F|  |TAMS 0x00000000e4a00000, 0x00000000e4a00000| Untracked 
|  75|0x00000000e4b00000, 0x00000000e4b00000, 0x00000000e4c00000|  0%| F|  |TAMS 0x00000000e4b00000, 0x00000000e4b00000| Untracked 
|  76|0x00000000e4c00000, 0x00000000e4c00000, 0x00000000e4d00000|  0%| F|  |TAMS 0x00000000e4c00000, 0x00000000e4c00000| Untracked 
|  77|0x00000000e4d00000, 0x00000000e4d00000, 0x00000000e4e00000|  0%| F|  |TAMS 0x00000000e4d00000, 0x00000000e4d00000| Untracked 
|  78|0x00000000e4e00000, 0x00000000e4e00000, 0x00000000e4f00000|  0%| F|  |TAMS 0x00000000e4e00000, 0x00000000e4e00000| Untracked 
|  79|0x00000000e4f00000, 0x00000000e4f00000, 0x00000000e5000000|  0%| F|  |TAMS 0x00000000e4f00000, 0x00000000e4f00000| Untracked 
|  80|0x00000000e5000000, 0x00000000e5000000, 0x00000000e5100000|  0%| F|  |TAMS 0x00000000e5000000, 0x00000000e5000000| Untracked 
|  81|0x00000000e5100000, 0x00000000e5100000, 0x00000000e5200000|  0%| F|  |TAMS 0x00000000e5100000, 0x00000000e5100000| Untracked 
|  82|0x00000000e5200000, 0x00000000e5200000, 0x00000000e5300000|  0%| F|  |TAMS 0x00000000e5200000, 0x00000000e5200000| Untracked 
|  83|0x00000000e5300000, 0x00000000e5300000, 0x00000000e5400000|  0%| F|  |TAMS 0x00000000e5300000, 0x00000000e5300000| Untracked 
|  84|0x00000000e5400000, 0x00000000e5400000, 0x00000000e5500000|  0%| F|  |TAMS 0x00000000e5400000, 0x00000000e5400000| Untracked 
|  85|0x00000000e5500000, 0x00000000e5500000, 0x00000000e5600000|  0%| F|  |TAMS 0x00000000e5500000, 0x00000000e5500000| Untracked 
|  86|0x00000000e5600000, 0x00000000e5600000, 0x00000000e5700000|  0%| F|  |TAMS 0x00000000e5600000, 0x00000000e5600000| Untracked 
|  87|0x00000000e5700000, 0x00000000e5700000, 0x00000000e5800000|  0%| F|  |TAMS 0x00000000e5700000, 0x00000000e5700000| Untracked 
|  88|0x00000000e5800000, 0x00000000e5800000, 0x00000000e5900000|  0%| F|  |TAMS 0x00000000e5800000, 0x00000000e5800000| Untracked 
|  89|0x00000000e5900000, 0x00000000e5900000, 0x00000000e5a00000|  0%| F|  |TAMS 0x00000000e5900000, 0x00000000e5900000| Untracked 
|  90|0x00000000e5a00000, 0x00000000e5a00000, 0x00000000e5b00000|  0%| F|  |TAMS 0x00000000e5a00000, 0x00000000e5a00000| Untracked 
|  91|0x00000000e5b00000, 0x00000000e5b00000, 0x00000000e5c00000|  0%| F|  |TAMS 0x00000000e5b00000, 0x00000000e5b00000| Untracked 
|  92|0x00000000e5c00000, 0x00000000e5c00000, 0x00000000e5d00000|  0%| F|  |TAMS 0x00000000e5c00000, 0x00000000e5c00000| Untracked 
|  93|0x00000000e5d00000, 0x00000000e5d00000, 0x00000000e5e00000|  0%| F|  |TAMS 0x00000000e5d00000, 0x00000000e5d00000| Untracked 
|  94|0x00000000e5e00000, 0x00000000e5e00000, 0x00000000e5f00000|  0%| F|  |TAMS 0x00000000e5e00000, 0x00000000e5e00000| Untracked 
|  95|0x00000000e5f00000, 0x00000000e5f00000, 0x00000000e6000000|  0%| F|  |TAMS 0x00000000e5f00000, 0x00000000e5f00000| Untracked 
|  96|0x00000000e6000000, 0x00000000e6000000, 0x00000000e6100000|  0%| F|  |TAMS 0x00000000e6000000, 0x00000000e6000000| Untracked 
|  97|0x00000000e6100000, 0x00000000e6100000, 0x00000000e6200000|  0%| F|  |TAMS 0x00000000e6100000, 0x00000000e6100000| Untracked 
|  98|0x00000000e6200000, 0x00000000e6200000, 0x00000000e6300000|  0%| F|  |TAMS 0x00000000e6200000, 0x00000000e6200000| Untracked 
|  99|0x00000000e6300000, 0x00000000e6300000, 0x00000000e6400000|  0%| F|  |TAMS 0x00000000e6300000, 0x00000000e6300000| Untracked 
| 100|0x00000000e6400000, 0x00000000e6400000, 0x00000000e6500000|  0%| F|  |TAMS 0x00000000e6400000, 0x00000000e6400000| Untracked 
| 101|0x00000000e6500000, 0x00000000e6500000, 0x00000000e6600000|  0%| F|  |TAMS 0x00000000e6500000, 0x00000000e6500000| Untracked 
| 102|0x00000000e6600000, 0x00000000e6600000, 0x00000000e6700000|  0%| F|  |TAMS 0x00000000e6600000, 0x00000000e6600000| Untracked 
| 103|0x00000000e6700000, 0x00000000e6700000, 0x00000000e6800000|  0%| F|  |TAMS 0x00000000e6700000, 0x00000000e6700000| Untracked 
| 104|0x00000000e6800000, 0x00000000e6800000, 0x00000000e6900000|  0%| F|  |TAMS 0x00000000e6800000, 0x00000000e6800000| Untracked 
| 105|0x00000000e6900000, 0x00000000e6900000, 0x00000000e6a00000|  0%| F|  |TAMS 0x00000000e6900000, 0x00000000e6900000| Untracked 
| 106|0x00000000e6a00000, 0x00000000e6a00000, 0x00000000e6b00000|  0%| F|  |TAMS 0x00000000e6a00000, 0x00000000e6a00000| Untracked 
| 107|0x00000000e6b00000, 0x00000000e6b00000, 0x00000000e6c00000|  0%| F|  |TAMS 0x00000000e6b00000, 0x00000000e6b00000| Untracked 
| 108|0x00000000e6c00000, 0x00000000e6c00000, 0x00000000e6d00000|  0%| F|  |TAMS 0x00000000e6c00000, 0x00000000e6c00000| Untracked 
| 109|0x00000000e6d00000, 0x00000000e6d00000, 0x00000000e6e00000|  0%| F|  |TAMS 0x00000000e6d00000, 0x00000000e6d00000| Untracked 
| 110|0x00000000e6e00000, 0x00000000e6e00000, 0x00000000e6f00000|  0%| F|  |TAMS 0x00000000e6e00000, 0x00000000e6e00000| Untracked 
| 111|0x00000000e6f00000, 0x00000000e6f00000, 0x00000000e7000000|  0%| F|  |TAMS 0x00000000e6f00000, 0x00000000e6f00000| Untracked 
| 112|0x00000000e7000000, 0x00000000e7000000, 0x00000000e7100000|  0%| F|  |TAMS 0x00000000e7000000, 0x00000000e7000000| Untracked 
| 113|0x00000000e7100000, 0x00000000e7100000, 0x00000000e7200000|  0%| F|  |TAMS 0x00000000e7100000, 0x00000000e7100000| Untracked 
| 114|0x00000000e7200000, 0x00000000e7200000, 0x00000000e7300000|  0%| F|  |TAMS 0x00000000e7200000, 0x00000000e7200000| Untracked 
| 115|0x00000000e7300000, 0x00000000e7300000, 0x00000000e7400000|  0%| F|  |TAMS 0x00000000e7300000, 0x00000000e7300000| Untracked 
| 116|0x00000000e7400000, 0x00000000e7400000, 0x00000000e7500000|  0%| F|  |TAMS 0x00000000e7400000, 0x00000000e7400000| Untracked 
| 117|0x00000000e7500000, 0x00000000e7500000, 0x00000000e7600000|  0%| F|  |TAMS 0x00000000e7500000, 0x00000000e7500000| Untracked 
| 118|0x00000000e7600000, 0x00000000e7600000, 0x00000000e7700000|  0%| F|  |TAMS 0x00000000e7600000, 0x00000000e7600000| Untracked 
| 119|0x00000000e7700000, 0x00000000e7700000, 0x00000000e7800000|  0%| F|  |TAMS 0x00000000e7700000, 0x00000000e7700000| Untracked 
| 120|0x00000000e7800000, 0x00000000e7800000, 0x00000000e7900000|  0%| F|  |TAMS 0x00000000e7800000, 0x00000000e7800000| Untracked 
| 121|0x00000000e7900000, 0x00000000e7900000, 0x00000000e7a00000|  0%| F|  |TAMS 0x00000000e7900000, 0x00000000e7900000| Untracked 
| 122|0x00000000e7a00000, 0x00000000e7a00000, 0x00000000e7b00000|  0%| F|  |TAMS 0x00000000e7a00000, 0x00000000e7a00000| Untracked 
| 123|0x00000000e7b00000, 0x00000000e7b00000, 0x00000000e7c00000|  0%| F|  |TAMS 0x00000000e7b00000, 0x00000000e7b00000| Untracked 
| 124|0x00000000e7c00000, 0x00000000e7c00000, 0x00000000e7d00000|  0%| F|  |TAMS 0x00000000e7c00000, 0x00000000e7c00000| Untracked 
| 125|0x00000000e7d00000, 0x00000000e7d00000, 0x00000000e7e00000|  0%| F|  |TAMS 0x00000000e7d00000, 0x00000000e7d00000| Untracked 
| 126|0x00000000e7e00000, 0x00000000e7e00000, 0x00000000e7f00000|  0%| F|  |TAMS 0x00000000e7e00000, 0x00000000e7e00000| Untracked 
| 127|0x00000000e7f00000, 0x00000000e7f00000, 0x00000000e8000000|  0%| F|  |TAMS 0x00000000e7f00000, 0x00000000e7f00000| Untracked 
| 128|0x00000000e8000000, 0x00000000e8000000, 0x00000000e8100000|  0%| F|  |TAMS 0x00000000e8000000, 0x00000000e8000000| Untracked 
| 129|0x00000000e8100000, 0x00000000e8100000, 0x00000000e8200000|  0%| F|  |TAMS 0x00000000e8100000, 0x00000000e8100000| Untracked 
| 130|0x00000000e8200000, 0x00000000e8200000, 0x00000000e8300000|  0%| F|  |TAMS 0x00000000e8200000, 0x00000000e8200000| Untracked 
| 131|0x00000000e8300000, 0x00000000e8300000, 0x00000000e8400000|  0%| F|  |TAMS 0x00000000e8300000, 0x00000000e8300000| Untracked 
| 132|0x00000000e8400000, 0x00000000e8400000, 0x00000000e8500000|  0%| F|  |TAMS 0x00000000e8400000, 0x00000000e8400000| Untracked 
| 133|0x00000000e8500000, 0x00000000e8500000, 0x00000000e8600000|  0%| F|  |TAMS 0x00000000e8500000, 0x00000000e8500000| Untracked 
| 134|0x00000000e8600000, 0x00000000e8600000, 0x00000000e8700000|  0%| F|  |TAMS 0x00000000e8600000, 0x00000000e8600000| Untracked 
| 135|0x00000000e8700000, 0x00000000e8700000, 0x00000000e8800000|  0%| F|  |TAMS 0x00000000e8700000, 0x00000000e8700000| Untracked 
| 136|0x00000000e8800000, 0x00000000e8800000, 0x00000000e8900000|  0%| F|  |TAMS 0x00000000e8800000, 0x00000000e8800000| Untracked 
| 137|0x00000000e8900000, 0x00000000e8900000, 0x00000000e8a00000|  0%| F|  |TAMS 0x00000000e8900000, 0x00000000e8900000| Untracked 
| 138|0x00000000e8a00000, 0x00000000e8a00000, 0x00000000e8b00000|  0%| F|  |TAMS 0x00000000e8a00000, 0x00000000e8a00000| Untracked 
| 139|0x00000000e8b00000, 0x00000000e8b00000, 0x00000000e8c00000|  0%| F|  |TAMS 0x00000000e8b00000, 0x00000000e8b00000| Untracked 
| 140|0x00000000e8c00000, 0x00000000e8c00000, 0x00000000e8d00000|  0%| F|  |TAMS 0x00000000e8c00000, 0x00000000e8c00000| Untracked 
| 141|0x00000000e8d00000, 0x00000000e8d00000, 0x00000000e8e00000|  0%| F|  |TAMS 0x00000000e8d00000, 0x00000000e8d00000| Untracked 
| 142|0x00000000e8e00000, 0x00000000e8e00000, 0x00000000e8f00000|  0%| F|  |TAMS 0x00000000e8e00000, 0x00000000e8e00000| Untracked 
| 143|0x00000000e8f00000, 0x00000000e8f00000, 0x00000000e9000000|  0%| F|  |TAMS 0x00000000e8f00000, 0x00000000e8f00000| Untracked 
| 144|0x00000000e9000000, 0x00000000e9000000, 0x00000000e9100000|  0%| F|  |TAMS 0x00000000e9000000, 0x00000000e9000000| Untracked 
| 145|0x00000000e9100000, 0x00000000e9100000, 0x00000000e9200000|  0%| F|  |TAMS 0x00000000e9100000, 0x00000000e9100000| Untracked 
| 146|0x00000000e9200000, 0x00000000e9200000, 0x00000000e9300000|  0%| F|  |TAMS 0x00000000e9200000, 0x00000000e9200000| Untracked 
| 147|0x00000000e9300000, 0x00000000e9300000, 0x00000000e9400000|  0%| F|  |TAMS 0x00000000e9300000, 0x00000000e9300000| Untracked 
| 148|0x00000000e9400000, 0x00000000e9400000, 0x00000000e9500000|  0%| F|  |TAMS 0x00000000e9400000, 0x00000000e9400000| Untracked 
| 149|0x00000000e9500000, 0x00000000e9500000, 0x00000000e9600000|  0%| F|  |TAMS 0x00000000e9500000, 0x00000000e9500000| Untracked 
| 150|0x00000000e9600000, 0x00000000e9600000, 0x00000000e9700000|  0%| F|  |TAMS 0x00000000e9600000, 0x00000000e9600000| Untracked 
| 151|0x00000000e9700000, 0x00000000e9700000, 0x00000000e9800000|  0%| F|  |TAMS 0x00000000e9700000, 0x00000000e9700000| Untracked 
| 152|0x00000000e9800000, 0x00000000e9800000, 0x00000000e9900000|  0%| F|  |TAMS 0x00000000e9800000, 0x00000000e9800000| Untracked 
| 153|0x00000000e9900000, 0x00000000e9900000, 0x00000000e9a00000|  0%| F|  |TAMS 0x00000000e9900000, 0x00000000e9900000| Untracked 
| 154|0x00000000e9a00000, 0x00000000e9a00000, 0x00000000e9b00000|  0%| F|  |TAMS 0x00000000e9a00000, 0x00000000e9a00000| Untracked 
| 155|0x00000000e9b00000, 0x00000000e9b00000, 0x00000000e9c00000|  0%| F|  |TAMS 0x00000000e9b00000, 0x00000000e9b00000| Untracked 
| 156|0x00000000e9c00000, 0x00000000e9c00000, 0x00000000e9d00000|  0%| F|  |TAMS 0x00000000e9c00000, 0x00000000e9c00000| Untracked 
| 157|0x00000000e9d00000, 0x00000000e9d00000, 0x00000000e9e00000|  0%| F|  |TAMS 0x00000000e9d00000, 0x00000000e9d00000| Untracked 
| 158|0x00000000e9e00000, 0x00000000e9e00000, 0x00000000e9f00000|  0%| F|  |TAMS 0x00000000e9e00000, 0x00000000e9e00000| Untracked 
| 159|0x00000000e9f00000, 0x00000000e9f00000, 0x00000000ea000000|  0%| F|  |TAMS 0x00000000e9f00000, 0x00000000e9f00000| Untracked 
| 160|0x00000000ea000000, 0x00000000ea000000, 0x00000000ea100000|  0%| F|  |TAMS 0x00000000ea000000, 0x00000000ea000000| Untracked 
| 161|0x00000000ea100000, 0x00000000ea100000, 0x00000000ea200000|  0%| F|  |TAMS 0x00000000ea100000, 0x00000000ea100000| Untracked 
| 162|0x00000000ea200000, 0x00000000ea200000, 0x00000000ea300000|  0%| F|  |TAMS 0x00000000ea200000, 0x00000000ea200000| Untracked 
| 163|0x00000000ea300000, 0x00000000ea300000, 0x00000000ea400000|  0%| F|  |TAMS 0x00000000ea300000, 0x00000000ea300000| Untracked 
| 164|0x00000000ea400000, 0x00000000ea400000, 0x00000000ea500000|  0%| F|  |TAMS 0x00000000ea400000, 0x00000000ea400000| Untracked 
| 165|0x00000000ea500000, 0x00000000ea500000, 0x00000000ea600000|  0%| F|  |TAMS 0x00000000ea500000, 0x00000000ea500000| Untracked 
| 166|0x00000000ea600000, 0x00000000ea600000, 0x00000000ea700000|  0%| F|  |TAMS 0x00000000ea600000, 0x00000000ea600000| Untracked 
| 167|0x00000000ea700000, 0x00000000ea700000, 0x00000000ea800000|  0%| F|  |TAMS 0x00000000ea700000, 0x00000000ea700000| Untracked 
| 168|0x00000000ea800000, 0x00000000ea800000, 0x00000000ea900000|  0%| F|  |TAMS 0x00000000ea800000, 0x00000000ea800000| Untracked 
| 169|0x00000000ea900000, 0x00000000ea900000, 0x00000000eaa00000|  0%| F|  |TAMS 0x00000000ea900000, 0x00000000ea900000| Untracked 
| 170|0x00000000eaa00000, 0x00000000eaa00000, 0x00000000eab00000|  0%| F|  |TAMS 0x00000000eaa00000, 0x00000000eaa00000| Untracked 
| 171|0x00000000eab00000, 0x00000000eab00000, 0x00000000eac00000|  0%| F|  |TAMS 0x00000000eab00000, 0x00000000eab00000| Untracked 
| 172|0x00000000eac00000, 0x00000000eac00000, 0x00000000ead00000|  0%| F|  |TAMS 0x00000000eac00000, 0x00000000eac00000| Untracked 
| 173|0x00000000ead00000, 0x00000000ead00000, 0x00000000eae00000|  0%| F|  |TAMS 0x00000000ead00000, 0x00000000ead00000| Untracked 
| 174|0x00000000eae00000, 0x00000000eae00000, 0x00000000eaf00000|  0%| F|  |TAMS 0x00000000eae00000, 0x00000000eae00000| Untracked 
| 175|0x00000000eaf00000, 0x00000000eaf00000, 0x00000000eb000000|  0%| F|  |TAMS 0x00000000eaf00000, 0x00000000eaf00000| Untracked 
| 176|0x00000000eb000000, 0x00000000eb000000, 0x00000000eb100000|  0%| F|  |TAMS 0x00000000eb000000, 0x00000000eb000000| Untracked 
| 177|0x00000000eb100000, 0x00000000eb100000, 0x00000000eb200000|  0%| F|  |TAMS 0x00000000eb100000, 0x00000000eb100000| Untracked 
| 178|0x00000000eb200000, 0x00000000eb200000, 0x00000000eb300000|  0%| F|  |TAMS 0x00000000eb200000, 0x00000000eb200000| Untracked 
| 179|0x00000000eb300000, 0x00000000eb300000, 0x00000000eb400000|  0%| F|  |TAMS 0x00000000eb300000, 0x00000000eb300000| Untracked 
| 180|0x00000000eb400000, 0x00000000eb400000, 0x00000000eb500000|  0%| F|  |TAMS 0x00000000eb400000, 0x00000000eb400000| Untracked 
| 181|0x00000000eb500000, 0x00000000eb500000, 0x00000000eb600000|  0%| F|  |TAMS 0x00000000eb500000, 0x00000000eb500000| Untracked 
| 182|0x00000000eb600000, 0x00000000eb600000, 0x00000000eb700000|  0%| F|  |TAMS 0x00000000eb600000, 0x00000000eb600000| Untracked 
| 183|0x00000000eb700000, 0x00000000eb700000, 0x00000000eb800000|  0%| F|  |TAMS 0x00000000eb700000, 0x00000000eb700000| Untracked 
| 184|0x00000000eb800000, 0x00000000eb800000, 0x00000000eb900000|  0%| F|  |TAMS 0x00000000eb800000, 0x00000000eb800000| Untracked 
| 185|0x00000000eb900000, 0x00000000eb900000, 0x00000000eba00000|  0%| F|  |TAMS 0x00000000eb900000, 0x00000000eb900000| Untracked 
| 186|0x00000000eba00000, 0x00000000eba00000, 0x00000000ebb00000|  0%| F|  |TAMS 0x00000000eba00000, 0x00000000eba00000| Untracked 
| 187|0x00000000ebb00000, 0x00000000ebb00000, 0x00000000ebc00000|  0%| F|  |TAMS 0x00000000ebb00000, 0x00000000ebb00000| Untracked 
| 188|0x00000000ebc00000, 0x00000000ebc00000, 0x00000000ebd00000|  0%| F|  |TAMS 0x00000000ebc00000, 0x00000000ebc00000| Untracked 
| 189|0x00000000ebd00000, 0x00000000ebd00000, 0x00000000ebe00000|  0%| F|  |TAMS 0x00000000ebd00000, 0x00000000ebd00000| Untracked 
| 190|0x00000000ebe00000, 0x00000000ebe00000, 0x00000000ebf00000|  0%| F|  |TAMS 0x00000000ebe00000, 0x00000000ebe00000| Untracked 
| 191|0x00000000ebf00000, 0x00000000ebf00000, 0x00000000ec000000|  0%| F|  |TAMS 0x00000000ebf00000, 0x00000000ebf00000| Untracked 
| 192|0x00000000ec000000, 0x00000000ec000000, 0x00000000ec100000|  0%| F|  |TAMS 0x00000000ec000000, 0x00000000ec000000| Untracked 
| 193|0x00000000ec100000, 0x00000000ec100000, 0x00000000ec200000|  0%| F|  |TAMS 0x00000000ec100000, 0x00000000ec100000| Untracked 
| 194|0x00000000ec200000, 0x00000000ec200000, 0x00000000ec300000|  0%| F|  |TAMS 0x00000000ec200000, 0x00000000ec200000| Untracked 
| 195|0x00000000ec300000, 0x00000000ec300000, 0x00000000ec400000|  0%| F|  |TAMS 0x00000000ec300000, 0x00000000ec300000| Untracked 
| 196|0x00000000ec400000, 0x00000000ec400000, 0x00000000ec500000|  0%| F|  |TAMS 0x00000000ec400000, 0x00000000ec400000| Untracked 
| 197|0x00000000ec500000, 0x00000000ec500000, 0x00000000ec600000|  0%| F|  |TAMS 0x00000000ec500000, 0x00000000ec500000| Untracked 
| 198|0x00000000ec600000, 0x00000000ec600000, 0x00000000ec700000|  0%| F|  |TAMS 0x00000000ec600000, 0x00000000ec600000| Untracked 
| 199|0x00000000ec700000, 0x00000000ec700000, 0x00000000ec800000|  0%| F|  |TAMS 0x00000000ec700000, 0x00000000ec700000| Untracked 
| 200|0x00000000ec800000, 0x00000000ec800000, 0x00000000ec900000|  0%| F|  |TAMS 0x00000000ec800000, 0x00000000ec800000| Untracked 
| 201|0x00000000ec900000, 0x00000000ec900000, 0x00000000eca00000|  0%| F|  |TAMS 0x00000000ec900000, 0x00000000ec900000| Untracked 
| 202|0x00000000eca00000, 0x00000000eca00000, 0x00000000ecb00000|  0%| F|  |TAMS 0x00000000eca00000, 0x00000000eca00000| Untracked 
| 203|0x00000000ecb00000, 0x00000000ecb00000, 0x00000000ecc00000|  0%| F|  |TAMS 0x00000000ecb00000, 0x00000000ecb00000| Untracked 
| 204|0x00000000ecc00000, 0x00000000ecc00000, 0x00000000ecd00000|  0%| F|  |TAMS 0x00000000ecc00000, 0x00000000ecc00000| Untracked 
| 205|0x00000000ecd00000, 0x00000000ecd00000, 0x00000000ece00000|  0%| F|  |TAMS 0x00000000ecd00000, 0x00000000ecd00000| Untracked 
| 206|0x00000000ece00000, 0x00000000ece00000, 0x00000000ecf00000|  0%| F|  |TAMS 0x00000000ece00000, 0x00000000ece00000| Untracked 
| 207|0x00000000ecf00000, 0x00000000ecf00000, 0x00000000ed000000|  0%| F|  |TAMS 0x00000000ecf00000, 0x00000000ecf00000| Untracked 
| 208|0x00000000ed000000, 0x00000000ed000000, 0x00000000ed100000|  0%| F|  |TAMS 0x00000000ed000000, 0x00000000ed000000| Untracked 
| 209|0x00000000ed100000, 0x00000000ed100000, 0x00000000ed200000|  0%| F|  |TAMS 0x00000000ed100000, 0x00000000ed100000| Untracked 
| 210|0x00000000ed200000, 0x00000000ed200000, 0x00000000ed300000|  0%| F|  |TAMS 0x00000000ed200000, 0x00000000ed200000| Untracked 
| 211|0x00000000ed300000, 0x00000000ed300000, 0x00000000ed400000|  0%| F|  |TAMS 0x00000000ed300000, 0x00000000ed300000| Untracked 
| 212|0x00000000ed400000, 0x00000000ed400000, 0x00000000ed500000|  0%| F|  |TAMS 0x00000000ed400000, 0x00000000ed400000| Untracked 
| 213|0x00000000ed500000, 0x00000000ed500000, 0x00000000ed600000|  0%| F|  |TAMS 0x00000000ed500000, 0x00000000ed500000| Untracked 
| 214|0x00000000ed600000, 0x00000000ed600000, 0x00000000ed700000|  0%| F|  |TAMS 0x00000000ed600000, 0x00000000ed600000| Untracked 
| 215|0x00000000ed700000, 0x00000000ed700000, 0x00000000ed800000|  0%| F|  |TAMS 0x00000000ed700000, 0x00000000ed700000| Untracked 
| 216|0x00000000ed800000, 0x00000000ed800000, 0x00000000ed900000|  0%| F|  |TAMS 0x00000000ed800000, 0x00000000ed800000| Untracked 
| 217|0x00000000ed900000, 0x00000000ed900000, 0x00000000eda00000|  0%| F|  |TAMS 0x00000000ed900000, 0x00000000ed900000| Untracked 
| 218|0x00000000eda00000, 0x00000000eda00000, 0x00000000edb00000|  0%| F|  |TAMS 0x00000000eda00000, 0x00000000eda00000| Untracked 
| 219|0x00000000edb00000, 0x00000000edb00000, 0x00000000edc00000|  0%| F|  |TAMS 0x00000000edb00000, 0x00000000edb00000| Untracked 
| 220|0x00000000edc00000, 0x00000000edc00000, 0x00000000edd00000|  0%| F|  |TAMS 0x00000000edc00000, 0x00000000edc00000| Untracked 
| 221|0x00000000edd00000, 0x00000000edd00000, 0x00000000ede00000|  0%| F|  |TAMS 0x00000000edd00000, 0x00000000edd00000| Untracked 
| 222|0x00000000ede00000, 0x00000000ede00000, 0x00000000edf00000|  0%| F|  |TAMS 0x00000000ede00000, 0x00000000ede00000| Untracked 
| 223|0x00000000edf00000, 0x00000000edf00000, 0x00000000ee000000|  0%| F|  |TAMS 0x00000000edf00000, 0x00000000edf00000| Untracked 
| 224|0x00000000ee000000, 0x00000000ee000000, 0x00000000ee100000|  0%| F|  |TAMS 0x00000000ee000000, 0x00000000ee000000| Untracked 
| 225|0x00000000ee100000, 0x00000000ee100000, 0x00000000ee200000|  0%| F|  |TAMS 0x00000000ee100000, 0x00000000ee100000| Untracked 
| 226|0x00000000ee200000, 0x00000000ee200000, 0x00000000ee300000|  0%| F|  |TAMS 0x00000000ee200000, 0x00000000ee200000| Untracked 
| 227|0x00000000ee300000, 0x00000000ee300000, 0x00000000ee400000|  0%| F|  |TAMS 0x00000000ee300000, 0x00000000ee300000| Untracked 
| 228|0x00000000ee400000, 0x00000000ee400000, 0x00000000ee500000|  0%| F|  |TAMS 0x00000000ee400000, 0x00000000ee400000| Untracked 
| 229|0x00000000ee500000, 0x00000000ee500000, 0x00000000ee600000|  0%| F|  |TAMS 0x00000000ee500000, 0x00000000ee500000| Untracked 
| 230|0x00000000ee600000, 0x00000000ee600000, 0x00000000ee700000|  0%| F|  |TAMS 0x00000000ee600000, 0x00000000ee600000| Untracked 
| 231|0x00000000ee700000, 0x00000000ee700000, 0x00000000ee800000|  0%| F|  |TAMS 0x00000000ee700000, 0x00000000ee700000| Untracked 
| 232|0x00000000ee800000, 0x00000000ee800000, 0x00000000ee900000|  0%| F|  |TAMS 0x00000000ee800000, 0x00000000ee800000| Untracked 
| 233|0x00000000ee900000, 0x00000000ee900000, 0x00000000eea00000|  0%| F|  |TAMS 0x00000000ee900000, 0x00000000ee900000| Untracked 
| 234|0x00000000eea00000, 0x00000000eea00000, 0x00000000eeb00000|  0%| F|  |TAMS 0x00000000eea00000, 0x00000000eea00000| Untracked 
| 235|0x00000000eeb00000, 0x00000000eeb00000, 0x00000000eec00000|  0%| F|  |TAMS 0x00000000eeb00000, 0x00000000eeb00000| Untracked 
| 236|0x00000000eec00000, 0x00000000eec00000, 0x00000000eed00000|  0%| F|  |TAMS 0x00000000eec00000, 0x00000000eec00000| Untracked 
| 237|0x00000000eed00000, 0x00000000eed00000, 0x00000000eee00000|  0%| F|  |TAMS 0x00000000eed00000, 0x00000000eed00000| Untracked 
| 238|0x00000000eee00000, 0x00000000eee00000, 0x00000000eef00000|  0%| F|  |TAMS 0x00000000eee00000, 0x00000000eee00000| Untracked 
| 239|0x00000000eef00000, 0x00000000eef00000, 0x00000000ef000000|  0%| F|  |TAMS 0x00000000eef00000, 0x00000000eef00000| Untracked 
| 240|0x00000000ef000000, 0x00000000ef000000, 0x00000000ef100000|  0%| F|  |TAMS 0x00000000ef000000, 0x00000000ef000000| Untracked 
| 241|0x00000000ef100000, 0x00000000ef100000, 0x00000000ef200000|  0%| F|  |TAMS 0x00000000ef100000, 0x00000000ef100000| Untracked 
| 242|0x00000000ef200000, 0x00000000ef200000, 0x00000000ef300000|  0%| F|  |TAMS 0x00000000ef200000, 0x00000000ef200000| Untracked 
| 243|0x00000000ef300000, 0x00000000ef300000, 0x00000000ef400000|  0%| F|  |TAMS 0x00000000ef300000, 0x00000000ef300000| Untracked 
| 244|0x00000000ef400000, 0x00000000ef400000, 0x00000000ef500000|  0%| F|  |TAMS 0x00000000ef400000, 0x00000000ef400000| Untracked 
| 245|0x00000000ef500000, 0x00000000ef500000, 0x00000000ef600000|  0%| F|  |TAMS 0x00000000ef500000, 0x00000000ef500000| Untracked 
| 246|0x00000000ef600000, 0x00000000ef600000, 0x00000000ef700000|  0%| F|  |TAMS 0x00000000ef600000, 0x00000000ef600000| Untracked 
| 247|0x00000000ef700000, 0x00000000ef700000, 0x00000000ef800000|  0%| F|  |TAMS 0x00000000ef700000, 0x00000000ef700000| Untracked 
| 248|0x00000000ef800000, 0x00000000ef800000, 0x00000000ef900000|  0%| F|  |TAMS 0x00000000ef800000, 0x00000000ef800000| Untracked 
| 249|0x00000000ef900000, 0x00000000ef900000, 0x00000000efa00000|  0%| F|  |TAMS 0x00000000ef900000, 0x00000000ef900000| Untracked 
| 250|0x00000000efa00000, 0x00000000efb00000, 0x00000000efb00000|100%| E|  |TAMS 0x00000000efa00000, 0x00000000efa00000| Complete 
| 251|0x00000000efb00000, 0x00000000efc00000, 0x00000000efc00000|100%| E|CS|TAMS 0x00000000efb00000, 0x00000000efb00000| Complete 
| 252|0x00000000efc00000, 0x00000000efd00000, 0x00000000efd00000|100%| E|CS|TAMS 0x00000000efc00000, 0x00000000efc00000| Complete 
| 253|0x00000000efd00000, 0x00000000efd74c30, 0x00000000efe00000| 45%| S|CS|TAMS 0x00000000efd00000, 0x00000000efd00000| Complete 
| 254|0x00000000efe00000, 0x00000000eff00000, 0x00000000eff00000|100%| S|CS|TAMS 0x00000000efe00000, 0x00000000efe00000| Complete 
| 255|0x00000000eff00000, 0x00000000f0000000, 0x00000000f0000000|100%| E|CS|TAMS 0x00000000eff00000, 0x00000000eff00000| Complete 

Card table byte_map: [0x000001e371360000,0x000001e371460000] _byte_map_base: 0x000001e370c60000

Marking Bits (Prev, Next): (CMBitMap*) 0x000001e36985b240, (CMBitMap*) 0x000001e36985b280
 Prev Bits: [0x000001e371560000, 0x000001e371d60000)
 Next Bits: [0x000001e371d60000, 0x000001e372560000)

Polling page: 0x000001e368ff0000

Metaspace:

Usage:
  Non-class:     42.39 MB used.
      Class:      7.04 MB used.
       Both:     49.42 MB used.

Virtual space:
  Non-class space:       64.00 MB reserved,      42.69 MB ( 67%) committed,  1 nodes.
      Class space:      320.00 MB reserved,       7.25 MB (  2%) committed,  1 nodes.
             Both:      384.00 MB reserved,      49.94 MB ( 13%) committed. 

Chunk freelists:
   Non-Class:  4.91 MB
       Class:  8.75 MB
        Both:  13.67 MB

MaxMetaspaceSize: 384.00 MB
CompressedClassSpaceSize: 320.00 MB
Initial GC threshold: 21.00 MB
Current GC threshold: 58.69 MB
CDS: on
MetaspaceReclaimPolicy: balanced
 - commit_granule_bytes: 65536.
 - commit_granule_words: 8192.
 - virtual_space_node_default_size: 8388608.
 - enlarge_chunks_in_place: 1.
 - new_chunks_are_fully_committed: 0.
 - uncommit_free_chunks: 1.
 - use_allocation_guard: 0.
 - handle_deallocations: 1.


Internal statistics:

num_allocs_failed_limit: 6.
num_arena_births: 584.
num_arena_deaths: 0.
num_vsnodes_births: 2.
num_vsnodes_deaths: 0.
num_space_committed: 799.
num_space_uncommitted: 0.
num_chunks_returned_to_freelist: 6.
num_chunks_taken_from_freelist: 2676.
num_chunk_merges: 6.
num_chunk_splits: 1734.
num_chunks_enlarged: 1143.
num_inconsistent_stats: 0.

CodeHeap 'non-profiled nmethods': size=120000Kb used=3848Kb max_used=3848Kb free=116152Kb
 bounds [0x000001e307ad0000, 0x000001e307ea0000, 0x000001e30f000000]
CodeHeap 'profiled nmethods': size=120000Kb used=11787Kb max_used=11787Kb free=108212Kb
 bounds [0x000001e300000000, 0x000001e300b90000, 0x000001e307530000]
CodeHeap 'non-nmethods': size=5760Kb used=2331Kb max_used=2413Kb free=3428Kb
 bounds [0x000001e307530000, 0x000001e3077a0000, 0x000001e307ad0000]
 total_blobs=6830 nmethods=5982 adapters=760
 compilation: enabled
              stopped_count=0, restarted_count=0
 full_count=0

Compilation events (20 events):
Event: 208.696 Thread 0x000001e374b58bc0 nmethod 6771 0x000001e300b77a90 code [0x000001e300b77c40, 0x000001e300b77dd8]
Event: 208.720 Thread 0x000001e374b55d00 6772       4       groovy.lang.MetaMethod::isStatic (16 bytes)
Event: 208.721 Thread 0x000001e374b55d00 nmethod 6772 0x000001e307e83e90 code [0x000001e307e84000, 0x000001e307e84098]
Event: 208.768 Thread 0x000001e374b58bc0 6773       3       jdk.internal.loader.URLClassPath$JarLoader::validIndex (94 bytes)
Event: 208.783 Thread 0x000001e374b58bc0 nmethod 6773 0x000001e300b77f10 code [0x000001e300b78200, 0x000001e300b79148]
Event: 208.852 Thread 0x000001e374b58bc0 6774       3       java.util.HashMap::valuesToArray (81 bytes)
Event: 208.853 Thread 0x000001e374b58bc0 nmethod 6774 0x000001e300b79690 code [0x000001e300b79860, 0x000001e300b79d18]
Event: 208.913 Thread 0x000001e374b55d00 6775       4       java.beans.Introspector::addMethod (196 bytes)
Event: 208.932 Thread 0x000001e374b58bc0 6777       1       org.codehaus.groovy.runtime.metaclass.MetaClassRegistryImpl::getMetaClassCreationHandler (5 bytes)
Event: 208.936 Thread 0x000001e374b58bc0 nmethod 6777 0x000001e307e84190 code [0x000001e307e84320, 0x000001e307e843f8]
Event: 209.446 Thread 0x000001e374b55d00 nmethod 6775 0x000001e307e84490 code [0x000001e307e84aa0, 0x000001e307e8d2a0]
Event: 209.447 Thread 0x000001e374b55d00 6776       4       groovy.lang.MetaClassImpl::filterPropertyMethod (305 bytes)
Event: 209.465 Thread 0x000001e374b55d00 nmethod 6776 0x000001e307e90910 code [0x000001e307e90b40, 0x000001e307e91350]
Event: 210.236 Thread 0x000001e374b55d00 6778       4       jdk.internal.misc.InnocuousThread::eraseThreadLocals (23 bytes)
Event: 210.238 Thread 0x000001e374b55d00 nmethod 6778 0x000001e307e91a10 code [0x000001e307e91b80, 0x000001e307e91cb8]
Event: 216.663 Thread 0x000001e374b58bc0 6779       3       groovy.lang.MetaClassImpl::filterPropertyMethod (305 bytes)
Event: 216.665 Thread 0x000001e374b58bc0 nmethod 6779 0x000001e300b79f10 code [0x000001e300b7a240, 0x000001e300b7bd08]
Event: 216.714 Thread 0x000001e374b58bc0 6780       3       java.lang.Module::isExported (15 bytes)
Event: 216.715 Thread 0x000001e374b58bc0 nmethod 6780 0x000001e300b7c310 code [0x000001e300b7c4e0, 0x000001e300b7c798]
Event: 216.718 Thread 0x000001e374b55d00 6781   !   4       java.util.regex.Pattern::closure (276 bytes)

GC Heap History (16 events):
Event: 10.961 GC heap before
{Heap before GC invocations=0 (full 0):
 garbage-first heap   total 262144K, used 13312K [0x00000000e0000000, 0x0000000100000000)
  region size 1024K, 13 young (13312K), 0 survivors (0K)
 Metaspace       used 810K, committed 896K, reserved 393216K
  class space    used 66K, committed 128K, reserved 327680K
}
Event: 10.964 GC heap after
{Heap after GC invocations=1 (full 0):
 garbage-first heap   total 262144K, used 1408K [0x00000000e0000000, 0x0000000100000000)
  region size 1024K, 2 young (2048K), 2 survivors (2048K)
 Metaspace       used 810K, committed 896K, reserved 393216K
  class space    used 66K, committed 128K, reserved 327680K
}
Event: 23.114 GC heap before
{Heap before GC invocations=1 (full 0):
 garbage-first heap   total 262144K, used 22912K [0x00000000e0000000, 0x0000000100000000)
  region size 1024K, 20 young (20480K), 2 survivors (2048K)
 Metaspace       used 2905K, committed 3008K, reserved 393216K
  class space    used 333K, committed 384K, reserved 327680K
}
Event: 23.120 GC heap after
{Heap after GC invocations=2 (full 0):
 garbage-first heap   total 262144K, used 10924K [0x00000000e0000000, 0x0000000100000000)
  region size 1024K, 3 young (3072K), 3 survivors (3072K)
 Metaspace       used 2905K, committed 3008K, reserved 393216K
  class space    used 333K, committed 384K, reserved 327680K
}
Event: 94.209 GC heap before
{Heap before GC invocations=2 (full 0):
 garbage-first heap   total 262144K, used 166572K [0x00000000e0000000, 0x0000000100000000)
  region size 1024K, 153 young (156672K), 3 survivors (3072K)
 Metaspace       used 18958K, committed 19328K, reserved 393216K
  class space    used 2743K, committed 2944K, reserved 327680K
}
Event: 94.325 GC heap after
{Heap after GC invocations=3 (full 0):
 garbage-first heap   total 262144K, used 22928K [0x00000000e0000000, 0x0000000100000000)
  region size 1024K, 14 young (14336K), 14 survivors (14336K)
 Metaspace       used 18958K, committed 19328K, reserved 393216K
  class space    used 2743K, committed 2944K, reserved 327680K
}
Event: 99.436 GC heap before
{Heap before GC invocations=3 (full 0):
 garbage-first heap   total 262144K, used 41360K [0x00000000e0000000, 0x0000000100000000)
  region size 1024K, 33 young (33792K), 14 survivors (14336K)
 Metaspace       used 21179K, committed 21504K, reserved 393216K
  class space    used 3073K, committed 3264K, reserved 327680K
}
Event: 99.475 GC heap after
{Heap after GC invocations=4 (full 0):
 garbage-first heap   total 262144K, used 24510K [0x00000000e0000000, 0x0000000100000000)
  region size 1024K, 2 young (2048K), 2 survivors (2048K)
 Metaspace       used 21179K, committed 21504K, reserved 393216K
  class space    used 3073K, committed 3264K, reserved 327680K
}
Event: 145.362 GC heap before
{Heap before GC invocations=5 (full 0):
 garbage-first heap   total 262144K, used 144318K [0x00000000e0000000, 0x0000000100000000)
  region size 1024K, 116 young (118784K), 2 survivors (2048K)
 Metaspace       used 35586K, committed 35968K, reserved 393216K
  class space    used 4941K, committed 5120K, reserved 327680K
}
Event: 145.544 GC heap after
{Heap after GC invocations=6 (full 0):
 garbage-first heap   total 262144K, used 32364K [0x00000000e0000000, 0x0000000100000000)
  region size 1024K, 10 young (10240K), 10 survivors (10240K)
 Metaspace       used 35586K, committed 35968K, reserved 393216K
  class space    used 4941K, committed 5120K, reserved 327680K
}
Event: 148.835 GC heap before
{Heap before GC invocations=7 (full 0):
 garbage-first heap   total 262144K, used 66156K [0x00000000e0000000, 0x0000000100000000)
  region size 1024K, 42 young (43008K), 10 survivors (10240K)
 Metaspace       used 39670K, committed 40064K, reserved 393216K
  class space    used 5474K, committed 5632K, reserved 327680K
}
Event: 148.856 GC heap after
{Heap after GC invocations=8 (full 0):
 garbage-first heap   total 262144K, used 33792K [0x00000000e0000000, 0x0000000100000000)
  region size 1024K, 2 young (2048K), 2 survivors (2048K)
 Metaspace       used 39670K, committed 40064K, reserved 393216K
  class space    used 5474K, committed 5632K, reserved 327680K
}
Event: 209.634 GC heap before
{Heap before GC invocations=8 (full 0):
 garbage-first heap   total 262144K, used 188416K [0x00000000e0000000, 0x0000000100000000)
  region size 1024K, 153 young (156672K), 2 survivors (2048K)
 Metaspace       used 50584K, committed 51136K, reserved 393216K
  class space    used 7198K, committed 7424K, reserved 327680K
}
Event: 210.216 GC heap after
{Heap after GC invocations=9 (full 0):
 garbage-first heap   total 262144K, used 44032K [0x00000000e0000000, 0x0000000100000000)
  region size 1024K, 12 young (12288K), 12 survivors (12288K)
 Metaspace       used 50584K, committed 51136K, reserved 393216K
  class space    used 7198K, committed 7424K, reserved 327680K
}
Event: 216.591 GC heap before
{Heap before GC invocations=9 (full 0):
 garbage-first heap   total 262144K, used 45056K [0x00000000e0000000, 0x0000000100000000)
  region size 1024K, 13 young (13312K), 12 survivors (12288K)
 Metaspace       used 50584K, committed 51136K, reserved 393216K
  class space    used 7198K, committed 7424K, reserved 327680K
}
Event: 216.643 GC heap after
{Heap after GC invocations=10 (full 0):
 garbage-first heap   total 262144K, used 45610K [0x00000000e0000000, 0x0000000100000000)
  region size 1024K, 2 young (2048K), 2 survivors (2048K)
 Metaspace       used 50584K, committed 51136K, reserved 393216K
  class space    used 7198K, committed 7424K, reserved 327680K
}

Dll operation events (15 events):
Event: 0.121 Loaded shared library C:\ssafy\0.tool\1.jdk\bin\java.dll
Event: 0.255 Loaded shared library C:\ssafy\0.tool\1.jdk\bin\jsvml.dll
Event: 0.382 Loaded shared library C:\ssafy\0.tool\1.jdk\bin\zip.dll
Event: 0.397 Loaded shared library C:\ssafy\0.tool\1.jdk\bin\instrument.dll
Event: 0.406 Loaded shared library C:\ssafy\0.tool\1.jdk\bin\net.dll
Event: 0.423 Loaded shared library C:\ssafy\0.tool\1.jdk\bin\nio.dll
Event: 0.476 Loaded shared library C:\ssafy\0.tool\1.jdk\bin\zip.dll
Event: 13.704 Loaded shared library C:\ssafy\0.tool\1.jdk\bin\jimage.dll
Event: 22.510 Loaded shared library C:\ssafy\0.tool\1.jdk\bin\verify.dll
Event: 22.935 Loaded shared library C:\Users\Sangha\.gradle\native\c067742578af261105cb4f569cf0c3c89f3d7b1fecec35dd04571415982c5e48\windows-amd64\native-platform.dll
Event: 22.963 Loaded shared library C:\Users\Sangha\.gradle\native\100fb08df4bc3b14c8652ba06237920a3bd2aa13389f12d3474272988ae205f9\windows-amd64\native-platform-file-events.dll
Event: 64.107 Loaded shared library C:\ssafy\0.tool\1.jdk\bin\management.dll
Event: 64.127 Loaded shared library C:\ssafy\0.tool\1.jdk\bin\management_ext.dll
Event: 64.804 Loaded shared library C:\ssafy\0.tool\1.jdk\bin\extnet.dll
Event: 67.492 Loaded shared library C:\ssafy\0.tool\1.jdk\bin\sunmscapi.dll

Deoptimization events (20 events):
Event: 216.661 Thread 0x000001e3794f7e70 Uncommon trap: trap_request=0xffffff45 fr.pc=0x000001e307e91118 relative=0x00000000000005d8
Event: 216.661 Thread 0x000001e3794f7e70 Uncommon trap: reason=unstable_if action=reinterpret pc=0x000001e307e91118 method=groovy.lang.MetaClassImpl.filterPropertyMethod(Ljava/lang/Object;ZZ)Ljava/lang/Object; @ 187 c2
Event: 216.661 Thread 0x000001e3794f7e70 DEOPT PACKING pc=0x000001e307e91118 sp=0x0000001b09bf8670
Event: 216.661 Thread 0x000001e3794f7e70 DEOPT UNPACKING pc=0x000001e3075869a3 sp=0x0000001b09bf85e8 mode 2
Event: 216.703 Thread 0x000001e37c8b4c60 Uncommon trap: trap_request=0xffffffde fr.pc=0x000001e307d424f0 relative=0x0000000000000390
Event: 216.703 Thread 0x000001e37c8b4c60 Uncommon trap: reason=class_check action=maybe_recompile pc=0x000001e307d424f0 method=java.util.stream.AbstractPipeline.copyIntoWithCancel(Ljava/util/stream/Sink;Ljava/util/Spliterator;)Z @ 32 c2
Event: 216.703 Thread 0x000001e37c8b4c60 DEOPT PACKING pc=0x000001e307d424f0 sp=0x0000001b0b7fe780
Event: 216.703 Thread 0x000001e37c8b4c60 DEOPT UNPACKING pc=0x000001e3075869a3 sp=0x0000001b0b7fe640 mode 2
Event: 216.706 Thread 0x000001e37c8b4c60 Uncommon trap: trap_request=0xffffffde fr.pc=0x000001e307d424f0 relative=0x0000000000000390
Event: 216.706 Thread 0x000001e37c8b4c60 Uncommon trap: reason=class_check action=maybe_recompile pc=0x000001e307d424f0 method=java.util.stream.AbstractPipeline.copyIntoWithCancel(Ljava/util/stream/Sink;Ljava/util/Spliterator;)Z @ 32 c2
Event: 216.706 Thread 0x000001e37c8b4c60 DEOPT PACKING pc=0x000001e307d424f0 sp=0x0000001b0b7fe780
Event: 216.706 Thread 0x000001e37c8b4c60 DEOPT UNPACKING pc=0x000001e3075869a3 sp=0x0000001b0b7fe640 mode 2
Event: 216.706 Thread 0x000001e37c8b4c60 Uncommon trap: trap_request=0xffffffde fr.pc=0x000001e307d424f0 relative=0x0000000000000390
Event: 216.707 Thread 0x000001e37c8b4c60 Uncommon trap: reason=class_check action=maybe_recompile pc=0x000001e307d424f0 method=java.util.stream.AbstractPipeline.copyIntoWithCancel(Ljava/util/stream/Sink;Ljava/util/Spliterator;)Z @ 32 c2
Event: 216.707 Thread 0x000001e37c8b4c60 DEOPT PACKING pc=0x000001e307d424f0 sp=0x0000001b0b7fe780
Event: 216.707 Thread 0x000001e37c8b4c60 DEOPT UNPACKING pc=0x000001e3075869a3 sp=0x0000001b0b7fe640 mode 2
Event: 216.714 Thread 0x000001e37c8b4c60 Uncommon trap: trap_request=0xffffffde fr.pc=0x000001e307e60e34 relative=0x00000000000005f4
Event: 216.714 Thread 0x000001e37c8b4c60 Uncommon trap: reason=class_check action=maybe_recompile pc=0x000001e307e60e34 method=java.lang.Throwable.<init>(Ljava/lang/String;Ljava/lang/Throwable;)V @ 24 c2
Event: 216.715 Thread 0x000001e37c8b4c60 DEOPT PACKING pc=0x000001e307e60e34 sp=0x0000001b0b7ff050
Event: 216.715 Thread 0x000001e37c8b4c60 DEOPT UNPACKING pc=0x000001e3075869a3 sp=0x0000001b0b7ff030 mode 2

Classes unloaded (0 events):
No events

Classes redefined (0 events):
No events

Internal exceptions (20 events):
Event: 206.153 Thread 0x000001e3794f7e70 Exception <a 'java/lang/ClassNotFoundException'{0x00000000e6df7f10}: org/gradle/StartParameterCustomizer> (0x00000000e6df7f10) 
thrown [s\src\hotspot\share\classfile\systemDictionary.cpp, line 256]
Event: 206.370 Thread 0x000001e3794f7e70 Exception <a 'java/lang/ClassNotFoundException'{0x00000000e6c4bd50}: org/gradle/api/internal/StartParameterInternalCustomizer> (0x00000000e6c4bd50) 
thrown [s\src\hotspot\share\classfile\systemDictionary.cpp, line 256]
Event: 206.876 Thread 0x000001e3794f7e70 Exception <a 'java/lang/ClassNotFoundException'{0x00000000e6ccae60}: java/io/FileBeanInfo> (0x00000000e6ccae60) 
thrown [s\src\hotspot\share\classfile\systemDictionary.cpp, line 256]
Event: 206.891 Thread 0x000001e3794f7e70 Exception <a 'java/lang/ClassNotFoundException'{0x00000000e6cd09e8}: java/io/FileCustomizer> (0x00000000e6cd09e8) 
thrown [s\src\hotspot\share\classfile\systemDictionary.cpp, line 256]
Event: 207.205 Thread 0x000001e3794f7e70 Exception <a 'java/lang/ClassNotFoundException'{0x00000000e6b146e8}: groovy/lang/ReferenceBeanInfo> (0x00000000e6b146e8) 
thrown [s\src\hotspot\share\classfile\systemDictionary.cpp, line 256]
Event: 207.305 Thread 0x000001e3794f7e70 Exception <a 'java/lang/ClassNotFoundException'{0x00000000e6b2c6f8}: groovy/lang/ReferenceCustomizer> (0x00000000e6b2c6f8) 
thrown [s\src\hotspot\share\classfile\systemDictionary.cpp, line 256]
Event: 208.454 Thread 0x000001e3794f7e70 Exception <a 'java/lang/ClassNotFoundException'{0x00000000e6a3f1e0}: java/util/TreeSetBeanInfo> (0x00000000e6a3f1e0) 
thrown [s\src\hotspot\share\classfile\systemDictionary.cpp, line 256]
Event: 208.483 Thread 0x000001e3794f7e70 Exception <a 'java/lang/ClassNotFoundException'{0x00000000e6a44ee0}: java/util/AbstractSetBeanInfo> (0x00000000e6a44ee0) 
thrown [s\src\hotspot\share\classfile\systemDictionary.cpp, line 256]
Event: 208.491 Thread 0x000001e3794f7e70 Exception <a 'java/lang/ClassNotFoundException'{0x00000000e6a4ac08}: java/util/AbstractSetCustomizer> (0x00000000e6a4ac08) 
thrown [s\src\hotspot\share\classfile\systemDictionary.cpp, line 256]
Event: 208.520 Thread 0x000001e3794f7e70 Exception <a 'java/lang/ClassNotFoundException'{0x00000000e6a54c70}: java/util/TreeSetCustomizer> (0x00000000e6a54c70) 
thrown [s\src\hotspot\share\classfile\systemDictionary.cpp, line 256]
Event: 208.768 Thread 0x000001e3794f7e70 Exception <a 'java/lang/ClassNotFoundException'{0x00000000e6930bc8}: groovy/lang/GString$1BeanInfo> (0x00000000e6930bc8) 
thrown [s\src\hotspot\share\classfile\systemDictionary.cpp, line 256]
Event: 208.796 Thread 0x000001e3794f7e70 Exception <a 'java/lang/ClassNotFoundException'{0x00000000e6948b68}: groovy/lang/GStringBeanInfo> (0x00000000e6948b68) 
thrown [s\src\hotspot\share\classfile\systemDictionary.cpp, line 256]
Event: 208.850 Thread 0x000001e3794f7e70 Exception <a 'java/lang/ClassNotFoundException'{0x00000000e6960ad0}: groovy/lang/GStringCustomizer> (0x00000000e6960ad0) 
thrown [s\src\hotspot\share\classfile\systemDictionary.cpp, line 256]
Event: 208.909 Thread 0x000001e3794f7e70 Exception <a 'java/lang/ClassNotFoundException'{0x00000000e69831d8}: groovy/lang/GString$1Customizer> (0x00000000e69831d8) 
thrown [s\src\hotspot\share\classfile\systemDictionary.cpp, line 256]
Event: 210.334 Thread 0x000001e3794f7e70 Exception <a 'java/lang/ClassNotFoundException'{0x00000000eff4d540}: org/codehaus/groovy/runtime/GStringImplBeanInfo> (0x00000000eff4d540) 
thrown [s\src\hotspot\share\classfile\systemDictionary.cpp, line 256]
Event: 216.657 Thread 0x000001e3794f7e70 Exception <a 'java/lang/ClassNotFoundException'{0x00000000efc66ec0}: org/codehaus/groovy/runtime/GStringImplCustomizer> (0x00000000efc66ec0) 
thrown [s\src\hotspot\share\classfile\systemDictionary.cpp, line 256]
Event: 216.708 Thread 0x000001e3794f7e70 Exception <a 'java/lang/ClassNotFoundException'{0x00000000efcc5198}: org/gradle/internal/logging/slf4j/OutputEventListenerBackedLoggerBeanInfo> (0x00000000efcc5198) 
thrown [s\src\hotspot\share\classfile\systemDictionary.cpp, line 256]
Event: 216.709 Thread 0x000001e3794f7e70 Exception <a 'java/lang/ClassNotFoundException'{0x00000000efcd00f8}: org/gradle/internal/logging/slf4j/BuildOperationAwareLoggerBeanInfo> (0x00000000efcd00f8) 
thrown [s\src\hotspot\share\classfile\systemDictionary.cpp, line 256]
Event: 216.712 Thread 0x000001e3794f7e70 Exception <a 'java/lang/ClassNotFoundException'{0x00000000efcdb028}: org/gradle/internal/logging/slf4j/BuildOperationAwareLoggerCustomizer> (0x00000000efcdb028) 
thrown [s\src\hotspot\share\classfile\systemDictionary.cpp, line 256]
Event: 216.727 Thread 0x000001e3794f7e70 Exception <a 'java/lang/ClassNotFoundException'{0x00000000efb15a68}: org/gradle/internal/logging/slf4j/OutputEventListenerBackedLoggerCustomizer> (0x00000000efb15a68) 
thrown [s\src\hotspot\share\classfile\systemDictionary.cpp, line 256]

VM Operations (20 events):
Event: 200.600 Executing VM operation: Cleanup
Event: 200.663 Executing VM operation: Cleanup done
Event: 200.664 Executing VM operation: HandshakeAllThreads
Event: 200.674 Executing VM operation: HandshakeAllThreads done
Event: 201.685 Executing VM operation: Cleanup
Event: 201.701 Executing VM operation: Cleanup done
Event: 202.702 Executing VM operation: Cleanup
Event: 202.703 Executing VM operation: Cleanup done
Event: 205.724 Executing VM operation: Cleanup
Event: 205.742 Executing VM operation: Cleanup done
Event: 206.754 Executing VM operation: Cleanup
Event: 206.771 Executing VM operation: Cleanup done
Event: 207.771 Executing VM operation: Cleanup
Event: 207.803 Executing VM operation: Cleanup done
Event: 208.804 Executing VM operation: Cleanup
Event: 208.823 Executing VM operation: Cleanup done
Event: 209.625 Executing VM operation: G1CollectForAllocation
Event: 210.223 Executing VM operation: G1CollectForAllocation done
Event: 210.462 Executing VM operation: G1CollectForAllocation
Event: 216.644 Executing VM operation: G1CollectForAllocation done

Events (20 events):
Event: 206.883 loading class java/io/FileCustomizer
Event: 206.888 loading class java/io/FileCustomizer done
Event: 206.890 loading class java/io/FileCustomizer
Event: 206.890 loading class java/io/FileCustomizer done
Event: 208.444 loading class java/util/TreeSetBeanInfo
Event: 208.448 loading class java/util/TreeSetBeanInfo done
Event: 208.454 loading class java/util/TreeSetBeanInfo
Event: 208.454 loading class java/util/TreeSetBeanInfo done
Event: 208.469 loading class java/util/AbstractSetBeanInfo
Event: 208.474 loading class java/util/AbstractSetBeanInfo done
Event: 208.482 loading class java/util/AbstractSetBeanInfo
Event: 208.482 loading class java/util/AbstractSetBeanInfo done
Event: 208.485 loading class java/util/AbstractSetCustomizer
Event: 208.488 loading class java/util/AbstractSetCustomizer done
Event: 208.491 loading class java/util/AbstractSetCustomizer
Event: 208.491 loading class java/util/AbstractSetCustomizer done
Event: 208.519 loading class java/util/TreeSetCustomizer
Event: 208.519 loading class java/util/TreeSetCustomizer done
Event: 208.520 loading class java/util/TreeSetCustomizer
Event: 208.520 loading class java/util/TreeSetCustomizer done


Dynamic libraries:
0x00007ff77a950000 - 0x00007ff77a95e000 	C:\ssafy\0.tool\1.jdk\bin\java.exe
0x00007ffa45ec0000 - 0x00007ffa460c9000 	C:\WINDOWS\SYSTEM32\ntdll.dll
0x00007ffa44b90000 - 0x00007ffa44c4d000 	C:\WINDOWS\System32\KERNEL32.DLL
0x00007ffa43980000 - 0x00007ffa43d04000 	C:\WINDOWS\System32\KERNELBASE.dll
0x00007ffa433d0000 - 0x00007ffa434e1000 	C:\WINDOWS\System32\ucrtbase.dll
0x00007ffa2ef70000 - 0x00007ffa2ef8b000 	C:\ssafy\0.tool\1.jdk\bin\VCRUNTIME140.dll
0x00007ffa2ef90000 - 0x00007ffa2efa7000 	C:\ssafy\0.tool\1.jdk\bin\jli.dll
0x00007ffa45820000 - 0x00007ffa459cd000 	C:\WINDOWS\System32\USER32.dll
0x00007ffa43600000 - 0x00007ffa43626000 	C:\WINDOWS\System32\win32u.dll
0x00007ffa44d00000 - 0x00007ffa44d2a000 	C:\WINDOWS\System32\GDI32.dll
0x00007ffa43630000 - 0x00007ffa4374e000 	C:\WINDOWS\System32\gdi32full.dll
0x00007ffa434f0000 - 0x00007ffa4358d000 	C:\WINDOWS\System32\msvcp_win.dll
0x00007ffa30710000 - 0x00007ffa309b5000 	C:\WINDOWS\WinSxS\amd64_microsoft.windows.common-controls_6595b64144ccf1df_6.0.22000.120_none_9d947278b86cc467\COMCTL32.dll
0x00007ffa44a70000 - 0x00007ffa44b13000 	C:\WINDOWS\System32\msvcrt.dll
0x00007ffa44650000 - 0x00007ffa44681000 	C:\WINDOWS\System32\IMM32.DLL
0x00007ffa2e6d0000 - 0x00007ffa2e6dc000 	C:\ssafy\0.tool\1.jdk\bin\vcruntime140_1.dll
0x00007ffa22b70000 - 0x00007ffa22bfe000 	C:\ssafy\0.tool\1.jdk\bin\msvcp140.dll
0x00007ff9d9be0000 - 0x00007ff9da845000 	C:\ssafy\0.tool\1.jdk\bin\server\jvm.dll
0x00007ffa44c50000 - 0x00007ffa44cfe000 	C:\WINDOWS\System32\ADVAPI32.dll
0x00007ffa44500000 - 0x00007ffa4459e000 	C:\WINDOWS\System32\sechost.dll
0x00007ffa459d0000 - 0x00007ffa45af1000 	C:\WINDOWS\System32\RPCRT4.dll
0x00007ffa3b300000 - 0x00007ffa3b333000 	C:\WINDOWS\SYSTEM32\WINMM.dll
0x00007ffa2ee70000 - 0x00007ffa2ee7a000 	C:\WINDOWS\SYSTEM32\VERSION.dll
0x00007ffa2e290000 - 0x00007ffa2e299000 	C:\WINDOWS\SYSTEM32\WSOCK32.dll
0x00007ffa44dc0000 - 0x00007ffa44e2f000 	C:\WINDOWS\System32\WS2_32.dll
0x00007ffa43230000 - 0x00007ffa4327d000 	C:\WINDOWS\SYSTEM32\POWRPROF.dll
0x00007ffa43200000 - 0x00007ffa43213000 	C:\WINDOWS\SYSTEM32\UMPDC.dll
0x00007ffa423c0000 - 0x00007ffa423d8000 	C:\WINDOWS\SYSTEM32\kernel.appcore.dll
0x00007ffa2ded0000 - 0x00007ffa2deda000 	C:\ssafy\0.tool\1.jdk\bin\jimage.dll
0x00007ffa40f60000 - 0x00007ffa41181000 	C:\WINDOWS\SYSTEM32\DBGHELP.DLL
0x00007ffa2b370000 - 0x00007ffa2b3a1000 	C:\WINDOWS\SYSTEM32\dbgcore.DLL
0x00007ffa43350000 - 0x00007ffa433cf000 	C:\WINDOWS\System32\bcryptPrimitives.dll
0x00007ffa2bcc0000 - 0x00007ffa2bcce000 	C:\ssafy\0.tool\1.jdk\bin\instrument.dll
0x00007ffa22b40000 - 0x00007ffa22b65000 	C:\ssafy\0.tool\1.jdk\bin\java.dll
0x00007ffa20370000 - 0x00007ffa20447000 	C:\ssafy\0.tool\1.jdk\bin\jsvml.dll
0x00007ffa43d30000 - 0x00007ffa444f5000 	C:\WINDOWS\System32\SHELL32.dll
0x00007ffa41300000 - 0x00007ffa41b62000 	C:\WINDOWS\SYSTEM32\windows.storage.dll
0x00007ffa44690000 - 0x00007ffa44a06000 	C:\WINDOWS\System32\combase.dll
0x00007ffa41190000 - 0x00007ffa412f7000 	C:\WINDOWS\SYSTEM32\wintypes.dll
0x00007ffa44e30000 - 0x00007ffa44f1a000 	C:\WINDOWS\System32\SHCORE.dll
0x00007ffa457c0000 - 0x00007ffa4581d000 	C:\WINDOWS\System32\shlwapi.dll
0x00007ffa43280000 - 0x00007ffa432a5000 	C:\WINDOWS\SYSTEM32\profapi.dll
0x00007ffa24a80000 - 0x00007ffa24a98000 	C:\ssafy\0.tool\1.jdk\bin\zip.dll
0x00007ffa22660000 - 0x00007ffa22679000 	C:\ssafy\0.tool\1.jdk\bin\net.dll
0x00007ffa3e9a0000 - 0x00007ffa3eab4000 	C:\WINDOWS\SYSTEM32\WINHTTP.dll
0x00007ffa42870000 - 0x00007ffa428d7000 	C:\WINDOWS\system32\mswsock.dll
0x00007ffa22640000 - 0x00007ffa22656000 	C:\ssafy\0.tool\1.jdk\bin\nio.dll
0x00007ffa3e830000 - 0x00007ffa3e840000 	C:\ssafy\0.tool\1.jdk\bin\verify.dll
0x00007ffa305d0000 - 0x00007ffa305f7000 	C:\Users\Sangha\.gradle\native\c067742578af261105cb4f569cf0c3c89f3d7b1fecec35dd04571415982c5e48\windows-amd64\native-platform.dll
0x00007ffa08eb0000 - 0x00007ffa08ff4000 	C:\Users\Sangha\.gradle\native\100fb08df4bc3b14c8652ba06237920a3bd2aa13389f12d3474272988ae205f9\windows-amd64\native-platform-file-events.dll
0x00007ffa22b30000 - 0x00007ffa22b3a000 	C:\ssafy\0.tool\1.jdk\bin\management.dll
0x00007ffa22630000 - 0x00007ffa2263b000 	C:\ssafy\0.tool\1.jdk\bin\management_ext.dll
0x00007ffa452a0000 - 0x00007ffa452a8000 	C:\WINDOWS\System32\PSAPI.DLL
0x00007ffa42ab0000 - 0x00007ffa42ac8000 	C:\WINDOWS\SYSTEM32\CRYPTSP.dll
0x00007ffa42320000 - 0x00007ffa42355000 	C:\WINDOWS\system32\rsaenh.dll
0x00007ffa42960000 - 0x00007ffa4298c000 	C:\WINDOWS\SYSTEM32\USERENV.dll
0x00007ffa42c30000 - 0x00007ffa42c57000 	C:\WINDOWS\SYSTEM32\bcrypt.dll
0x00007ffa42ad0000 - 0x00007ffa42adc000 	C:\WINDOWS\SYSTEM32\CRYPTBASE.dll
0x00007ffa41ee0000 - 0x00007ffa41f0d000 	C:\WINDOWS\SYSTEM32\IPHLPAPI.DLL
0x00007ffa44d30000 - 0x00007ffa44d39000 	C:\WINDOWS\System32\NSI.dll
0x00007ffa3be70000 - 0x00007ffa3be89000 	C:\WINDOWS\SYSTEM32\dhcpcsvc6.DLL
0x00007ffa3c830000 - 0x00007ffa3c84e000 	C:\WINDOWS\SYSTEM32\dhcpcsvc.DLL
0x00007ffa41f50000 - 0x00007ffa42037000 	C:\WINDOWS\SYSTEM32\DNSAPI.dll
0x00007ffa22620000 - 0x00007ffa22629000 	C:\ssafy\0.tool\1.jdk\bin\extnet.dll
0x00007ffa22610000 - 0x00007ffa2261e000 	C:\ssafy\0.tool\1.jdk\bin\sunmscapi.dll
0x00007ffa43810000 - 0x00007ffa43972000 	C:\WINDOWS\System32\CRYPT32.dll
0x00007ffa42c00000 - 0x00007ffa42c28000 	C:\WINDOWS\SYSTEM32\ncrypt.dll
0x00007ffa42bc0000 - 0x00007ffa42bf7000 	C:\WINDOWS\SYSTEM32\NTASN1.dll
0x00007ff9e3940000 - 0x00007ff9e3948000 	C:\WINDOWS\system32\wshunix.dll

dbghelp: loaded successfully - version: 4.0.5 - missing functions: none
symbol engine: initialized successfully - sym options: 0x614 - pdb path: .;C:\ssafy\0.tool\1.jdk\bin;C:\WINDOWS\SYSTEM32;C:\WINDOWS\WinSxS\amd64_microsoft.windows.common-controls_6595b64144ccf1df_6.0.22000.120_none_9d947278b86cc467;C:\ssafy\0.tool\1.jdk\bin\server;C:\Users\Sangha\.gradle\native\c067742578af261105cb4f569cf0c3c89f3d7b1fecec35dd04571415982c5e48\windows-amd64;C:\Users\Sangha\.gradle\native\100fb08df4bc3b14c8652ba06237920a3bd2aa13389f12d3474272988ae205f9\windows-amd64

VM Arguments:
jvm_args: --add-opens=java.base/java.util=ALL-UNNAMED --add-opens=java.base/java.lang=ALL-UNNAMED --add-opens=java.base/java.lang.invoke=ALL-UNNAMED --add-opens=java.prefs/java.util.prefs=ALL-UNNAMED --add-exports=jdk.compiler/com.sun.tools.javac.api=ALL-UNNAMED --add-exports=jdk.compiler/com.sun.tools.javac.util=ALL-UNNAMED --add-opens=java.base/java.nio.charset=ALL-UNNAMED --add-opens=java.base/java.net=ALL-UNNAMED --add-opens=java.base/java.util.concurrent.atomic=ALL-UNNAMED -XX:MaxMetaspaceSize=384m -XX:+HeapDumpOnOutOfMemoryError -Xms256m -Xmx512m -Dfile.encoding=UTF-8 -Duser.country=KR -Duser.language=ko -Duser.variant -javaagent:C:\Users\Sangha\.gradle\wrapper\dists\gradle-8.10.2-bin\a04bxjujx95o3nb99gddekhwo\gradle-8.10.2\lib\agents\gradle-instrumentation-agent-8.10.2.jar 
java_command: org.gradle.launcher.daemon.bootstrap.GradleDaemon 8.10.2
java_class_path (initial): C:\Users\Sangha\.gradle\wrapper\dists\gradle-8.10.2-bin\a04bxjujx95o3nb99gddekhwo\gradle-8.10.2\lib\gradle-daemon-main-8.10.2.jar
Launcher Type: SUN_STANDARD

[Global flags]
     intx CICompilerCount                          = 3                                         {product} {ergonomic}
   size_t CompressedClassSpaceSize                 = 335544320                                 {product} {ergonomic}
     uint ConcGCThreads                            = 1                                         {product} {ergonomic}
     uint G1ConcRefinementThreads                  = 4                                         {product} {ergonomic}
   size_t G1HeapRegionSize                         = 1048576                                   {product} {ergonomic}
    uintx GCDrainStackTargetSize                   = 64                                        {product} {ergonomic}
     bool HeapDumpOnOutOfMemoryError               = true                                   {manageable} {command line}
   size_t InitialHeapSize                          = 268435456                                 {product} {command line}
   size_t MarkStackSize                            = 4194304                                   {product} {ergonomic}
   size_t MaxHeapSize                              = 536870912                                 {product} {command line}
   size_t MaxMetaspaceSize                         = 402653184                                 {product} {command line}
   size_t MaxNewSize                               = 321912832                                 {product} {ergonomic}
   size_t MinHeapDeltaBytes                        = 1048576                                   {product} {ergonomic}
   size_t MinHeapSize                              = 268435456                                 {product} {command line}
    uintx NonNMethodCodeHeapSize                   = 5832780                                {pd product} {ergonomic}
    uintx NonProfiledCodeHeapSize                  = 122912730                              {pd product} {ergonomic}
    uintx ProfiledCodeHeapSize                     = 122912730                              {pd product} {ergonomic}
    uintx ReservedCodeCacheSize                    = 251658240                              {pd product} {ergonomic}
     bool SegmentedCodeCache                       = true                                      {product} {ergonomic}
   size_t SoftMaxHeapSize                          = 536870912                              {manageable} {ergonomic}
     bool UseCompressedClassPointers               = true                           {product lp64_product} {ergonomic}
     bool UseCompressedOops                        = true                           {product lp64_product} {ergonomic}
     bool UseG1GC                                  = true                                      {product} {ergonomic}
     bool UseLargePagesIndividualAllocation        = false                                  {pd product} {ergonomic}

Logging:
Log output configuration:
 #0: stdout all=warning uptime,level,tags
 #1: stderr all=off uptime,level,tags

Environment Variables:
JAVA_HOME=C:\ssafy\0.tool\1.jdk
CLASSPATH=C:\ssafy\0.tool\1.jdk\lib
PATH=C:\ssafy\0.tool\1.jdk\bin;C:\Python312\Scripts\;C:\Python312\;C:\Program Files\Python311\Scripts\;C:\Program Files\Python311\;C:\Program Files (x86)\Intel\iCLS Client\;C:\Program Files\Intel\iCLS Client\;C:\WINDOWS\system32;C:\WINDOWS;C:\WINDOWS\System32\Wbem;C:\WINDOWS\System32\WindowsPowerShell\v1.0\;C:\WINDOWS\System32\OpenSSH\;C:\Program Files (x86)\Intel\Intel(R) Management Engine Components\DAL;C:\Program Files\Intel\Intel(R) Management Engine Components\DAL;C:\Program Files (x86)\Intel\Intel(R) Management Engine Components\IPT;C:\Program Files\Intel\Intel(R) Management Engine Components\IPT;C:\Program Files\MATLAB\R2019b\runtime\win64;C:\Program Files\MATLAB\R2019b\bin;C:\Users\Sangha\AppData\Local\Programs\Python\Python39\Scripts;C:\Users\Sangha\AppData\Local\Programs\Python\Python39;C:\Program Files\MATLAB\MATLAB Runtime\v94\runtime\win64;C:\Program Files\Git\cmd;C:\Program Files\nodejs\;C:\ProgramData\chocolatey\bin;C:\Users\Sangha\anaconda3;C:\Users\Sangha\anaconda3\Library\mingw-w64\bin;C:\Users\Sangha\anaconda3\Library\usr\bin;C:\Users\Sangha\anaconda3\Library\bin;C:\Users\Sangha\anaconda3\Scripts;C:\Users\\AppData\Local\Programs\Python\Python37-32\Scripts\;C:\Users\\AppData\Local\Programs\Python\Python37-32\;C:\Users\Sangha\AppData\Local\Microsoft\WindowsApps;C:\Users\Sangha\AppData\Local\Programs\Python\Python39\Scripts;C:\Users\Sangha\AppData\Local\Programs\Microsoft VS Code\bin;C:\Users\Sangha\AppData\Roaming\npm;C:\Users\Sangha\AppData\Local\JetBrains\Toolbox\scripts;
USERNAME=Sangha
OS=Windows_NT
PROCESSOR_IDENTIFIER=Intel64 Family 6 Model 142 Stepping 10, GenuineIntel
TMP=C:\Users\Sangha\AppData\Local\Temp
TEMP=C:\Users\Sangha\AppData\Local\Temp



Periodic native trim disabled


---------------  S Y S T E M  ---------------

OS:
 Windows 11 , 64 bit Build 22000 (10.0.22000.2538)
OS uptime: 2 days 22:51 hours

CPU: total 4 (initial active 4) (2 cores per cpu, 2 threads per core) family 6 model 142 stepping 10 microcode 0xe0, cx8, cmov, fxsr, ht, mmx, 3dnowpref, sse, sse2, sse3, ssse3, sse4.1, sse4.2, popcnt, lzcnt, tsc, tscinvbit, avx, avx2, aes, erms, clmul, bmi1, bmi2, adx, fma, vzeroupper, clflush, clflushopt
Processor Information for all 4 processors :
  Max Mhz: 2208, Current Mhz: 2208, Mhz Limit: 2208

Memory: 4k page, system-wide physical 3929M (100M free)
TotalPageFile size 16217M (AvailPageFile size 0M)
current process WorkingSet (physical memory assigned to process): 160M, peak: 261M
current process commit charge ("private bytes"): 442M, peak: 465M

vm_info: OpenJDK 64-Bit Server VM (17.0.11+12-LTS) for windows-amd64 JRE (17.0.11+12-LTS), built on May 14 2024 14:41:48 by "" with MS VC++ 17.1 (VS2022)

END.
