#
# There is insufficient memory for the Java Runtime Environment to continue.
# Native memory allocation (malloc) failed to allocate 262160 bytes. Error detail: Chunk::new
# Possible reasons:
#   The system is out of physical RAM or swap space
#   This process is running with CompressedOops enabled, and the Java Heap may be blocking the growth of the native heap
# Possible solutions:
#   Reduce memory load on the system
#   Increase physical memory or swap space
#   Check if swap backing store is full
#   Decrease Java heap size (-Xmx/-Xms)
#   Decrease number of Java threads
#   Decrease Java thread stack sizes (-Xss)
#   Set larger code cache with -XX:ReservedCodeCacheSize=
#   JVM is running with Unscaled Compressed Oops mode in which the Java heap is
#     placed in the first 4GB address space. The Java Heap base address is the
#     maximum limit for the native heap growth. Please use -XX:HeapBaseMinAddress
#     to set the Java Heap base and to place the Java Heap above 4GB virtual address.
# This output file may be truncated or incomplete.
#
#  Out of Memory Error (arena.cpp:191), pid=4512, tid=9528
#
# JRE version: OpenJDK Runtime Environment (17.0.11+12) (build 17.0.11+12-LTS)
# Java VM: OpenJDK 64-Bit Server VM (17.0.11+12-LTS, mixed mode, sharing, tiered, compressed oops, compressed class ptrs, g1 gc, windows-amd64)
# No core dump will be written. Minidumps are not enabled by default on client versions of Windows
#

---------------  S U M M A R Y ------------

Command Line: --add-opens=java.base/java.util=ALL-UNNAMED --add-opens=java.base/java.lang=ALL-UNNAMED --add-opens=java.base/java.lang.invoke=ALL-UNNAMED --add-opens=java.prefs/java.util.prefs=ALL-UNNAMED --add-exports=jdk.compiler/com.sun.tools.javac.api=ALL-UNNAMED --add-exports=jdk.compiler/com.sun.tools.javac.util=ALL-UNNAMED --add-opens=java.base/java.nio.charset=ALL-UNNAMED --add-opens=java.base/java.net=ALL-UNNAMED --add-opens=java.base/java.util.concurrent.atomic=ALL-UNNAMED -XX:MaxMetaspaceSize=384m -XX:+HeapDumpOnOutOfMemoryError -Xms256m -Xmx512m -Dfile.encoding=UTF-8 -Duser.country=KR -Duser.language=ko -Duser.variant -javaagent:C:\Users\Sangha\.gradle\wrapper\dists\gradle-8.10.2-bin\a04bxjujx95o3nb99gddekhwo\gradle-8.10.2\lib\agents\gradle-instrumentation-agent-8.10.2.jar org.gradle.launcher.daemon.bootstrap.GradleDaemon 8.10.2

Host: Intel(R) Core(TM) i3-8130U CPU @ 2.20GHz, 4 cores, 3G,  Windows 11 , 64 bit Build 22000 (10.0.22000.2538)
Time: Sun Nov 24 17:52:50 2024  Windows 11 , 64 bit Build 22000 (10.0.22000.2538) elapsed time: 11.453281 seconds (0d 0h 0m 11s)

---------------  T H R E A D  ---------------

Current thread (0x00000284b9d41350):  JavaThread "C2 CompilerThread0" daemon [_thread_in_native, id=9528, stack(0x000000cf42100000,0x000000cf42200000)]


Current CompileTask:
C2:  11453 2414   !   4       java.lang.ClassLoader::loadClass (121 bytes)

Stack: [0x000000cf42100000,0x000000cf42200000]
Native frames: (J=compiled Java code, j=interpreted, Vv=VM code, C=native code)
V  [jvm.dll+0x67c789]
V  [jvm.dll+0x832ce8]
V  [jvm.dll+0x8347ae]
V  [jvm.dll+0x834e13]
V  [jvm.dll+0x24827f]
V  [jvm.dll+0xac344]
V  [jvm.dll+0xac99c]
V  [jvm.dll+0xac454]
V  [jvm.dll+0x6a1c05]
V  [jvm.dll+0x362093]
V  [jvm.dll+0x362862]
V  [jvm.dll+0x2d30dd]
V  [jvm.dll+0x642207]
V  [jvm.dll+0x112fbc]
V  [jvm.dll+0x33feca]
V  [jvm.dll+0x698426]
V  [jvm.dll+0x697722]
V  [jvm.dll+0x692bcb]
V  [jvm.dll+0x68cc96]
V  [jvm.dll+0x68c2e0]
V  [jvm.dll+0x68a1ea]
V  [jvm.dll+0x1a87bc]
V  [jvm.dll+0x2ad2dc]
V  [jvm.dll+0x694cd3]
V  [jvm.dll+0x68cc96]
V  [jvm.dll+0x68c2e0]
V  [jvm.dll+0x68a1ea]
V  [jvm.dll+0x1a87bc]
V  [jvm.dll+0x1a931b]
V  [jvm.dll+0x2ad2dc]
V  [jvm.dll+0x694cd3]
V  [jvm.dll+0x68cc96]
V  [jvm.dll+0x68c2e0]
V  [jvm.dll+0x68a1ea]
V  [jvm.dll+0x1a87bc]
V  [jvm.dll+0x1a931b]
V  [jvm.dll+0x1a931b]
V  [jvm.dll+0x2ad2dc]
V  [jvm.dll+0x694cd3]
V  [jvm.dll+0x68cc96]
V  [jvm.dll+0x68c2e0]
V  [jvm.dll+0x68a1ea]
V  [jvm.dll+0x1a87bc]
V  [jvm.dll+0x1a931b]
V  [jvm.dll+0x2ad2dc]
V  [jvm.dll+0x694cd3]
V  [jvm.dll+0x68cc96]
V  [jvm.dll+0x68c2e0]
V  [jvm.dll+0x68a1ea]
V  [jvm.dll+0x1a87bc]
V  [jvm.dll+0x1a931b]
V  [jvm.dll+0x2ad2dc]
V  [jvm.dll+0x694cd3]
V  [jvm.dll+0x68cc96]
V  [jvm.dll+0x68c2e0]
V  [jvm.dll+0x68a1ea]
V  [jvm.dll+0x1a87bc]
V  [jvm.dll+0x1a931b]
V  [jvm.dll+0x2ad2dc]
V  [jvm.dll+0x694cd3]
V  [jvm.dll+0x68cc96]
V  [jvm.dll+0x68c2e0]
V  [jvm.dll+0x68a1ea]
V  [jvm.dll+0x1a87bc]
V  [jvm.dll+0x1a931b]
V  [jvm.dll+0x2ad2dc]
V  [jvm.dll+0x694cd3]
V  [jvm.dll+0x68cc96]
V  [jvm.dll+0x68c2e0]
V  [jvm.dll+0x68a1ea]
V  [jvm.dll+0x1a87bc]
V  [jvm.dll+0x2ad2dc]
V  [jvm.dll+0x694cd3]
V  [jvm.dll+0x68cc96]
V  [jvm.dll+0x68c2e0]
V  [jvm.dll+0x68a1ea]
V  [jvm.dll+0x1a87bc]
V  [jvm.dll+0x2ad2dc]
V  [jvm.dll+0x694cd3]
V  [jvm.dll+0x68cc96]
V  [jvm.dll+0x68c2e0]
V  [jvm.dll+0x68a1ea]
V  [jvm.dll+0x1a87bc]
V  [jvm.dll+0x1a931b]
V  [jvm.dll+0x1a931b]
V  [jvm.dll+0x2ad2dc]
V  [jvm.dll+0x694cd3]
V  [jvm.dll+0x68cc96]
V  [jvm.dll+0x68c2e0]
V  [jvm.dll+0x68a1ea]
V  [jvm.dll+0x1a87bc]
V  [jvm.dll+0x1a931b]
V  [jvm.dll+0x1a931b]
V  [jvm.dll+0x2ad2dc]
V  [jvm.dll+0x694cd3]
V  [jvm.dll+0x68cc96]
V  [jvm.dll+0x68c2e0]
V  [jvm.dll+0x68a1ea]
V  [jvm.dll+0x1a87bc]
...<more frames>...


---------------  P R O C E S S  ---------------

Threads class SMR info:
_java_thread_list=0x00000284d4a2bf50, length=25, elements={
0x000002849fa2c2b0, 0x00000284b9d1f690, 0x00000284b9d21520, 0x00000284b9d3a350,
0x00000284b9d3ce20, 0x00000284b9d3d7e0, 0x00000284b9d405b0, 0x00000284b9d41350,
0x00000284b9d43e10, 0x00000284b9d93720, 0x00000284b9d07890, 0x00000284d31c0f70,
0x00000284d4846830, 0x00000284d48d6e40, 0x00000284d48d3790, 0x00000284d4930df0,
0x00000284d4932a80, 0x00000284d49ebca0, 0x00000284d49ea350, 0x00000284d49ed0e0,
0x00000284d49ead70, 0x00000284d49ea860, 0x00000284d49e9e40, 0x00000284d49ed5f0,
0x00000284d49eb280
}

Java Threads: ( => current thread )
  0x000002849fa2c2b0 JavaThread "main" [_thread_blocked, id=14488, stack(0x000000cf41400000,0x000000cf41500000)]
  0x00000284b9d1f690 JavaThread "Reference Handler" daemon [_thread_blocked, id=9112, stack(0x000000cf41b00000,0x000000cf41c00000)]
  0x00000284b9d21520 JavaThread "Finalizer" daemon [_thread_blocked, id=7936, stack(0x000000cf41c00000,0x000000cf41d00000)]
  0x00000284b9d3a350 JavaThread "Signal Dispatcher" daemon [_thread_blocked, id=2468, stack(0x000000cf41d00000,0x000000cf41e00000)]
  0x00000284b9d3ce20 JavaThread "Attach Listener" daemon [_thread_blocked, id=20428, stack(0x000000cf41e00000,0x000000cf41f00000)]
  0x00000284b9d3d7e0 JavaThread "Service Thread" daemon [_thread_blocked, id=22128, stack(0x000000cf41f00000,0x000000cf42000000)]
  0x00000284b9d405b0 JavaThread "Monitor Deflation Thread" daemon [_thread_blocked, id=14396, stack(0x000000cf42000000,0x000000cf42100000)]
=>0x00000284b9d41350 JavaThread "C2 CompilerThread0" daemon [_thread_in_native, id=9528, stack(0x000000cf42100000,0x000000cf42200000)]
  0x00000284b9d43e10 JavaThread "C1 CompilerThread0" daemon [_thread_blocked, id=9932, stack(0x000000cf42200000,0x000000cf42300000)]
  0x00000284b9d93720 JavaThread "Sweeper thread" daemon [_thread_blocked, id=21176, stack(0x000000cf42300000,0x000000cf42400000)]
  0x00000284b9d07890 JavaThread "Common-Cleaner" daemon [_thread_blocked, id=18348, stack(0x000000cf42400000,0x000000cf42500000)]
  0x00000284d31c0f70 JavaThread "Notification Thread" daemon [_thread_blocked, id=12252, stack(0x000000cf42500000,0x000000cf42600000)]
  0x00000284d4846830 JavaThread "Daemon health stats" [_thread_blocked, id=3168, stack(0x000000cf42b00000,0x000000cf42c00000)]
  0x00000284d48d6e40 JavaThread "Incoming local TCP Connector on port 4354" [_thread_in_native, id=7312, stack(0x000000cf42c00000,0x000000cf42d00000)]
  0x00000284d48d3790 JavaThread "Daemon periodic checks" [_thread_blocked, id=7736, stack(0x000000cf42d00000,0x000000cf42e00000)]
  0x00000284d4930df0 JavaThread "Daemon" [_thread_blocked, id=21636, stack(0x000000cf42e00000,0x000000cf42f00000)]
  0x00000284d4932a80 JavaThread "Handler for socket connection from /127.0.0.1:4354 to /127.0.0.1:4355" [_thread_in_native, id=4960, stack(0x000000cf42f00000,0x000000cf43000000)]
  0x00000284d49ebca0 JavaThread "Cancel handler" [_thread_blocked, id=2564, stack(0x000000cf43000000,0x000000cf43100000)]
  0x00000284d49ea350 JavaThread "Daemon worker" [_thread_in_native, id=6400, stack(0x000000cf43100000,0x000000cf43200000)]
  0x00000284d49ed0e0 JavaThread "Asynchronous log dispatcher for DefaultDaemonConnection: socket connection from /127.0.0.1:4354 to /127.0.0.1:4355" [_thread_blocked, id=10568, stack(0x000000cf43200000,0x000000cf43300000)]
  0x00000284d49ead70 JavaThread "Stdin handler" [_thread_blocked, id=15420, stack(0x000000cf43300000,0x000000cf43400000)]
  0x00000284d49ea860 JavaThread "Daemon client event forwarder" [_thread_blocked, id=22112, stack(0x000000cf43400000,0x000000cf43500000)]
  0x00000284d49e9e40 JavaThread "Cache worker for journal cache (C:\Users\Sangha\.gradle\caches\journal-1)" [_thread_blocked, id=21696, stack(0x000000cf43500000,0x000000cf43600000)]
  0x00000284d49ed5f0 JavaThread "File lock request listener" [_thread_in_native, id=18336, stack(0x000000cf43600000,0x000000cf43700000)]
  0x00000284d49eb280 JavaThread "Cache worker for file hash cache (C:\Users\Sangha\.gradle\caches\8.10.2\fileHashes)" [_thread_blocked, id=1564, stack(0x000000cf43700000,0x000000cf43800000)]

Other Threads:
  0x00000284b9d18310 VMThread "VM Thread" [stack: 0x000000cf41a00000,0x000000cf41b00000] [id=22712]
  0x00000284d3154520 WatcherThread [stack: 0x000000cf42600000,0x000000cf42700000] [id=22456]
  0x000002849fa5ae60 GCTaskThread "GC Thread#0" [stack: 0x000000cf41500000,0x000000cf41600000] [id=21936]
  0x00000284d323fee0 GCTaskThread "GC Thread#1" [stack: 0x000000cf42700000,0x000000cf42800000] [id=16180]
  0x00000284d32323d0 GCTaskThread "GC Thread#2" [stack: 0x000000cf42800000,0x000000cf42900000] [id=13236]
  0x00000284d3232690 GCTaskThread "GC Thread#3" [stack: 0x000000cf42900000,0x000000cf42a00000] [id=6904]
  0x000002849fa5fdb0 ConcurrentGCThread "G1 Main Marker" [stack: 0x000000cf41600000,0x000000cf41700000] [id=22552]
  0x000002849fa607d0 ConcurrentGCThread "G1 Conc#0" [stack: 0x000000cf41700000,0x000000cf41800000] [id=2388]
  0x000002849faedbc0 ConcurrentGCThread "G1 Refine#0" [stack: 0x000000cf41800000,0x000000cf41900000] [id=16040]
  0x00000284d3a32cb0 ConcurrentGCThread "G1 Refine#1" [stack: 0x000000cf42a00000,0x000000cf42b00000] [id=18700]
  0x000002849faee5f0 ConcurrentGCThread "G1 Service" [stack: 0x000000cf41900000,0x000000cf41a00000] [id=21488]

Threads with active compile tasks:
C2 CompilerThread0    11624 2414   !   4       java.lang.ClassLoader::loadClass (121 bytes)

VM state: not at safepoint (normal execution)

VM Mutex/Monitor currently owned by a thread: None

Heap address: 0x00000000e0000000, size: 512 MB, Compressed Oops mode: 32-bit

CDS archive(s) mapped at: [0x00000284ba000000-0x00000284babb0000-0x00000284babb0000), size 12255232, SharedBaseAddress: 0x00000284ba000000, ArchiveRelocationMode: 1.
Compressed class space mapped at: 0x00000284bb000000-0x00000284cf000000, reserved size: 335544320
Narrow klass base: 0x00000284ba000000, Narrow klass shift: 0, Narrow klass range: 0x100000000

GC Precious Log:
 CPUs: 4 total, 4 available
 Memory: 3929M
 Large Page Support: Disabled
 NUMA Support: Disabled
 Compressed Oops: Enabled (32-bit)
 Heap Region Size: 1M
 Heap Min Capacity: 256M
 Heap Initial Capacity: 256M
 Heap Max Capacity: 512M
 Pre-touch: Disabled
 Parallel Workers: 4
 Concurrent Workers: 1
 Concurrent Refinement Workers: 4
 Periodic GC: Disabled

Heap:
 garbage-first heap   total 262144K, used 129412K [0x00000000e0000000, 0x0000000100000000)
  region size 1024K, 118 young (120832K), 3 survivors (3072K)
 Metaspace       used 14511K, committed 14784K, reserved 393216K
  class space    used 1981K, committed 2112K, reserved 327680K

Heap Regions: E=young(eden), S=young(survivor), O=old, HS=humongous(starts), HC=humongous(continues), CS=collection set, F=free, OA=open archive, CA=closed archive, TAMS=top-at-mark-start (previous, next)
|   0|0x00000000e0000000, 0x00000000e0100000, 0x00000000e0100000|100%|HS|  |TAMS 0x00000000e0000000, 0x00000000e0000000| Complete 
|   1|0x00000000e0100000, 0x00000000e0200000, 0x00000000e0200000|100%|HC|  |TAMS 0x00000000e0100000, 0x00000000e0100000| Complete 
|   2|0x00000000e0200000, 0x00000000e0300000, 0x00000000e0300000|100%|HC|  |TAMS 0x00000000e0200000, 0x00000000e0200000| Complete 
|   3|0x00000000e0300000, 0x00000000e0400000, 0x00000000e0400000|100%|HC|  |TAMS 0x00000000e0300000, 0x00000000e0300000| Complete 
|   4|0x00000000e0400000, 0x00000000e0500000, 0x00000000e0500000|100%| O|  |TAMS 0x00000000e0400000, 0x00000000e0400000| Untracked 
|   5|0x00000000e0500000, 0x00000000e0600000, 0x00000000e0600000|100%| O|  |TAMS 0x00000000e0500000, 0x00000000e0500000| Untracked 
|   6|0x00000000e0600000, 0x00000000e0700000, 0x00000000e0700000|100%| O|  |TAMS 0x00000000e0600000, 0x00000000e0600000| Untracked 
|   7|0x00000000e0700000, 0x00000000e0761200, 0x00000000e0800000| 37%| O|  |TAMS 0x00000000e0700000, 0x00000000e0700000| Untracked 
|   8|0x00000000e0800000, 0x00000000e0900000, 0x00000000e0900000|100%|HS|  |TAMS 0x00000000e0800000, 0x00000000e0800000| Complete 
|   9|0x00000000e0900000, 0x00000000e0a00000, 0x00000000e0a00000|100%|HS|  |TAMS 0x00000000e0900000, 0x00000000e0900000| Complete 
|  10|0x00000000e0a00000, 0x00000000e0a00000, 0x00000000e0b00000|  0%| F|  |TAMS 0x00000000e0a00000, 0x00000000e0a00000| Untracked 
|  11|0x00000000e0b00000, 0x00000000e0b00000, 0x00000000e0c00000|  0%| F|  |TAMS 0x00000000e0b00000, 0x00000000e0b00000| Untracked 
|  12|0x00000000e0c00000, 0x00000000e0c00000, 0x00000000e0d00000|  0%| F|  |TAMS 0x00000000e0c00000, 0x00000000e0c00000| Untracked 
|  13|0x00000000e0d00000, 0x00000000e0d00000, 0x00000000e0e00000|  0%| F|  |TAMS 0x00000000e0d00000, 0x00000000e0d00000| Untracked 
|  14|0x00000000e0e00000, 0x00000000e0e00000, 0x00000000e0f00000|  0%| F|  |TAMS 0x00000000e0e00000, 0x00000000e0e00000| Untracked 
|  15|0x00000000e0f00000, 0x00000000e0f00000, 0x00000000e1000000|  0%| F|  |TAMS 0x00000000e0f00000, 0x00000000e0f00000| Untracked 
|  16|0x00000000e1000000, 0x00000000e1000000, 0x00000000e1100000|  0%| F|  |TAMS 0x00000000e1000000, 0x00000000e1000000| Untracked 
|  17|0x00000000e1100000, 0x00000000e1100000, 0x00000000e1200000|  0%| F|  |TAMS 0x00000000e1100000, 0x00000000e1100000| Untracked 
|  18|0x00000000e1200000, 0x00000000e1200000, 0x00000000e1300000|  0%| F|  |TAMS 0x00000000e1200000, 0x00000000e1200000| Untracked 
|  19|0x00000000e1300000, 0x00000000e1300000, 0x00000000e1400000|  0%| F|  |TAMS 0x00000000e1300000, 0x00000000e1300000| Untracked 
|  20|0x00000000e1400000, 0x00000000e1400000, 0x00000000e1500000|  0%| F|  |TAMS 0x00000000e1400000, 0x00000000e1400000| Untracked 
|  21|0x00000000e1500000, 0x00000000e1500000, 0x00000000e1600000|  0%| F|  |TAMS 0x00000000e1500000, 0x00000000e1500000| Untracked 
|  22|0x00000000e1600000, 0x00000000e1600000, 0x00000000e1700000|  0%| F|  |TAMS 0x00000000e1600000, 0x00000000e1600000| Untracked 
|  23|0x00000000e1700000, 0x00000000e1700000, 0x00000000e1800000|  0%| F|  |TAMS 0x00000000e1700000, 0x00000000e1700000| Untracked 
|  24|0x00000000e1800000, 0x00000000e1800000, 0x00000000e1900000|  0%| F|  |TAMS 0x00000000e1800000, 0x00000000e1800000| Untracked 
|  25|0x00000000e1900000, 0x00000000e1900000, 0x00000000e1a00000|  0%| F|  |TAMS 0x00000000e1900000, 0x00000000e1900000| Untracked 
|  26|0x00000000e1a00000, 0x00000000e1a00000, 0x00000000e1b00000|  0%| F|  |TAMS 0x00000000e1a00000, 0x00000000e1a00000| Untracked 
|  27|0x00000000e1b00000, 0x00000000e1b00000, 0x00000000e1c00000|  0%| F|  |TAMS 0x00000000e1b00000, 0x00000000e1b00000| Untracked 
|  28|0x00000000e1c00000, 0x00000000e1c00000, 0x00000000e1d00000|  0%| F|  |TAMS 0x00000000e1c00000, 0x00000000e1c00000| Untracked 
|  29|0x00000000e1d00000, 0x00000000e1d00000, 0x00000000e1e00000|  0%| F|  |TAMS 0x00000000e1d00000, 0x00000000e1d00000| Untracked 
|  30|0x00000000e1e00000, 0x00000000e1e00000, 0x00000000e1f00000|  0%| F|  |TAMS 0x00000000e1e00000, 0x00000000e1e00000| Untracked 
|  31|0x00000000e1f00000, 0x00000000e1f00000, 0x00000000e2000000|  0%| F|  |TAMS 0x00000000e1f00000, 0x00000000e1f00000| Untracked 
|  32|0x00000000e2000000, 0x00000000e2000000, 0x00000000e2100000|  0%| F|  |TAMS 0x00000000e2000000, 0x00000000e2000000| Untracked 
|  33|0x00000000e2100000, 0x00000000e2100000, 0x00000000e2200000|  0%| F|  |TAMS 0x00000000e2100000, 0x00000000e2100000| Untracked 
|  34|0x00000000e2200000, 0x00000000e2200000, 0x00000000e2300000|  0%| F|  |TAMS 0x00000000e2200000, 0x00000000e2200000| Untracked 
|  35|0x00000000e2300000, 0x00000000e2300000, 0x00000000e2400000|  0%| F|  |TAMS 0x00000000e2300000, 0x00000000e2300000| Untracked 
|  36|0x00000000e2400000, 0x00000000e2400000, 0x00000000e2500000|  0%| F|  |TAMS 0x00000000e2400000, 0x00000000e2400000| Untracked 
|  37|0x00000000e2500000, 0x00000000e2500000, 0x00000000e2600000|  0%| F|  |TAMS 0x00000000e2500000, 0x00000000e2500000| Untracked 
|  38|0x00000000e2600000, 0x00000000e2600000, 0x00000000e2700000|  0%| F|  |TAMS 0x00000000e2600000, 0x00000000e2600000| Untracked 
|  39|0x00000000e2700000, 0x00000000e2700000, 0x00000000e2800000|  0%| F|  |TAMS 0x00000000e2700000, 0x00000000e2700000| Untracked 
|  40|0x00000000e2800000, 0x00000000e2800000, 0x00000000e2900000|  0%| F|  |TAMS 0x00000000e2800000, 0x00000000e2800000| Untracked 
|  41|0x00000000e2900000, 0x00000000e2900000, 0x00000000e2a00000|  0%| F|  |TAMS 0x00000000e2900000, 0x00000000e2900000| Untracked 
|  42|0x00000000e2a00000, 0x00000000e2a00000, 0x00000000e2b00000|  0%| F|  |TAMS 0x00000000e2a00000, 0x00000000e2a00000| Untracked 
|  43|0x00000000e2b00000, 0x00000000e2b00000, 0x00000000e2c00000|  0%| F|  |TAMS 0x00000000e2b00000, 0x00000000e2b00000| Untracked 
|  44|0x00000000e2c00000, 0x00000000e2c00000, 0x00000000e2d00000|  0%| F|  |TAMS 0x00000000e2c00000, 0x00000000e2c00000| Untracked 
|  45|0x00000000e2d00000, 0x00000000e2d00000, 0x00000000e2e00000|  0%| F|  |TAMS 0x00000000e2d00000, 0x00000000e2d00000| Untracked 
|  46|0x00000000e2e00000, 0x00000000e2e00000, 0x00000000e2f00000|  0%| F|  |TAMS 0x00000000e2e00000, 0x00000000e2e00000| Untracked 
|  47|0x00000000e2f00000, 0x00000000e2f00000, 0x00000000e3000000|  0%| F|  |TAMS 0x00000000e2f00000, 0x00000000e2f00000| Untracked 
|  48|0x00000000e3000000, 0x00000000e3000000, 0x00000000e3100000|  0%| F|  |TAMS 0x00000000e3000000, 0x00000000e3000000| Untracked 
|  49|0x00000000e3100000, 0x00000000e3100000, 0x00000000e3200000|  0%| F|  |TAMS 0x00000000e3100000, 0x00000000e3100000| Untracked 
|  50|0x00000000e3200000, 0x00000000e3200000, 0x00000000e3300000|  0%| F|  |TAMS 0x00000000e3200000, 0x00000000e3200000| Untracked 
|  51|0x00000000e3300000, 0x00000000e3300000, 0x00000000e3400000|  0%| F|  |TAMS 0x00000000e3300000, 0x00000000e3300000| Untracked 
|  52|0x00000000e3400000, 0x00000000e3400000, 0x00000000e3500000|  0%| F|  |TAMS 0x00000000e3400000, 0x00000000e3400000| Untracked 
|  53|0x00000000e3500000, 0x00000000e3500000, 0x00000000e3600000|  0%| F|  |TAMS 0x00000000e3500000, 0x00000000e3500000| Untracked 
|  54|0x00000000e3600000, 0x00000000e3600000, 0x00000000e3700000|  0%| F|  |TAMS 0x00000000e3600000, 0x00000000e3600000| Untracked 
|  55|0x00000000e3700000, 0x00000000e3700000, 0x00000000e3800000|  0%| F|  |TAMS 0x00000000e3700000, 0x00000000e3700000| Untracked 
|  56|0x00000000e3800000, 0x00000000e3800000, 0x00000000e3900000|  0%| F|  |TAMS 0x00000000e3800000, 0x00000000e3800000| Untracked 
|  57|0x00000000e3900000, 0x00000000e3900000, 0x00000000e3a00000|  0%| F|  |TAMS 0x00000000e3900000, 0x00000000e3900000| Untracked 
|  58|0x00000000e3a00000, 0x00000000e3a00000, 0x00000000e3b00000|  0%| F|  |TAMS 0x00000000e3a00000, 0x00000000e3a00000| Untracked 
|  59|0x00000000e3b00000, 0x00000000e3b00000, 0x00000000e3c00000|  0%| F|  |TAMS 0x00000000e3b00000, 0x00000000e3b00000| Untracked 
|  60|0x00000000e3c00000, 0x00000000e3c00000, 0x00000000e3d00000|  0%| F|  |TAMS 0x00000000e3c00000, 0x00000000e3c00000| Untracked 
|  61|0x00000000e3d00000, 0x00000000e3d00000, 0x00000000e3e00000|  0%| F|  |TAMS 0x00000000e3d00000, 0x00000000e3d00000| Untracked 
|  62|0x00000000e3e00000, 0x00000000e3e00000, 0x00000000e3f00000|  0%| F|  |TAMS 0x00000000e3e00000, 0x00000000e3e00000| Untracked 
|  63|0x00000000e3f00000, 0x00000000e3f00000, 0x00000000e4000000|  0%| F|  |TAMS 0x00000000e3f00000, 0x00000000e3f00000| Untracked 
|  64|0x00000000e4000000, 0x00000000e4000000, 0x00000000e4100000|  0%| F|  |TAMS 0x00000000e4000000, 0x00000000e4000000| Untracked 
|  65|0x00000000e4100000, 0x00000000e4100000, 0x00000000e4200000|  0%| F|  |TAMS 0x00000000e4100000, 0x00000000e4100000| Untracked 
|  66|0x00000000e4200000, 0x00000000e4200000, 0x00000000e4300000|  0%| F|  |TAMS 0x00000000e4200000, 0x00000000e4200000| Untracked 
|  67|0x00000000e4300000, 0x00000000e4300000, 0x00000000e4400000|  0%| F|  |TAMS 0x00000000e4300000, 0x00000000e4300000| Untracked 
|  68|0x00000000e4400000, 0x00000000e4400000, 0x00000000e4500000|  0%| F|  |TAMS 0x00000000e4400000, 0x00000000e4400000| Untracked 
|  69|0x00000000e4500000, 0x00000000e4500000, 0x00000000e4600000|  0%| F|  |TAMS 0x00000000e4500000, 0x00000000e4500000| Untracked 
|  70|0x00000000e4600000, 0x00000000e4600000, 0x00000000e4700000|  0%| F|  |TAMS 0x00000000e4600000, 0x00000000e4600000| Untracked 
|  71|0x00000000e4700000, 0x00000000e4700000, 0x00000000e4800000|  0%| F|  |TAMS 0x00000000e4700000, 0x00000000e4700000| Untracked 
|  72|0x00000000e4800000, 0x00000000e4800000, 0x00000000e4900000|  0%| F|  |TAMS 0x00000000e4800000, 0x00000000e4800000| Untracked 
|  73|0x00000000e4900000, 0x00000000e4900000, 0x00000000e4a00000|  0%| F|  |TAMS 0x00000000e4900000, 0x00000000e4900000| Untracked 
|  74|0x00000000e4a00000, 0x00000000e4a00000, 0x00000000e4b00000|  0%| F|  |TAMS 0x00000000e4a00000, 0x00000000e4a00000| Untracked 
|  75|0x00000000e4b00000, 0x00000000e4b00000, 0x00000000e4c00000|  0%| F|  |TAMS 0x00000000e4b00000, 0x00000000e4b00000| Untracked 
|  76|0x00000000e4c00000, 0x00000000e4c00000, 0x00000000e4d00000|  0%| F|  |TAMS 0x00000000e4c00000, 0x00000000e4c00000| Untracked 
|  77|0x00000000e4d00000, 0x00000000e4d00000, 0x00000000e4e00000|  0%| F|  |TAMS 0x00000000e4d00000, 0x00000000e4d00000| Untracked 
|  78|0x00000000e4e00000, 0x00000000e4e00000, 0x00000000e4f00000|  0%| F|  |TAMS 0x00000000e4e00000, 0x00000000e4e00000| Untracked 
|  79|0x00000000e4f00000, 0x00000000e4f00000, 0x00000000e5000000|  0%| F|  |TAMS 0x00000000e4f00000, 0x00000000e4f00000| Untracked 
|  80|0x00000000e5000000, 0x00000000e5000000, 0x00000000e5100000|  0%| F|  |TAMS 0x00000000e5000000, 0x00000000e5000000| Untracked 
|  81|0x00000000e5100000, 0x00000000e5100000, 0x00000000e5200000|  0%| F|  |TAMS 0x00000000e5100000, 0x00000000e5100000| Untracked 
|  82|0x00000000e5200000, 0x00000000e5200000, 0x00000000e5300000|  0%| F|  |TAMS 0x00000000e5200000, 0x00000000e5200000| Untracked 
|  83|0x00000000e5300000, 0x00000000e5300000, 0x00000000e5400000|  0%| F|  |TAMS 0x00000000e5300000, 0x00000000e5300000| Untracked 
|  84|0x00000000e5400000, 0x00000000e5400000, 0x00000000e5500000|  0%| F|  |TAMS 0x00000000e5400000, 0x00000000e5400000| Untracked 
|  85|0x00000000e5500000, 0x00000000e5500000, 0x00000000e5600000|  0%| F|  |TAMS 0x00000000e5500000, 0x00000000e5500000| Untracked 
|  86|0x00000000e5600000, 0x00000000e5600000, 0x00000000e5700000|  0%| F|  |TAMS 0x00000000e5600000, 0x00000000e5600000| Untracked 
|  87|0x00000000e5700000, 0x00000000e5700000, 0x00000000e5800000|  0%| F|  |TAMS 0x00000000e5700000, 0x00000000e5700000| Untracked 
|  88|0x00000000e5800000, 0x00000000e5800000, 0x00000000e5900000|  0%| F|  |TAMS 0x00000000e5800000, 0x00000000e5800000| Untracked 
|  89|0x00000000e5900000, 0x00000000e5900000, 0x00000000e5a00000|  0%| F|  |TAMS 0x00000000e5900000, 0x00000000e5900000| Untracked 
|  90|0x00000000e5a00000, 0x00000000e5a00000, 0x00000000e5b00000|  0%| F|  |TAMS 0x00000000e5a00000, 0x00000000e5a00000| Untracked 
|  91|0x00000000e5b00000, 0x00000000e5b00000, 0x00000000e5c00000|  0%| F|  |TAMS 0x00000000e5b00000, 0x00000000e5b00000| Untracked 
|  92|0x00000000e5c00000, 0x00000000e5c00000, 0x00000000e5d00000|  0%| F|  |TAMS 0x00000000e5c00000, 0x00000000e5c00000| Untracked 
|  93|0x00000000e5d00000, 0x00000000e5d00000, 0x00000000e5e00000|  0%| F|  |TAMS 0x00000000e5d00000, 0x00000000e5d00000| Untracked 
|  94|0x00000000e5e00000, 0x00000000e5e00000, 0x00000000e5f00000|  0%| F|  |TAMS 0x00000000e5e00000, 0x00000000e5e00000| Untracked 
|  95|0x00000000e5f00000, 0x00000000e5f00000, 0x00000000e6000000|  0%| F|  |TAMS 0x00000000e5f00000, 0x00000000e5f00000| Untracked 
|  96|0x00000000e6000000, 0x00000000e6000000, 0x00000000e6100000|  0%| F|  |TAMS 0x00000000e6000000, 0x00000000e6000000| Untracked 
|  97|0x00000000e6100000, 0x00000000e6100000, 0x00000000e6200000|  0%| F|  |TAMS 0x00000000e6100000, 0x00000000e6100000| Untracked 
|  98|0x00000000e6200000, 0x00000000e6200000, 0x00000000e6300000|  0%| F|  |TAMS 0x00000000e6200000, 0x00000000e6200000| Untracked 
|  99|0x00000000e6300000, 0x00000000e6300000, 0x00000000e6400000|  0%| F|  |TAMS 0x00000000e6300000, 0x00000000e6300000| Untracked 
| 100|0x00000000e6400000, 0x00000000e6400000, 0x00000000e6500000|  0%| F|  |TAMS 0x00000000e6400000, 0x00000000e6400000| Untracked 
| 101|0x00000000e6500000, 0x00000000e6500000, 0x00000000e6600000|  0%| F|  |TAMS 0x00000000e6500000, 0x00000000e6500000| Untracked 
| 102|0x00000000e6600000, 0x00000000e6600000, 0x00000000e6700000|  0%| F|  |TAMS 0x00000000e6600000, 0x00000000e6600000| Untracked 
| 103|0x00000000e6700000, 0x00000000e6700000, 0x00000000e6800000|  0%| F|  |TAMS 0x00000000e6700000, 0x00000000e6700000| Untracked 
| 104|0x00000000e6800000, 0x00000000e6800000, 0x00000000e6900000|  0%| F|  |TAMS 0x00000000e6800000, 0x00000000e6800000| Untracked 
| 105|0x00000000e6900000, 0x00000000e6900000, 0x00000000e6a00000|  0%| F|  |TAMS 0x00000000e6900000, 0x00000000e6900000| Untracked 
| 106|0x00000000e6a00000, 0x00000000e6a00000, 0x00000000e6b00000|  0%| F|  |TAMS 0x00000000e6a00000, 0x00000000e6a00000| Untracked 
| 107|0x00000000e6b00000, 0x00000000e6b00000, 0x00000000e6c00000|  0%| F|  |TAMS 0x00000000e6b00000, 0x00000000e6b00000| Untracked 
| 108|0x00000000e6c00000, 0x00000000e6c00000, 0x00000000e6d00000|  0%| F|  |TAMS 0x00000000e6c00000, 0x00000000e6c00000| Untracked 
| 109|0x00000000e6d00000, 0x00000000e6d00000, 0x00000000e6e00000|  0%| F|  |TAMS 0x00000000e6d00000, 0x00000000e6d00000| Untracked 
| 110|0x00000000e6e00000, 0x00000000e6e00000, 0x00000000e6f00000|  0%| F|  |TAMS 0x00000000e6e00000, 0x00000000e6e00000| Untracked 
| 111|0x00000000e6f00000, 0x00000000e6f00000, 0x00000000e7000000|  0%| F|  |TAMS 0x00000000e6f00000, 0x00000000e6f00000| Untracked 
| 112|0x00000000e7000000, 0x00000000e7000000, 0x00000000e7100000|  0%| F|  |TAMS 0x00000000e7000000, 0x00000000e7000000| Untracked 
| 113|0x00000000e7100000, 0x00000000e7100000, 0x00000000e7200000|  0%| F|  |TAMS 0x00000000e7100000, 0x00000000e7100000| Untracked 
| 114|0x00000000e7200000, 0x00000000e7200000, 0x00000000e7300000|  0%| F|  |TAMS 0x00000000e7200000, 0x00000000e7200000| Untracked 
| 115|0x00000000e7300000, 0x00000000e7300000, 0x00000000e7400000|  0%| F|  |TAMS 0x00000000e7300000, 0x00000000e7300000| Untracked 
| 116|0x00000000e7400000, 0x00000000e7400000, 0x00000000e7500000|  0%| F|  |TAMS 0x00000000e7400000, 0x00000000e7400000| Untracked 
| 117|0x00000000e7500000, 0x00000000e7500000, 0x00000000e7600000|  0%| F|  |TAMS 0x00000000e7500000, 0x00000000e7500000| Untracked 
| 118|0x00000000e7600000, 0x00000000e7600000, 0x00000000e7700000|  0%| F|  |TAMS 0x00000000e7600000, 0x00000000e7600000| Untracked 
| 119|0x00000000e7700000, 0x00000000e7700000, 0x00000000e7800000|  0%| F|  |TAMS 0x00000000e7700000, 0x00000000e7700000| Untracked 
| 120|0x00000000e7800000, 0x00000000e7800000, 0x00000000e7900000|  0%| F|  |TAMS 0x00000000e7800000, 0x00000000e7800000| Untracked 
| 121|0x00000000e7900000, 0x00000000e7900000, 0x00000000e7a00000|  0%| F|  |TAMS 0x00000000e7900000, 0x00000000e7900000| Untracked 
| 122|0x00000000e7a00000, 0x00000000e7a00000, 0x00000000e7b00000|  0%| F|  |TAMS 0x00000000e7a00000, 0x00000000e7a00000| Untracked 
| 123|0x00000000e7b00000, 0x00000000e7b00000, 0x00000000e7c00000|  0%| F|  |TAMS 0x00000000e7b00000, 0x00000000e7b00000| Untracked 
| 124|0x00000000e7c00000, 0x00000000e7c00000, 0x00000000e7d00000|  0%| F|  |TAMS 0x00000000e7c00000, 0x00000000e7c00000| Untracked 
| 125|0x00000000e7d00000, 0x00000000e7d00000, 0x00000000e7e00000|  0%| F|  |TAMS 0x00000000e7d00000, 0x00000000e7d00000| Untracked 
| 126|0x00000000e7e00000, 0x00000000e7e00000, 0x00000000e7f00000|  0%| F|  |TAMS 0x00000000e7e00000, 0x00000000e7e00000| Untracked 
| 127|0x00000000e7f00000, 0x00000000e7f00000, 0x00000000e8000000|  0%| F|  |TAMS 0x00000000e7f00000, 0x00000000e7f00000| Untracked 
| 128|0x00000000e8000000, 0x00000000e8000000, 0x00000000e8100000|  0%| F|  |TAMS 0x00000000e8000000, 0x00000000e8000000| Untracked 
| 129|0x00000000e8100000, 0x00000000e8100000, 0x00000000e8200000|  0%| F|  |TAMS 0x00000000e8100000, 0x00000000e8100000| Untracked 
| 130|0x00000000e8200000, 0x00000000e8200000, 0x00000000e8300000|  0%| F|  |TAMS 0x00000000e8200000, 0x00000000e8200000| Untracked 
| 131|0x00000000e8300000, 0x00000000e8300000, 0x00000000e8400000|  0%| F|  |TAMS 0x00000000e8300000, 0x00000000e8300000| Untracked 
| 132|0x00000000e8400000, 0x00000000e8400000, 0x00000000e8500000|  0%| F|  |TAMS 0x00000000e8400000, 0x00000000e8400000| Untracked 
| 133|0x00000000e8500000, 0x00000000e8500000, 0x00000000e8600000|  0%| F|  |TAMS 0x00000000e8500000, 0x00000000e8500000| Untracked 
| 134|0x00000000e8600000, 0x00000000e8600000, 0x00000000e8700000|  0%| F|  |TAMS 0x00000000e8600000, 0x00000000e8600000| Untracked 
| 135|0x00000000e8700000, 0x00000000e8700000, 0x00000000e8800000|  0%| F|  |TAMS 0x00000000e8700000, 0x00000000e8700000| Untracked 
| 136|0x00000000e8800000, 0x00000000e8800000, 0x00000000e8900000|  0%| F|  |TAMS 0x00000000e8800000, 0x00000000e8800000| Untracked 
| 137|0x00000000e8900000, 0x00000000e8900000, 0x00000000e8a00000|  0%| F|  |TAMS 0x00000000e8900000, 0x00000000e8900000| Untracked 
| 138|0x00000000e8a00000, 0x00000000e8a80800, 0x00000000e8b00000| 50%| E|  |TAMS 0x00000000e8a00000, 0x00000000e8a00000| Complete 
| 139|0x00000000e8b00000, 0x00000000e8c00000, 0x00000000e8c00000|100%| E|CS|TAMS 0x00000000e8b00000, 0x00000000e8b00000| Complete 
| 140|0x00000000e8c00000, 0x00000000e8d00000, 0x00000000e8d00000|100%| E|CS|TAMS 0x00000000e8c00000, 0x00000000e8c00000| Complete 
| 141|0x00000000e8d00000, 0x00000000e8e00000, 0x00000000e8e00000|100%| E|CS|TAMS 0x00000000e8d00000, 0x00000000e8d00000| Complete 
| 142|0x00000000e8e00000, 0x00000000e8f00000, 0x00000000e8f00000|100%| E|CS|TAMS 0x00000000e8e00000, 0x00000000e8e00000| Complete 
| 143|0x00000000e8f00000, 0x00000000e9000000, 0x00000000e9000000|100%| E|CS|TAMS 0x00000000e8f00000, 0x00000000e8f00000| Complete 
| 144|0x00000000e9000000, 0x00000000e9100000, 0x00000000e9100000|100%| E|CS|TAMS 0x00000000e9000000, 0x00000000e9000000| Complete 
| 145|0x00000000e9100000, 0x00000000e9200000, 0x00000000e9200000|100%| E|CS|TAMS 0x00000000e9100000, 0x00000000e9100000| Complete 
| 146|0x00000000e9200000, 0x00000000e9300000, 0x00000000e9300000|100%| E|CS|TAMS 0x00000000e9200000, 0x00000000e9200000| Complete 
| 147|0x00000000e9300000, 0x00000000e9400000, 0x00000000e9400000|100%| E|CS|TAMS 0x00000000e9300000, 0x00000000e9300000| Complete 
| 148|0x00000000e9400000, 0x00000000e9500000, 0x00000000e9500000|100%| E|CS|TAMS 0x00000000e9400000, 0x00000000e9400000| Complete 
| 149|0x00000000e9500000, 0x00000000e9600000, 0x00000000e9600000|100%| E|CS|TAMS 0x00000000e9500000, 0x00000000e9500000| Complete 
| 150|0x00000000e9600000, 0x00000000e9700000, 0x00000000e9700000|100%| E|CS|TAMS 0x00000000e9600000, 0x00000000e9600000| Complete 
| 151|0x00000000e9700000, 0x00000000e9800000, 0x00000000e9800000|100%| E|CS|TAMS 0x00000000e9700000, 0x00000000e9700000| Complete 
| 152|0x00000000e9800000, 0x00000000e9900000, 0x00000000e9900000|100%| E|CS|TAMS 0x00000000e9800000, 0x00000000e9800000| Complete 
| 153|0x00000000e9900000, 0x00000000e9a00000, 0x00000000e9a00000|100%| E|CS|TAMS 0x00000000e9900000, 0x00000000e9900000| Complete 
| 154|0x00000000e9a00000, 0x00000000e9b00000, 0x00000000e9b00000|100%| E|CS|TAMS 0x00000000e9a00000, 0x00000000e9a00000| Complete 
| 155|0x00000000e9b00000, 0x00000000e9c00000, 0x00000000e9c00000|100%| E|CS|TAMS 0x00000000e9b00000, 0x00000000e9b00000| Complete 
| 156|0x00000000e9c00000, 0x00000000e9d00000, 0x00000000e9d00000|100%| E|CS|TAMS 0x00000000e9c00000, 0x00000000e9c00000| Complete 
| 157|0x00000000e9d00000, 0x00000000e9e00000, 0x00000000e9e00000|100%| E|CS|TAMS 0x00000000e9d00000, 0x00000000e9d00000| Complete 
| 158|0x00000000e9e00000, 0x00000000e9f00000, 0x00000000e9f00000|100%| E|CS|TAMS 0x00000000e9e00000, 0x00000000e9e00000| Complete 
| 159|0x00000000e9f00000, 0x00000000ea000000, 0x00000000ea000000|100%| E|CS|TAMS 0x00000000e9f00000, 0x00000000e9f00000| Complete 
| 160|0x00000000ea000000, 0x00000000ea100000, 0x00000000ea100000|100%| E|CS|TAMS 0x00000000ea000000, 0x00000000ea000000| Complete 
| 161|0x00000000ea100000, 0x00000000ea200000, 0x00000000ea200000|100%| E|CS|TAMS 0x00000000ea100000, 0x00000000ea100000| Complete 
| 162|0x00000000ea200000, 0x00000000ea300000, 0x00000000ea300000|100%| E|CS|TAMS 0x00000000ea200000, 0x00000000ea200000| Complete 
| 163|0x00000000ea300000, 0x00000000ea400000, 0x00000000ea400000|100%| E|CS|TAMS 0x00000000ea300000, 0x00000000ea300000| Complete 
| 164|0x00000000ea400000, 0x00000000ea500000, 0x00000000ea500000|100%| E|CS|TAMS 0x00000000ea400000, 0x00000000ea400000| Complete 
| 165|0x00000000ea500000, 0x00000000ea600000, 0x00000000ea600000|100%| E|CS|TAMS 0x00000000ea500000, 0x00000000ea500000| Complete 
| 166|0x00000000ea600000, 0x00000000ea700000, 0x00000000ea700000|100%| E|CS|TAMS 0x00000000ea600000, 0x00000000ea600000| Complete 
| 167|0x00000000ea700000, 0x00000000ea800000, 0x00000000ea800000|100%| E|CS|TAMS 0x00000000ea700000, 0x00000000ea700000| Complete 
| 168|0x00000000ea800000, 0x00000000ea900000, 0x00000000ea900000|100%| E|CS|TAMS 0x00000000ea800000, 0x00000000ea800000| Complete 
| 169|0x00000000ea900000, 0x00000000eaa00000, 0x00000000eaa00000|100%| E|CS|TAMS 0x00000000ea900000, 0x00000000ea900000| Complete 
| 170|0x00000000eaa00000, 0x00000000eab00000, 0x00000000eab00000|100%| E|CS|TAMS 0x00000000eaa00000, 0x00000000eaa00000| Complete 
| 171|0x00000000eab00000, 0x00000000eac00000, 0x00000000eac00000|100%| E|CS|TAMS 0x00000000eab00000, 0x00000000eab00000| Complete 
| 172|0x00000000eac00000, 0x00000000ead00000, 0x00000000ead00000|100%| E|CS|TAMS 0x00000000eac00000, 0x00000000eac00000| Complete 
| 173|0x00000000ead00000, 0x00000000eae00000, 0x00000000eae00000|100%| E|CS|TAMS 0x00000000ead00000, 0x00000000ead00000| Complete 
| 174|0x00000000eae00000, 0x00000000eaf00000, 0x00000000eaf00000|100%| E|CS|TAMS 0x00000000eae00000, 0x00000000eae00000| Complete 
| 175|0x00000000eaf00000, 0x00000000eb000000, 0x00000000eb000000|100%| E|CS|TAMS 0x00000000eaf00000, 0x00000000eaf00000| Complete 
| 176|0x00000000eb000000, 0x00000000eb100000, 0x00000000eb100000|100%| E|CS|TAMS 0x00000000eb000000, 0x00000000eb000000| Complete 
| 177|0x00000000eb100000, 0x00000000eb200000, 0x00000000eb200000|100%| E|CS|TAMS 0x00000000eb100000, 0x00000000eb100000| Complete 
| 178|0x00000000eb200000, 0x00000000eb300000, 0x00000000eb300000|100%| E|CS|TAMS 0x00000000eb200000, 0x00000000eb200000| Complete 
| 179|0x00000000eb300000, 0x00000000eb400000, 0x00000000eb400000|100%| E|CS|TAMS 0x00000000eb300000, 0x00000000eb300000| Complete 
| 180|0x00000000eb400000, 0x00000000eb500000, 0x00000000eb500000|100%| E|CS|TAMS 0x00000000eb400000, 0x00000000eb400000| Complete 
| 181|0x00000000eb500000, 0x00000000eb600000, 0x00000000eb600000|100%| E|CS|TAMS 0x00000000eb500000, 0x00000000eb500000| Complete 
| 182|0x00000000eb600000, 0x00000000eb700000, 0x00000000eb700000|100%| E|CS|TAMS 0x00000000eb600000, 0x00000000eb600000| Complete 
| 183|0x00000000eb700000, 0x00000000eb800000, 0x00000000eb800000|100%| E|CS|TAMS 0x00000000eb700000, 0x00000000eb700000| Complete 
| 184|0x00000000eb800000, 0x00000000eb900000, 0x00000000eb900000|100%| E|CS|TAMS 0x00000000eb800000, 0x00000000eb800000| Complete 
| 185|0x00000000eb900000, 0x00000000eba00000, 0x00000000eba00000|100%| E|CS|TAMS 0x00000000eb900000, 0x00000000eb900000| Complete 
| 186|0x00000000eba00000, 0x00000000ebb00000, 0x00000000ebb00000|100%| E|CS|TAMS 0x00000000eba00000, 0x00000000eba00000| Complete 
| 187|0x00000000ebb00000, 0x00000000ebc00000, 0x00000000ebc00000|100%| E|CS|TAMS 0x00000000ebb00000, 0x00000000ebb00000| Complete 
| 188|0x00000000ebc00000, 0x00000000ebd00000, 0x00000000ebd00000|100%| E|CS|TAMS 0x00000000ebc00000, 0x00000000ebc00000| Complete 
| 189|0x00000000ebd00000, 0x00000000ebe00000, 0x00000000ebe00000|100%| E|CS|TAMS 0x00000000ebd00000, 0x00000000ebd00000| Complete 
| 190|0x00000000ebe00000, 0x00000000ebf00000, 0x00000000ebf00000|100%| E|CS|TAMS 0x00000000ebe00000, 0x00000000ebe00000| Complete 
| 191|0x00000000ebf00000, 0x00000000ec000000, 0x00000000ec000000|100%| E|CS|TAMS 0x00000000ebf00000, 0x00000000ebf00000| Complete 
| 192|0x00000000ec000000, 0x00000000ec100000, 0x00000000ec100000|100%| E|CS|TAMS 0x00000000ec000000, 0x00000000ec000000| Complete 
| 193|0x00000000ec100000, 0x00000000ec200000, 0x00000000ec200000|100%| E|CS|TAMS 0x00000000ec100000, 0x00000000ec100000| Complete 
| 194|0x00000000ec200000, 0x00000000ec300000, 0x00000000ec300000|100%| E|CS|TAMS 0x00000000ec200000, 0x00000000ec200000| Complete 
| 195|0x00000000ec300000, 0x00000000ec400000, 0x00000000ec400000|100%| E|CS|TAMS 0x00000000ec300000, 0x00000000ec300000| Complete 
| 196|0x00000000ec400000, 0x00000000ec500000, 0x00000000ec500000|100%| E|CS|TAMS 0x00000000ec400000, 0x00000000ec400000| Complete 
| 197|0x00000000ec500000, 0x00000000ec600000, 0x00000000ec600000|100%| E|CS|TAMS 0x00000000ec500000, 0x00000000ec500000| Complete 
| 198|0x00000000ec600000, 0x00000000ec700000, 0x00000000ec700000|100%| E|CS|TAMS 0x00000000ec600000, 0x00000000ec600000| Complete 
| 199|0x00000000ec700000, 0x00000000ec800000, 0x00000000ec800000|100%| E|CS|TAMS 0x00000000ec700000, 0x00000000ec700000| Complete 
| 200|0x00000000ec800000, 0x00000000ec900000, 0x00000000ec900000|100%| E|CS|TAMS 0x00000000ec800000, 0x00000000ec800000| Complete 
| 201|0x00000000ec900000, 0x00000000eca00000, 0x00000000eca00000|100%| E|CS|TAMS 0x00000000ec900000, 0x00000000ec900000| Complete 
| 202|0x00000000eca00000, 0x00000000ecb00000, 0x00000000ecb00000|100%| E|CS|TAMS 0x00000000eca00000, 0x00000000eca00000| Complete 
| 203|0x00000000ecb00000, 0x00000000ecc00000, 0x00000000ecc00000|100%| E|CS|TAMS 0x00000000ecb00000, 0x00000000ecb00000| Complete 
| 204|0x00000000ecc00000, 0x00000000ecd00000, 0x00000000ecd00000|100%| E|CS|TAMS 0x00000000ecc00000, 0x00000000ecc00000| Complete 
| 205|0x00000000ecd00000, 0x00000000ece00000, 0x00000000ece00000|100%| E|CS|TAMS 0x00000000ecd00000, 0x00000000ecd00000| Complete 
| 206|0x00000000ece00000, 0x00000000ecf00000, 0x00000000ecf00000|100%| E|CS|TAMS 0x00000000ece00000, 0x00000000ece00000| Complete 
| 207|0x00000000ecf00000, 0x00000000ed000000, 0x00000000ed000000|100%| E|CS|TAMS 0x00000000ecf00000, 0x00000000ecf00000| Complete 
| 208|0x00000000ed000000, 0x00000000ed100000, 0x00000000ed100000|100%| E|CS|TAMS 0x00000000ed000000, 0x00000000ed000000| Complete 
| 209|0x00000000ed100000, 0x00000000ed200000, 0x00000000ed200000|100%| E|CS|TAMS 0x00000000ed100000, 0x00000000ed100000| Complete 
| 210|0x00000000ed200000, 0x00000000ed300000, 0x00000000ed300000|100%| E|CS|TAMS 0x00000000ed200000, 0x00000000ed200000| Complete 
| 211|0x00000000ed300000, 0x00000000ed400000, 0x00000000ed400000|100%| E|CS|TAMS 0x00000000ed300000, 0x00000000ed300000| Complete 
| 212|0x00000000ed400000, 0x00000000ed500000, 0x00000000ed500000|100%| E|CS|TAMS 0x00000000ed400000, 0x00000000ed400000| Complete 
| 213|0x00000000ed500000, 0x00000000ed600000, 0x00000000ed600000|100%| E|CS|TAMS 0x00000000ed500000, 0x00000000ed500000| Complete 
| 214|0x00000000ed600000, 0x00000000ed700000, 0x00000000ed700000|100%| E|CS|TAMS 0x00000000ed600000, 0x00000000ed600000| Complete 
| 215|0x00000000ed700000, 0x00000000ed800000, 0x00000000ed800000|100%| E|CS|TAMS 0x00000000ed700000, 0x00000000ed700000| Complete 
| 216|0x00000000ed800000, 0x00000000ed900000, 0x00000000ed900000|100%| E|CS|TAMS 0x00000000ed800000, 0x00000000ed800000| Complete 
| 217|0x00000000ed900000, 0x00000000eda00000, 0x00000000eda00000|100%| E|CS|TAMS 0x00000000ed900000, 0x00000000ed900000| Complete 
| 218|0x00000000eda00000, 0x00000000edb00000, 0x00000000edb00000|100%| E|CS|TAMS 0x00000000eda00000, 0x00000000eda00000| Complete 
| 219|0x00000000edb00000, 0x00000000edc00000, 0x00000000edc00000|100%| E|CS|TAMS 0x00000000edb00000, 0x00000000edb00000| Complete 
| 220|0x00000000edc00000, 0x00000000edd00000, 0x00000000edd00000|100%| E|CS|TAMS 0x00000000edc00000, 0x00000000edc00000| Complete 
| 221|0x00000000edd00000, 0x00000000ede00000, 0x00000000ede00000|100%| E|CS|TAMS 0x00000000edd00000, 0x00000000edd00000| Complete 
| 222|0x00000000ede00000, 0x00000000edf00000, 0x00000000edf00000|100%| E|CS|TAMS 0x00000000ede00000, 0x00000000ede00000| Complete 
| 223|0x00000000edf00000, 0x00000000ee000000, 0x00000000ee000000|100%| E|CS|TAMS 0x00000000edf00000, 0x00000000edf00000| Complete 
| 224|0x00000000ee000000, 0x00000000ee100000, 0x00000000ee100000|100%| E|CS|TAMS 0x00000000ee000000, 0x00000000ee000000| Complete 
| 225|0x00000000ee100000, 0x00000000ee200000, 0x00000000ee200000|100%| E|CS|TAMS 0x00000000ee100000, 0x00000000ee100000| Complete 
| 226|0x00000000ee200000, 0x00000000ee300000, 0x00000000ee300000|100%| E|CS|TAMS 0x00000000ee200000, 0x00000000ee200000| Complete 
| 227|0x00000000ee300000, 0x00000000ee400000, 0x00000000ee400000|100%| E|CS|TAMS 0x00000000ee300000, 0x00000000ee300000| Complete 
| 228|0x00000000ee400000, 0x00000000ee500000, 0x00000000ee500000|100%| E|CS|TAMS 0x00000000ee400000, 0x00000000ee400000| Complete 
| 229|0x00000000ee500000, 0x00000000ee600000, 0x00000000ee600000|100%| E|CS|TAMS 0x00000000ee500000, 0x00000000ee500000| Complete 
| 230|0x00000000ee600000, 0x00000000ee700000, 0x00000000ee700000|100%| E|CS|TAMS 0x00000000ee600000, 0x00000000ee600000| Complete 
| 231|0x00000000ee700000, 0x00000000ee800000, 0x00000000ee800000|100%| E|CS|TAMS 0x00000000ee700000, 0x00000000ee700000| Complete 
| 232|0x00000000ee800000, 0x00000000ee900000, 0x00000000ee900000|100%| E|CS|TAMS 0x00000000ee800000, 0x00000000ee800000| Complete 
| 233|0x00000000ee900000, 0x00000000eea00000, 0x00000000eea00000|100%| S|CS|TAMS 0x00000000ee900000, 0x00000000ee900000| Complete 
| 234|0x00000000eea00000, 0x00000000eeb00000, 0x00000000eeb00000|100%| S|CS|TAMS 0x00000000eea00000, 0x00000000eea00000| Complete 
| 235|0x00000000eeb00000, 0x00000000eec00000, 0x00000000eec00000|100%| S|CS|TAMS 0x00000000eeb00000, 0x00000000eeb00000| Complete 
| 236|0x00000000eec00000, 0x00000000eed00000, 0x00000000eed00000|100%| E|CS|TAMS 0x00000000eec00000, 0x00000000eec00000| Complete 
| 237|0x00000000eed00000, 0x00000000eee00000, 0x00000000eee00000|100%| E|CS|TAMS 0x00000000eed00000, 0x00000000eed00000| Complete 
| 238|0x00000000eee00000, 0x00000000eef00000, 0x00000000eef00000|100%| E|CS|TAMS 0x00000000eee00000, 0x00000000eee00000| Complete 
| 239|0x00000000eef00000, 0x00000000ef000000, 0x00000000ef000000|100%| E|CS|TAMS 0x00000000eef00000, 0x00000000eef00000| Complete 
| 240|0x00000000ef000000, 0x00000000ef100000, 0x00000000ef100000|100%| E|CS|TAMS 0x00000000ef000000, 0x00000000ef000000| Complete 
| 241|0x00000000ef100000, 0x00000000ef200000, 0x00000000ef200000|100%| E|CS|TAMS 0x00000000ef100000, 0x00000000ef100000| Complete 
| 242|0x00000000ef200000, 0x00000000ef300000, 0x00000000ef300000|100%| E|CS|TAMS 0x00000000ef200000, 0x00000000ef200000| Complete 
| 243|0x00000000ef300000, 0x00000000ef400000, 0x00000000ef400000|100%| E|CS|TAMS 0x00000000ef300000, 0x00000000ef300000| Complete 
| 244|0x00000000ef400000, 0x00000000ef500000, 0x00000000ef500000|100%| E|CS|TAMS 0x00000000ef400000, 0x00000000ef400000| Complete 
| 245|0x00000000ef500000, 0x00000000ef600000, 0x00000000ef600000|100%| E|CS|TAMS 0x00000000ef500000, 0x00000000ef500000| Complete 
| 246|0x00000000ef600000, 0x00000000ef700000, 0x00000000ef700000|100%| E|CS|TAMS 0x00000000ef600000, 0x00000000ef600000| Complete 
| 247|0x00000000ef700000, 0x00000000ef800000, 0x00000000ef800000|100%| E|CS|TAMS 0x00000000ef700000, 0x00000000ef700000| Complete 
| 248|0x00000000ef800000, 0x00000000ef900000, 0x00000000ef900000|100%| E|CS|TAMS 0x00000000ef800000, 0x00000000ef800000| Complete 
| 249|0x00000000ef900000, 0x00000000efa00000, 0x00000000efa00000|100%| E|CS|TAMS 0x00000000ef900000, 0x00000000ef900000| Complete 
| 250|0x00000000efa00000, 0x00000000efb00000, 0x00000000efb00000|100%| E|CS|TAMS 0x00000000efa00000, 0x00000000efa00000| Complete 
| 251|0x00000000efb00000, 0x00000000efc00000, 0x00000000efc00000|100%| E|CS|TAMS 0x00000000efb00000, 0x00000000efb00000| Complete 
| 252|0x00000000efc00000, 0x00000000efd00000, 0x00000000efd00000|100%| E|CS|TAMS 0x00000000efc00000, 0x00000000efc00000| Complete 
| 253|0x00000000efd00000, 0x00000000efe00000, 0x00000000efe00000|100%| E|CS|TAMS 0x00000000efd00000, 0x00000000efd00000| Complete 
| 254|0x00000000efe00000, 0x00000000eff00000, 0x00000000eff00000|100%| E|CS|TAMS 0x00000000efe00000, 0x00000000efe00000| Complete 
| 255|0x00000000eff00000, 0x00000000f0000000, 0x00000000f0000000|100%| E|CS|TAMS 0x00000000eff00000, 0x00000000eff00000| Complete 

Card table byte_map: [0x00000284b6560000,0x00000284b6660000] _byte_map_base: 0x00000284b5e60000

Marking Bits (Prev, Next): (CMBitMap*) 0x000002849fa5b480, (CMBitMap*) 0x000002849fa5b4c0
 Prev Bits: [0x00000284b6760000, 0x00000284b6f60000)
 Next Bits: [0x00000284b6f60000, 0x00000284b7760000)

Polling page: 0x000002849f1f0000

Metaspace:

Usage:
  Non-class:     12.28 MB used.
      Class:      1.94 MB used.
       Both:     14.22 MB used.

Virtual space:
  Non-class space:       64.00 MB reserved,      12.44 MB ( 19%) committed,  1 nodes.
      Class space:      320.00 MB reserved,       2.06 MB ( <1%) committed,  1 nodes.
             Both:      384.00 MB reserved,      14.50 MB (  4%) committed. 

Chunk freelists:
   Non-Class:  3.30 MB
       Class:  13.91 MB
        Both:  17.21 MB

MaxMetaspaceSize: 384.00 MB
CompressedClassSpaceSize: 320.00 MB
Initial GC threshold: 21.00 MB
Current GC threshold: 21.00 MB
CDS: on
MetaspaceReclaimPolicy: balanced
 - commit_granule_bytes: 65536.
 - commit_granule_words: 8192.
 - virtual_space_node_default_size: 8388608.
 - enlarge_chunks_in_place: 1.
 - new_chunks_are_fully_committed: 0.
 - uncommit_free_chunks: 1.
 - use_allocation_guard: 0.
 - handle_deallocations: 1.


Internal statistics:

num_allocs_failed_limit: 0.
num_arena_births: 178.
num_arena_deaths: 0.
num_vsnodes_births: 2.
num_vsnodes_deaths: 0.
num_space_committed: 232.
num_space_uncommitted: 0.
num_chunks_returned_to_freelist: 0.
num_chunks_taken_from_freelist: 626.
num_chunk_merges: 0.
num_chunk_splits: 422.
num_chunks_enlarged: 320.
num_inconsistent_stats: 0.

CodeHeap 'non-profiled nmethods': size=120000Kb used=1195Kb max_used=1195Kb free=118804Kb
 bounds [0x00000284af030000, 0x00000284af2a0000, 0x00000284b6560000]
CodeHeap 'profiled nmethods': size=120000Kb used=4970Kb max_used=4970Kb free=115029Kb
 bounds [0x00000284a7560000, 0x00000284a7a40000, 0x00000284aea90000]
CodeHeap 'non-nmethods': size=5760Kb used=1225Kb max_used=1294Kb free=4534Kb
 bounds [0x00000284aea90000, 0x00000284aed00000, 0x00000284af030000]
 total_blobs=2944 nmethods=2414 adapters=442
 compilation: enabled
              stopped_count=0, restarted_count=0
 full_count=0

Compilation events (20 events):
Event: 11.363 Thread 0x00000284b9d43e10 nmethod 2404 0x00000284a7a34390 code [0x00000284a7a34520, 0x00000284a7a34658]
Event: 11.363 Thread 0x00000284b9d43e10 2405       3       java.util.TreeMap::leftOf (13 bytes)
Event: 11.363 Thread 0x00000284b9d43e10 nmethod 2405 0x00000284a7a34710 code [0x00000284a7a348a0, 0x00000284a7a34a18]
Event: 11.363 Thread 0x00000284b9d43e10 2406       3       java.util.regex.Pattern$BmpCharPropertyGreedy::match (89 bytes)
Event: 11.364 Thread 0x00000284b9d43e10 nmethod 2406 0x00000284a7a34b10 code [0x00000284a7a34d00, 0x00000284a7a35368]
Event: 11.373 Thread 0x00000284b9d43e10 2407       3       sun.invoke.util.VerifyAccess::isTypeVisible (47 bytes)
Event: 11.373 Thread 0x00000284b9d43e10 nmethod 2407 0x00000284a7a35590 code [0x00000284a7a35780, 0x00000284a7a35b98]
Event: 11.373 Thread 0x00000284b9d43e10 2408       3       java.lang.invoke.MemberName::changeReferenceKind (60 bytes)
Event: 11.374 Thread 0x00000284b9d43e10 nmethod 2408 0x00000284a7a35d90 code [0x00000284a7a35f20, 0x00000284a7a36058]
Event: 11.383 Thread 0x00000284b9d43e10 2409       3       jdk.internal.org.objectweb.asm.FieldWriter::visitEnd (1 bytes)
Event: 11.384 Thread 0x00000284b9d43e10 nmethod 2409 0x00000284a7a36110 code [0x00000284a7a362a0, 0x00000284a7a363b8]
Event: 11.384 Thread 0x00000284b9d43e10 2410       3       org.gradle.internal.service.DefaultServiceRegistry::assertValidServiceType (51 bytes)
Event: 11.385 Thread 0x00000284b9d43e10 nmethod 2410 0x00000284a7a36490 code [0x00000284a7a366a0, 0x00000284a7a36bf8]
Event: 11.385 Thread 0x00000284b9d43e10 2411       3       org.gradle.internal.service.DefaultServiceRegistry::find (151 bytes)
Event: 11.386 Thread 0x00000284b9d41350 2414   !   4       java.lang.ClassLoader::loadClass (121 bytes)
Event: 11.386 Thread 0x00000284b9d43e10 nmethod 2411 0x00000284a7a36e10 code [0x00000284a7a371e0, 0x00000284a7a38ed8]
Event: 11.386 Thread 0x00000284b9d43e10 2412       3       org.gradle.internal.service.DefaultServiceRegistry::isSatisfiedBy (44 bytes)
Event: 11.387 Thread 0x00000284b9d43e10 nmethod 2412 0x00000284a7a39710 code [0x00000284a7a39920, 0x00000284a7a3a0a8]
Event: 11.387 Thread 0x00000284b9d43e10 2413       3       org.gradle.internal.service.DefaultServiceRegistry$SingletonService::getService (33 bytes)
Event: 11.387 Thread 0x00000284b9d43e10 nmethod 2413 0x00000284a7a3a210 code [0x00000284a7a3a3e0, 0x00000284a7a3a768]

GC Heap History (4 events):
Event: 2.212 GC heap before
{Heap before GC invocations=0 (full 0):
 garbage-first heap   total 262144K, used 13312K [0x00000000e0000000, 0x0000000100000000)
  region size 1024K, 13 young (13312K), 0 survivors (0K)
 Metaspace       used 813K, committed 896K, reserved 393216K
  class space    used 66K, committed 128K, reserved 327680K
}
Event: 2.240 GC heap after
{Heap after GC invocations=1 (full 0):
 garbage-first heap   total 262144K, used 1376K [0x00000000e0000000, 0x0000000100000000)
  region size 1024K, 2 young (2048K), 2 survivors (2048K)
 Metaspace       used 813K, committed 896K, reserved 393216K
  class space    used 66K, committed 128K, reserved 327680K
}
Event: 4.123 GC heap before
{Heap before GC invocations=1 (full 0):
 garbage-first heap   total 262144K, used 22880K [0x00000000e0000000, 0x0000000100000000)
  region size 1024K, 20 young (20480K), 2 survivors (2048K)
 Metaspace       used 2925K, committed 3136K, reserved 393216K
  class space    used 341K, committed 448K, reserved 327680K
}
Event: 4.128 GC heap after
{Heap after GC invocations=2 (full 0):
 garbage-first heap   total 262144K, used 10628K [0x00000000e0000000, 0x0000000100000000)
  region size 1024K, 3 young (3072K), 3 survivors (3072K)
 Metaspace       used 2925K, committed 3136K, reserved 393216K
  class space    used 341K, committed 448K, reserved 327680K
}

Dll operation events (15 events):
Event: 0.168 Loaded shared library C:\ssafy\0.tool\1.jdk\bin\java.dll
Event: 0.317 Loaded shared library C:\ssafy\0.tool\1.jdk\bin\jsvml.dll
Event: 0.658 Loaded shared library C:\ssafy\0.tool\1.jdk\bin\zip.dll
Event: 0.673 Loaded shared library C:\ssafy\0.tool\1.jdk\bin\instrument.dll
Event: 0.719 Loaded shared library C:\ssafy\0.tool\1.jdk\bin\net.dll
Event: 0.732 Loaded shared library C:\ssafy\0.tool\1.jdk\bin\nio.dll
Event: 0.738 Loaded shared library C:\ssafy\0.tool\1.jdk\bin\zip.dll
Event: 2.604 Loaded shared library C:\ssafy\0.tool\1.jdk\bin\jimage.dll
Event: 3.529 Loaded shared library C:\ssafy\0.tool\1.jdk\bin\verify.dll
Event: 4.010 Loaded shared library C:\Users\Sangha\.gradle\native\c067742578af261105cb4f569cf0c3c89f3d7b1fecec35dd04571415982c5e48\windows-amd64\native-platform.dll
Event: 4.036 Loaded shared library C:\Users\Sangha\.gradle\native\100fb08df4bc3b14c8652ba06237920a3bd2aa13389f12d3474272988ae205f9\windows-amd64\native-platform-file-events.dll
Event: 8.621 Loaded shared library C:\ssafy\0.tool\1.jdk\bin\management.dll
Event: 8.684 Loaded shared library C:\ssafy\0.tool\1.jdk\bin\management_ext.dll
Event: 9.182 Loaded shared library C:\ssafy\0.tool\1.jdk\bin\extnet.dll
Event: 9.768 Loaded shared library C:\ssafy\0.tool\1.jdk\bin\sunmscapi.dll

Deoptimization events (20 events):
Event: 10.163 Thread 0x00000284d49ea350 DEOPT PACKING pc=0x00000284af12a1a4 sp=0x000000cf431fc040
Event: 10.163 Thread 0x00000284d49ea350 DEOPT UNPACKING pc=0x00000284aeae69a3 sp=0x000000cf431fbfe0 mode 2
Event: 10.163 Thread 0x00000284d49ea350 Uncommon trap: trap_request=0xffffff45 fr.pc=0x00000284af072124 relative=0x00000000000003e4
Event: 10.163 Thread 0x00000284d49ea350 Uncommon trap: reason=unstable_if action=reinterpret pc=0x00000284af072124 method=java.util.HashMap.getNode(Ljava/lang/Object;)Ljava/util/HashMap$Node; @ 66 c2
Event: 10.163 Thread 0x00000284d49ea350 DEOPT PACKING pc=0x00000284af072124 sp=0x000000cf431fc070
Event: 10.163 Thread 0x00000284d49ea350 DEOPT UNPACKING pc=0x00000284aeae69a3 sp=0x000000cf431fc000 mode 2
Event: 10.163 Thread 0x00000284d49ea350 Uncommon trap: trap_request=0xffffffc6 fr.pc=0x00000284af12a1a4 relative=0x0000000000001fa4
Event: 10.163 Thread 0x00000284d49ea350 Uncommon trap: reason=bimorphic_or_optimized_type_check action=maybe_recompile pc=0x00000284af12a1a4 method=java.util.HashMap.putVal(ILjava/lang/Object;Ljava/lang/Object;ZZ)Ljava/lang/Object; @ 91 c2
Event: 10.163 Thread 0x00000284d49ea350 DEOPT PACKING pc=0x00000284af12a1a4 sp=0x000000cf431fc040
Event: 10.163 Thread 0x00000284d49ea350 DEOPT UNPACKING pc=0x00000284aeae69a3 sp=0x000000cf431fbfe0 mode 2
Event: 10.173 Thread 0x00000284d49ea350 Uncommon trap: trap_request=0xffffff45 fr.pc=0x00000284af0eb790 relative=0x0000000000000270
Event: 10.173 Thread 0x00000284d49ea350 Uncommon trap: reason=unstable_if action=reinterpret pc=0x00000284af0eb790 method=java.util.concurrent.ConcurrentHashMap.get(Ljava/lang/Object;)Ljava/lang/Object; @ 76 c2
Event: 10.173 Thread 0x00000284d49ea350 DEOPT PACKING pc=0x00000284af0eb790 sp=0x000000cf431fb5e0
Event: 10.173 Thread 0x00000284d49ea350 DEOPT UNPACKING pc=0x00000284aeae69a3 sp=0x000000cf431fb558 mode 2
Event: 10.746 Thread 0x00000284d49ea350 Uncommon trap: trap_request=0xffffff45 fr.pc=0x00000284af0ee9c4 relative=0x00000000000001a4
Event: 10.746 Thread 0x00000284d49ea350 Uncommon trap: reason=unstable_if action=reinterpret pc=0x00000284af0ee9c4 method=java.util.WeakHashMap.expungeStaleEntries()V @ 9 c2
Event: 10.746 Thread 0x00000284d49ea350 DEOPT PACKING pc=0x00000284af0ee9c4 sp=0x000000cf431fb850
Event: 10.746 Thread 0x00000284d49ea350 DEOPT UNPACKING pc=0x00000284aeae69a3 sp=0x000000cf431fb7e8 mode 2
Event: 11.339 Thread 0x00000284d49ea350 DEOPT PACKING pc=0x00000284a764a3bd sp=0x000000cf431fa440
Event: 11.339 Thread 0x00000284d49ea350 DEOPT UNPACKING pc=0x00000284aeae7143 sp=0x000000cf431f98d8 mode 0

Classes unloaded (0 events):
No events

Classes redefined (0 events):
No events

Internal exceptions (20 events):
Event: 8.615 Thread 0x000002849fa2c2b0 Exception <a 'java/lang/NoSuchMethodError'{0x00000000eb3a8500}: 'java.lang.Object java.lang.invoke.DirectMethodHandle$Holder.invokeStaticInit(java.lang.Object)'> (0x00000000eb3a8500) 
thrown [s\src\hotspot\share\interpreter\linkResolver.cpp, line 759]
Event: 8.769 Thread 0x000002849fa2c2b0 Exception <a 'java/lang/NoSuchMethodError'{0x00000000eb231c40}: 'java.lang.Object java.lang.invoke.DirectMethodHandle$Holder.invokeInterface(java.lang.Object, java.lang.Object)'> (0x00000000eb231c40) 
thrown [s\src\hotspot\share\interpreter\linkResolver.cpp, line 759]
Event: 8.972 Thread 0x000002849fa2c2b0 Exception <a 'java/lang/NoSuchMethodError'{0x00000000eadf4778}: 'java.lang.Object java.lang.invoke.DirectMethodHandle$Holder.invokeStaticInit(java.lang.Object, int, int, int, int)'> (0x00000000eadf4778) 
thrown [s\src\hotspot\share\interpreter\linkResolver.cpp, line 759]
Event: 9.154 Thread 0x000002849fa2c2b0 Exception <a 'java/lang/NoSuchMethodError'{0x00000000eac884e0}: 'java.lang.Object java.lang.invoke.DirectMethodHandle$Holder.invokeStaticInit(java.lang.Object, java.lang.Object, int, int, int, int)'> (0x00000000eac884e0) 
thrown [s\src\hotspot\share\interpreter\linkResolver.cpp, line 759]
Event: 9.525 Thread 0x000002849fa2c2b0 Exception <a 'java/lang/NoSuchMethodError'{0x00000000ea920570}: 'void java.lang.invoke.DirectMethodHandle$Holder.invokeStatic(java.lang.Object, java.lang.Object, java.lang.Object)'> (0x00000000ea920570) 
thrown [s\src\hotspot\share\interpreter\linkResolver.cpp, line 759]
Event: 9.565 Thread 0x000002849fa2c2b0 Exception <a 'java/io/IOException'{0x00000000ea83ec78}> (0x00000000ea83ec78) 
thrown [s\src\hotspot\share\prims\jni.cpp, line 516]
Event: 9.570 Thread 0x000002849fa2c2b0 Implicit null exception at 0x00000284af07fbf2 to 0x00000284af08020c
Event: 9.575 Thread 0x000002849fa2c2b0 Exception <a 'java/lang/NoSuchMethodError'{0x00000000ea89e2e8}: 'java.lang.Object java.lang.invoke.DirectMethodHandle$Holder.newInvokeSpecial(java.lang.Object, java.lang.Object, java.lang.Object, java.lang.Object, java.lang.Object)'> (0x00000000ea89e2e8) 
thrown [s\src\hotspot\share\interpreter\linkResolver.cpp, line 759]
Event: 9.900 Thread 0x00000284d4930df0 Exception <a 'java/lang/NoSuchMethodError'{0x00000000ea6f5d58}: 'void java.lang.invoke.DirectMethodHandle$Holder.invokeSpecial(java.lang.Object, java.lang.Object, java.lang.Object)'> (0x00000000ea6f5d58) 
thrown [s\src\hotspot\share\interpreter\linkResolver.cpp, line 759]
Event: 10.003 Thread 0x00000284d49ea350 Exception <a 'java/lang/NoSuchMethodError'{0x00000000ea1e1e68}: 'long java.lang.invoke.DirectMethodHandle$Holder.invokeInterface(java.lang.Object, java.lang.Object)'> (0x00000000ea1e1e68) 
thrown [s\src\hotspot\share\interpreter\linkResolver.cpp, line 759]
Event: 10.132 Thread 0x00000284d49ea350 Exception <a 'java/lang/NoSuchMethodError'{0x00000000e9c5b3c0}: 'void java.lang.invoke.DirectMethodHandle$Holder.invokeStatic(java.lang.Object, java.lang.Object)'> (0x00000000e9c5b3c0) 
thrown [s\src\hotspot\share\interpreter\linkResolver.cpp, line 759]
Event: 10.181 Thread 0x00000284d49ea350 Exception <a 'java/lang/NoSuchMethodError'{0x00000000e9a76630}: 'int java.lang.invoke.DirectMethodHandle$Holder.invokeVirtual(java.lang.Object, java.lang.Object, java.lang.Object)'> (0x00000000e9a76630) 
thrown [s\src\hotspot\share\interpreter\linkResolver.cpp, line 759]
Event: 10.260 Thread 0x00000284d49ea350 Exception <a 'java/lang/NoSuchMethodError'{0x00000000e97047f8}: 'java.lang.Object java.lang.invoke.DirectMethodHandle$Holder.newInvokeSpecial(java.lang.Object, java.lang.Object, java.lang.Object, java.lang.Object, java.lang.Object, java.lang.Object)'> (0x00000000e97047f8) 
thrown [s\src\hotspot\share\interpreter\linkResolver.cpp, line 759]
Event: 10.267 Thread 0x00000284d49ea350 Exception <a 'java/lang/NoSuchMethodError'{0x00000000e97216f0}: 'void java.lang.invoke.DirectMethodHandle$Holder.invokeSpecial(java.lang.Object, java.lang.Object, java.lang.Object, java.lang.Object, java.lang.Object)'> (0x00000000e97216f0) 
thrown [s\src\hotspot\share\interpreter\linkResolver.cpp, line 759]
Event: 10.270 Thread 0x00000284d49ea350 Exception <a 'java/lang/NoSuchMethodError'{0x00000000e9735120}: 'void java.lang.invoke.DirectMethodHandle$Holder.invokeStaticInit(java.lang.Object, java.lang.Object)'> (0x00000000e9735120) 
thrown [s\src\hotspot\share\interpreter\linkResolver.cpp, line 759]
Event: 10.372 Thread 0x00000284d49ea350 Exception <a 'java/lang/NoSuchMethodError'{0x00000000e940e0e0}: 'void java.lang.invoke.DelegatingMethodHandle$Holder.reinvoke_L(java.lang.Object, java.lang.Object, java.lang.Object, java.lang.Object, java.lang.Object, java.lang.Object, java.lang.Object, java.lang.Object, java.lang.Object, java.lang.Object)'> (0x00000000e940e0e0) 
thrown [s\src\hotspot\share\interpreter\linkResolver.cpp, line 759]
Event: 10.372 Thread 0x00000284d49ea350 Exception <a 'java/lang/NoSuchMethodError'{0x00000000e9416550}: 'java.lang.Object java.lang.invoke.DirectMethodHandle$Holder.invokeSpecial(java.lang.Object, java.lang.Object, java.lang.Object, java.lang.Object, java.lang.Object, java.lang.Object, java.lang.Object, java.lang.Object, java.lang.Object, java.lang.Object)'> (0x00000000e9416550) 
thrown [s\src\hotspot\share\interpreter\linkResolver.cpp, line 759]
Event: 10.373 Thread 0x00000284d49ea350 Exception <a 'java/lang/NoSuchMethodError'{0x00000000e941ae20}: 'java.lang.Object java.lang.invoke.Invokers$Holder.invoker(java.lang.Object, java.lang.Object, java.lang.Object, java.lang.Object, java.lang.Object, java.lang.Object, java.lang.Object, java.lang.Object, java.lang.Object, java.lang.Object)'> (0x00000000e941ae20) 
thrown [s\src\hotspot\share\interpreter\linkResolver.cpp, line 759]
Event: 10.373 Thread 0x00000284d49ea350 Exception <a 'java/lang/NoSuchMethodError'{0x00000000e9420a28}: 'java.lang.Object java.lang.invoke.DirectMethodHandle$Holder.invokeSpecial(java.lang.Object, java.lang.Object, java.lang.Object, java.lang.Object, java.lang.Object, java.lang.Object, java.lang.Object, java.lang.Object, java.lang.Object, java.lang.Object, java.lang.Object)'> (0x00000000e9420a28) 
thrown [s\src\hotspot\share\interpreter\linkResolver.cpp, line 759]
Event: 10.885 Thread 0x00000284d49ea350 Exception <a 'java/lang/NoSuchMethodError'{0x00000000e8d61c28}: 'java.lang.Object java.lang.invoke.DirectMethodHandle$Holder.newInvokeSpecial(java.lang.Object, java.lang.Object, int)'> (0x00000000e8d61c28) 
thrown [s\src\hotspot\share\interpreter\linkResolver.cpp, line 759]

VM Operations (20 events):
Event: 8.496 Executing VM operation: HandshakeAllThreads
Event: 8.497 Executing VM operation: HandshakeAllThreads done
Event: 8.498 Executing VM operation: HandshakeAllThreads
Event: 8.498 Executing VM operation: HandshakeAllThreads done
Event: 8.732 Executing VM operation: HandshakeAllThreads
Event: 8.732 Executing VM operation: HandshakeAllThreads done
Event: 8.844 Executing VM operation: HandshakeAllThreads
Event: 8.844 Executing VM operation: HandshakeAllThreads done
Event: 8.949 Executing VM operation: HandshakeAllThreads
Event: 8.949 Executing VM operation: HandshakeAllThreads done
Event: 9.095 Executing VM operation: HandshakeAllThreads
Event: 9.095 Executing VM operation: HandshakeAllThreads done
Event: 9.095 Executing VM operation: Cleanup
Event: 9.095 Executing VM operation: Cleanup done
Event: 9.522 Executing VM operation: HandshakeAllThreads
Event: 9.522 Executing VM operation: HandshakeAllThreads done
Event: 9.723 Executing VM operation: HandshakeAllThreads
Event: 9.723 Executing VM operation: HandshakeAllThreads done
Event: 10.723 Executing VM operation: Cleanup
Event: 10.723 Executing VM operation: Cleanup done

Events (20 events):
Event: 10.797 loading class java/nio/file/NoSuchFileException done
Event: 10.799 loading class java/nio/file/attribute/PosixFilePermissions
Event: 10.799 loading class java/nio/file/attribute/PosixFilePermissions done
Event: 10.799 loading class java/nio/file/attribute/PosixFilePermissions$1
Event: 10.799 loading class java/nio/file/attribute/PosixFilePermissions$1 done
Event: 10.811 loading class sun/invoke/util/VerifyAccess$1
Event: 10.811 loading class sun/invoke/util/VerifyAccess$1 done
Event: 10.881 loading class java/util/concurrent/ArrayBlockingQueue
Event: 10.882 loading class java/util/concurrent/ArrayBlockingQueue done
Event: 10.882 loading class java/util/concurrent/locks/ReentrantLock$FairSync
Event: 10.883 loading class java/util/concurrent/locks/ReentrantLock$FairSync done
Event: 10.883 Thread 0x00000284d49e9e40 Thread added: 0x00000284d49e9e40
Event: 10.889 loading class sun/misc/Unsafe
Event: 10.890 loading class sun/misc/Unsafe done
Event: 10.977 Thread 0x00000284d49ed5f0 Thread added: 0x00000284d49ed5f0
Event: 10.986 loading class java/net/DatagramPacket
Event: 10.987 loading class java/net/DatagramPacket done
Event: 11.002 loading class sun/nio/ch/DatagramSocketAdaptor$DatagramPackets
Event: 11.003 loading class sun/nio/ch/DatagramSocketAdaptor$DatagramPackets done
Event: 11.401 Thread 0x00000284d49eb280 Thread added: 0x00000284d49eb280


Dynamic libraries:
0x00007ff77a950000 - 0x00007ff77a95e000 	C:\ssafy\0.tool\1.jdk\bin\java.exe
0x00007ffa45ec0000 - 0x00007ffa460c9000 	C:\WINDOWS\SYSTEM32\ntdll.dll
0x00007ffa44b90000 - 0x00007ffa44c4d000 	C:\WINDOWS\System32\KERNEL32.DLL
0x00007ffa43980000 - 0x00007ffa43d04000 	C:\WINDOWS\System32\KERNELBASE.dll
0x00007ffa433d0000 - 0x00007ffa434e1000 	C:\WINDOWS\System32\ucrtbase.dll
0x00007ffa2ef70000 - 0x00007ffa2ef8b000 	C:\ssafy\0.tool\1.jdk\bin\VCRUNTIME140.dll
0x00007ffa2ef90000 - 0x00007ffa2efa7000 	C:\ssafy\0.tool\1.jdk\bin\jli.dll
0x00007ffa45820000 - 0x00007ffa459cd000 	C:\WINDOWS\System32\USER32.dll
0x00007ffa43600000 - 0x00007ffa43626000 	C:\WINDOWS\System32\win32u.dll
0x00007ffa44d00000 - 0x00007ffa44d2a000 	C:\WINDOWS\System32\GDI32.dll
0x00007ffa43630000 - 0x00007ffa4374e000 	C:\WINDOWS\System32\gdi32full.dll
0x00007ffa434f0000 - 0x00007ffa4358d000 	C:\WINDOWS\System32\msvcp_win.dll
0x00007ffa30710000 - 0x00007ffa309b5000 	C:\WINDOWS\WinSxS\amd64_microsoft.windows.common-controls_6595b64144ccf1df_6.0.22000.120_none_9d947278b86cc467\COMCTL32.dll
0x00007ffa44a70000 - 0x00007ffa44b13000 	C:\WINDOWS\System32\msvcrt.dll
0x00007ffa44650000 - 0x00007ffa44681000 	C:\WINDOWS\System32\IMM32.DLL
0x00007ffa2e6d0000 - 0x00007ffa2e6dc000 	C:\ssafy\0.tool\1.jdk\bin\vcruntime140_1.dll
0x00007ffa22b70000 - 0x00007ffa22bfe000 	C:\ssafy\0.tool\1.jdk\bin\msvcp140.dll
0x00007ff9d9be0000 - 0x00007ff9da845000 	C:\ssafy\0.tool\1.jdk\bin\server\jvm.dll
0x00007ffa44c50000 - 0x00007ffa44cfe000 	C:\WINDOWS\System32\ADVAPI32.dll
0x00007ffa44500000 - 0x00007ffa4459e000 	C:\WINDOWS\System32\sechost.dll
0x00007ffa459d0000 - 0x00007ffa45af1000 	C:\WINDOWS\System32\RPCRT4.dll
0x00007ffa43230000 - 0x00007ffa4327d000 	C:\WINDOWS\SYSTEM32\POWRPROF.dll
0x00007ffa2e290000 - 0x00007ffa2e299000 	C:\WINDOWS\SYSTEM32\WSOCK32.dll
0x00007ffa44dc0000 - 0x00007ffa44e2f000 	C:\WINDOWS\System32\WS2_32.dll
0x00007ffa2ee70000 - 0x00007ffa2ee7a000 	C:\WINDOWS\SYSTEM32\VERSION.dll
0x00007ffa3b300000 - 0x00007ffa3b333000 	C:\WINDOWS\SYSTEM32\WINMM.dll
0x00007ffa43200000 - 0x00007ffa43213000 	C:\WINDOWS\SYSTEM32\UMPDC.dll
0x00007ffa423c0000 - 0x00007ffa423d8000 	C:\WINDOWS\SYSTEM32\kernel.appcore.dll
0x00007ffa2ded0000 - 0x00007ffa2deda000 	C:\ssafy\0.tool\1.jdk\bin\jimage.dll
0x00007ffa40f60000 - 0x00007ffa41181000 	C:\WINDOWS\SYSTEM32\DBGHELP.DLL
0x00007ffa2b370000 - 0x00007ffa2b3a1000 	C:\WINDOWS\SYSTEM32\dbgcore.DLL
0x00007ffa43350000 - 0x00007ffa433cf000 	C:\WINDOWS\System32\bcryptPrimitives.dll
0x00007ffa2bcc0000 - 0x00007ffa2bcce000 	C:\ssafy\0.tool\1.jdk\bin\instrument.dll
0x00007ffa22b40000 - 0x00007ffa22b65000 	C:\ssafy\0.tool\1.jdk\bin\java.dll
0x00007ffa20370000 - 0x00007ffa20447000 	C:\ssafy\0.tool\1.jdk\bin\jsvml.dll
0x00007ffa43d30000 - 0x00007ffa444f5000 	C:\WINDOWS\System32\SHELL32.dll
0x00007ffa41300000 - 0x00007ffa41b62000 	C:\WINDOWS\SYSTEM32\windows.storage.dll
0x00007ffa44690000 - 0x00007ffa44a06000 	C:\WINDOWS\System32\combase.dll
0x00007ffa41190000 - 0x00007ffa412f7000 	C:\WINDOWS\SYSTEM32\wintypes.dll
0x00007ffa44e30000 - 0x00007ffa44f1a000 	C:\WINDOWS\System32\SHCORE.dll
0x00007ffa457c0000 - 0x00007ffa4581d000 	C:\WINDOWS\System32\shlwapi.dll
0x00007ffa43280000 - 0x00007ffa432a5000 	C:\WINDOWS\SYSTEM32\profapi.dll
0x00007ffa24a80000 - 0x00007ffa24a98000 	C:\ssafy\0.tool\1.jdk\bin\zip.dll
0x00007ffa22660000 - 0x00007ffa22679000 	C:\ssafy\0.tool\1.jdk\bin\net.dll
0x00007ffa3e9a0000 - 0x00007ffa3eab4000 	C:\WINDOWS\SYSTEM32\WINHTTP.dll
0x00007ffa42870000 - 0x00007ffa428d7000 	C:\WINDOWS\system32\mswsock.dll
0x00007ffa22640000 - 0x00007ffa22656000 	C:\ssafy\0.tool\1.jdk\bin\nio.dll
0x00007ffa3e830000 - 0x00007ffa3e840000 	C:\ssafy\0.tool\1.jdk\bin\verify.dll
0x00007ffa305d0000 - 0x00007ffa305f7000 	C:\Users\Sangha\.gradle\native\c067742578af261105cb4f569cf0c3c89f3d7b1fecec35dd04571415982c5e48\windows-amd64\native-platform.dll
0x00007ffa08eb0000 - 0x00007ffa08ff4000 	C:\Users\Sangha\.gradle\native\100fb08df4bc3b14c8652ba06237920a3bd2aa13389f12d3474272988ae205f9\windows-amd64\native-platform-file-events.dll
0x00007ffa22b30000 - 0x00007ffa22b3a000 	C:\ssafy\0.tool\1.jdk\bin\management.dll
0x00007ffa22630000 - 0x00007ffa2263b000 	C:\ssafy\0.tool\1.jdk\bin\management_ext.dll
0x00007ffa452a0000 - 0x00007ffa452a8000 	C:\WINDOWS\System32\PSAPI.DLL
0x00007ffa42ab0000 - 0x00007ffa42ac8000 	C:\WINDOWS\SYSTEM32\CRYPTSP.dll
0x00007ffa42320000 - 0x00007ffa42355000 	C:\WINDOWS\system32\rsaenh.dll
0x00007ffa42960000 - 0x00007ffa4298c000 	C:\WINDOWS\SYSTEM32\USERENV.dll
0x00007ffa42c30000 - 0x00007ffa42c57000 	C:\WINDOWS\SYSTEM32\bcrypt.dll
0x00007ffa42ad0000 - 0x00007ffa42adc000 	C:\WINDOWS\SYSTEM32\CRYPTBASE.dll
0x00007ffa41ee0000 - 0x00007ffa41f0d000 	C:\WINDOWS\SYSTEM32\IPHLPAPI.DLL
0x00007ffa44d30000 - 0x00007ffa44d39000 	C:\WINDOWS\System32\NSI.dll
0x00007ffa3be70000 - 0x00007ffa3be89000 	C:\WINDOWS\SYSTEM32\dhcpcsvc6.DLL
0x00007ffa3c830000 - 0x00007ffa3c84e000 	C:\WINDOWS\SYSTEM32\dhcpcsvc.DLL
0x00007ffa41f50000 - 0x00007ffa42037000 	C:\WINDOWS\SYSTEM32\DNSAPI.dll
0x00007ffa22620000 - 0x00007ffa22629000 	C:\ssafy\0.tool\1.jdk\bin\extnet.dll
0x00007ffa22610000 - 0x00007ffa2261e000 	C:\ssafy\0.tool\1.jdk\bin\sunmscapi.dll
0x00007ffa43810000 - 0x00007ffa43972000 	C:\WINDOWS\System32\CRYPT32.dll
0x00007ffa42c00000 - 0x00007ffa42c28000 	C:\WINDOWS\SYSTEM32\ncrypt.dll
0x00007ffa42bc0000 - 0x00007ffa42bf7000 	C:\WINDOWS\SYSTEM32\NTASN1.dll
0x00007ff9e3940000 - 0x00007ff9e3948000 	C:\WINDOWS\system32\wshunix.dll

dbghelp: loaded successfully - version: 4.0.5 - missing functions: none
symbol engine: initialized successfully - sym options: 0x614 - pdb path: .;C:\ssafy\0.tool\1.jdk\bin;C:\WINDOWS\SYSTEM32;C:\WINDOWS\WinSxS\amd64_microsoft.windows.common-controls_6595b64144ccf1df_6.0.22000.120_none_9d947278b86cc467;C:\ssafy\0.tool\1.jdk\bin\server;C:\Users\Sangha\.gradle\native\c067742578af261105cb4f569cf0c3c89f3d7b1fecec35dd04571415982c5e48\windows-amd64;C:\Users\Sangha\.gradle\native\100fb08df4bc3b14c8652ba06237920a3bd2aa13389f12d3474272988ae205f9\windows-amd64

VM Arguments:
jvm_args: --add-opens=java.base/java.util=ALL-UNNAMED --add-opens=java.base/java.lang=ALL-UNNAMED --add-opens=java.base/java.lang.invoke=ALL-UNNAMED --add-opens=java.prefs/java.util.prefs=ALL-UNNAMED --add-exports=jdk.compiler/com.sun.tools.javac.api=ALL-UNNAMED --add-exports=jdk.compiler/com.sun.tools.javac.util=ALL-UNNAMED --add-opens=java.base/java.nio.charset=ALL-UNNAMED --add-opens=java.base/java.net=ALL-UNNAMED --add-opens=java.base/java.util.concurrent.atomic=ALL-UNNAMED -XX:MaxMetaspaceSize=384m -XX:+HeapDumpOnOutOfMemoryError -Xms256m -Xmx512m -Dfile.encoding=UTF-8 -Duser.country=KR -Duser.language=ko -Duser.variant -javaagent:C:\Users\Sangha\.gradle\wrapper\dists\gradle-8.10.2-bin\a04bxjujx95o3nb99gddekhwo\gradle-8.10.2\lib\agents\gradle-instrumentation-agent-8.10.2.jar 
java_command: org.gradle.launcher.daemon.bootstrap.GradleDaemon 8.10.2
java_class_path (initial): C:\Users\Sangha\.gradle\wrapper\dists\gradle-8.10.2-bin\a04bxjujx95o3nb99gddekhwo\gradle-8.10.2\lib\gradle-daemon-main-8.10.2.jar
Launcher Type: SUN_STANDARD

[Global flags]
     intx CICompilerCount                          = 3                                         {product} {ergonomic}
   size_t CompressedClassSpaceSize                 = 335544320                                 {product} {ergonomic}
     uint ConcGCThreads                            = 1                                         {product} {ergonomic}
     uint G1ConcRefinementThreads                  = 4                                         {product} {ergonomic}
   size_t G1HeapRegionSize                         = 1048576                                   {product} {ergonomic}
    uintx GCDrainStackTargetSize                   = 64                                        {product} {ergonomic}
     bool HeapDumpOnOutOfMemoryError               = true                                   {manageable} {command line}
   size_t InitialHeapSize                          = 268435456                                 {product} {command line}
   size_t MarkStackSize                            = 4194304                                   {product} {ergonomic}
   size_t MaxHeapSize                              = 536870912                                 {product} {command line}
   size_t MaxMetaspaceSize                         = 402653184                                 {product} {command line}
   size_t MaxNewSize                               = 321912832                                 {product} {ergonomic}
   size_t MinHeapDeltaBytes                        = 1048576                                   {product} {ergonomic}
   size_t MinHeapSize                              = 268435456                                 {product} {command line}
    uintx NonNMethodCodeHeapSize                   = 5832780                                {pd product} {ergonomic}
    uintx NonProfiledCodeHeapSize                  = 122912730                              {pd product} {ergonomic}
    uintx ProfiledCodeHeapSize                     = 122912730                              {pd product} {ergonomic}
    uintx ReservedCodeCacheSize                    = 251658240                              {pd product} {ergonomic}
     bool SegmentedCodeCache                       = true                                      {product} {ergonomic}
   size_t SoftMaxHeapSize                          = 536870912                              {manageable} {ergonomic}
     bool UseCompressedClassPointers               = true                           {product lp64_product} {ergonomic}
     bool UseCompressedOops                        = true                           {product lp64_product} {ergonomic}
     bool UseG1GC                                  = true                                      {product} {ergonomic}
     bool UseLargePagesIndividualAllocation        = false                                  {pd product} {ergonomic}

Logging:
Log output configuration:
 #0: stdout all=warning uptime,level,tags
 #1: stderr all=off uptime,level,tags

Environment Variables:
JAVA_HOME=C:\ssafy\0.tool\1.jdk
CLASSPATH=C:\ssafy\0.tool\1.jdk\lib
PATH=C:\ssafy\0.tool\1.jdk\bin;C:\Python312\Scripts\;C:\Python312\;C:\Program Files\Python311\Scripts\;C:\Program Files\Python311\;C:\Program Files (x86)\Intel\iCLS Client\;C:\Program Files\Intel\iCLS Client\;C:\WINDOWS\system32;C:\WINDOWS;C:\WINDOWS\System32\Wbem;C:\WINDOWS\System32\WindowsPowerShell\v1.0\;C:\WINDOWS\System32\OpenSSH\;C:\Program Files (x86)\Intel\Intel(R) Management Engine Components\DAL;C:\Program Files\Intel\Intel(R) Management Engine Components\DAL;C:\Program Files (x86)\Intel\Intel(R) Management Engine Components\IPT;C:\Program Files\Intel\Intel(R) Management Engine Components\IPT;C:\Program Files\MATLAB\R2019b\runtime\win64;C:\Program Files\MATLAB\R2019b\bin;C:\Users\Sangha\AppData\Local\Programs\Python\Python39\Scripts;C:\Users\Sangha\AppData\Local\Programs\Python\Python39;C:\Program Files\MATLAB\MATLAB Runtime\v94\runtime\win64;C:\Program Files\Git\cmd;C:\Program Files\nodejs\;C:\ProgramData\chocolatey\bin;C:\Users\Sangha\anaconda3;C:\Users\Sangha\anaconda3\Library\mingw-w64\bin;C:\Users\Sangha\anaconda3\Library\usr\bin;C:\Users\Sangha\anaconda3\Library\bin;C:\Users\Sangha\anaconda3\Scripts;C:\Users\\AppData\Local\Programs\Python\Python37-32\Scripts\;C:\Users\\AppData\Local\Programs\Python\Python37-32\;C:\Users\Sangha\AppData\Local\Microsoft\WindowsApps;C:\Users\Sangha\AppData\Local\Programs\Python\Python39\Scripts;C:\Users\Sangha\AppData\Local\Programs\Microsoft VS Code\bin;C:\Users\Sangha\AppData\Roaming\npm;C:\Users\Sangha\AppData\Local\JetBrains\Toolbox\scripts;
USERNAME=Sangha
OS=Windows_NT
PROCESSOR_IDENTIFIER=Intel64 Family 6 Model 142 Stepping 10, GenuineIntel
TMP=C:\Users\Sangha\AppData\Local\Temp
TEMP=C:\Users\Sangha\AppData\Local\Temp



Periodic native trim disabled


---------------  S Y S T E M  ---------------

OS:
 Windows 11 , 64 bit Build 22000 (10.0.22000.2538)
OS uptime: 2 days 23:21 hours

CPU: total 4 (initial active 4) (2 cores per cpu, 2 threads per core) family 6 model 142 stepping 10 microcode 0xe0, cx8, cmov, fxsr, ht, mmx, 3dnowpref, sse, sse2, sse3, ssse3, sse4.1, sse4.2, popcnt, lzcnt, tsc, tscinvbit, avx, avx2, aes, erms, clmul, bmi1, bmi2, adx, fma, vzeroupper, clflush, clflushopt
Processor Information for all 4 processors :
  Max Mhz: 2208, Current Mhz: 2208, Mhz Limit: 2208

Memory: 4k page, system-wide physical 3929M (87M free)
TotalPageFile size 16217M (AvailPageFile size 2M)
current process WorkingSet (physical memory assigned to process): 204M, peak: 214M
current process commit charge ("private bytes"): 382M, peak: 395M

vm_info: OpenJDK 64-Bit Server VM (17.0.11+12-LTS) for windows-amd64 JRE (17.0.11+12-LTS), built on May 14 2024 14:41:48 by "" with MS VC++ 17.1 (VS2022)

END.
