#
# There is insufficient memory for the Java Runtime Environment to continue.
# Native memory allocation (malloc) failed to allocate 431952 bytes. Error detail: Chunk::new
# Possible reasons:
#   The system is out of physical RAM or swap space
#   This process is running with CompressedOops enabled, and the Java Heap may be blocking the growth of the native heap
# Possible solutions:
#   Reduce memory load on the system
#   Increase physical memory or swap space
#   Check if swap backing store is full
#   Decrease Java heap size (-Xmx/-Xms)
#   Decrease number of Java threads
#   Decrease Java thread stack sizes (-Xss)
#   Set larger code cache with -XX:ReservedCodeCacheSize=
#   JVM is running with Unscaled Compressed Oops mode in which the Java heap is
#     placed in the first 4GB address space. The Java Heap base address is the
#     maximum limit for the native heap growth. Please use -XX:HeapBaseMinAddress
#     to set the Java Heap base and to place the Java Heap above 4GB virtual address.
# This output file may be truncated or incomplete.
#
#  Out of Memory Error (arena.cpp:168), pid=18780, tid=23292
#
# JRE version: OpenJDK Runtime Environment JBR-21.0.4+13-509.17-jcef (21.0.4+13) (build 21.0.4+13-b509.17)
# Java VM: OpenJDK 64-Bit Server VM JBR-21.0.4+13-509.17-jcef (21.0.4+13-b509.17, mixed mode, tiered, compressed oops, compressed class ptrs, g1 gc, windows-amd64)
# No core dump will be written. Minidumps are not enabled by default on client versions of Windows
#

---------------  S U M M A R Y ------------

Command Line: git4idea.http.GitAskPassApp Password for 'https://tkdgk1204@github.com': 

Host: Intel(R) Core(TM) i3-8130U CPU @ 2.20GHz, 4 cores, 3G,  Windows 11 , 64 bit Build 22000 (10.0.22000.2538)
Time: Fri Nov 22 13:30:07 2024  Windows 11 , 64 bit Build 22000 (10.0.22000.2538) elapsed time: 2.345674 seconds (0d 0h 0m 2s)

---------------  T H R E A D  ---------------

Current thread (0x0000024442011f80):  JavaThread "C2 CompilerThread0" daemon [_thread_in_native, id=23292, stack(0x0000006425c00000,0x0000006425d00000) (1024K)]


Current CompileTask:
C2:   2345 1093       4       sun.security.ec.ECOperations::setDouble (463 bytes)

Stack: [0x0000006425c00000,0x0000006425d00000]
Native frames: (J=compiled Java code, j=interpreted, Vv=VM code, C=native code)
V  [jvm.dll+0x6e36d9]
V  [jvm.dll+0x8c0bd3]
V  [jvm.dll+0x8c312e]
V  [jvm.dll+0x8c3813]
V  [jvm.dll+0x288256]
V  [jvm.dll+0xc613d]
V  [jvm.dll+0xc6673]
V  [jvm.dll+0x14228f]
V  [jvm.dll+0x672045]
V  [jvm.dll+0x67056d]
V  [jvm.dll+0x24f9ef]
V  [jvm.dll+0x24f141]
V  [jvm.dll+0x1cd074]
V  [jvm.dll+0x25e88c]
V  [jvm.dll+0x25cdd6]
V  [jvm.dll+0x3fdff6]
V  [jvm.dll+0x868868]
V  [jvm.dll+0x6e1edd]
C  [ucrtbase.dll+0x26c0c]
C  [KERNEL32.DLL+0x153e0]
C  [ntdll.dll+0x485b]


---------------  P R O C E S S  ---------------

Threads class SMR info:
_java_thread_list=0x00000244421b57b0, length=14, elements={
0x0000024425461080, 0x000002443deba720, 0x000002443debb440, 0x000002443debe1c0,
0x0000024442010060, 0x0000024442010ac0, 0x0000024442011520, 0x0000024442011f80,
0x0000024442017050, 0x00000244421ce4c0, 0x00000244421d0f40, 0x00000244426d0fb0,
0x00000244426f3000, 0x00000244427ebdb0
}

Java Threads: ( => current thread )
  0x0000024425461080 JavaThread "main"                              [_thread_blocked, id=8324, stack(0x0000006424e00000,0x0000006424f00000) (1024K)]
  0x000002443deba720 JavaThread "Reference Handler"          daemon [_thread_blocked, id=3352, stack(0x0000006425600000,0x0000006425700000) (1024K)]
  0x000002443debb440 JavaThread "Finalizer"                  daemon [_thread_blocked, id=22684, stack(0x0000006425700000,0x0000006425800000) (1024K)]
  0x000002443debe1c0 JavaThread "Signal Dispatcher"          daemon [_thread_blocked, id=2156, stack(0x0000006425800000,0x0000006425900000) (1024K)]
  0x0000024442010060 JavaThread "Attach Listener"            daemon [_thread_blocked, id=12696, stack(0x0000006425900000,0x0000006425a00000) (1024K)]
  0x0000024442010ac0 JavaThread "Service Thread"             daemon [_thread_blocked, id=19364, stack(0x0000006425a00000,0x0000006425b00000) (1024K)]
  0x0000024442011520 JavaThread "Monitor Deflation Thread"   daemon [_thread_blocked, id=18488, stack(0x0000006425b00000,0x0000006425c00000) (1024K)]
=>0x0000024442011f80 JavaThread "C2 CompilerThread0"         daemon [_thread_in_native, id=23292, stack(0x0000006425c00000,0x0000006425d00000) (1024K)]
  0x0000024442017050 JavaThread "C1 CompilerThread0"         daemon [_thread_blocked, id=23112, stack(0x0000006425d00000,0x0000006425e00000) (1024K)]
  0x00000244421ce4c0 JavaThread "Notification Thread"        daemon [_thread_blocked, id=20972, stack(0x0000006425e00000,0x0000006425f00000) (1024K)]
  0x00000244421d0f40 JavaThread "Common-Cleaner"             daemon [_thread_blocked, id=21984, stack(0x0000006425f00000,0x0000006426000000) (1024K)]
  0x00000244426d0fb0 JavaThread "HttpClient-1-SelectorManager" daemon [_thread_in_native, id=13260, stack(0x0000006426000000,0x0000006426100000) (1024K)]
  0x00000244426f3000 JavaThread "HttpClient-1-Worker-0"      daemon [_thread_in_Java, id=19276, stack(0x0000006426200000,0x0000006426300000) (1024K)]
  0x00000244427ebdb0 JavaThread "HttpClient-1-Worker-1"      daemon [_thread_blocked, id=16284, stack(0x0000006426300000,0x0000006426400000) (1024K)]
Total: 14

Other Threads:
  0x000002443de05000 VMThread "VM Thread"                           [id=23516, stack(0x0000006425500000,0x0000006425600000) (1024K)]
  0x00000244277d75f0 WatcherThread "VM Periodic Task Thread"        [id=22992, stack(0x0000006425400000,0x0000006425500000) (1024K)]
  0x00000244277609e0 WorkerThread "GC Thread#0"                     [id=1564, stack(0x0000006424f00000,0x0000006425000000) (1024K)]
  0x00000244427ef380 WorkerThread "GC Thread#1"                     [id=18756, stack(0x0000006426400000,0x0000006426500000) (1024K)]
  0x0000024442776070 WorkerThread "GC Thread#2"                     [id=21508, stack(0x0000006426500000,0x0000006426600000) (1024K)]
  0x00000244427a5e00 WorkerThread "GC Thread#3"                     [id=22716, stack(0x0000006426600000,0x0000006426700000) (1024K)]
  0x00000244277694c0 ConcurrentGCThread "G1 Main Marker"            [id=8076, stack(0x0000006425000000,0x0000006425100000) (1024K)]
  0x000002442776a180 WorkerThread "G1 Conc#0"                       [id=20624, stack(0x0000006425100000,0x0000006425200000) (1024K)]
  0x00000244277c8d60 ConcurrentGCThread "G1 Refine#0"               [id=11928, stack(0x0000006425200000,0x0000006425300000) (1024K)]
  0x00000244277cacf0 ConcurrentGCThread "G1 Service"                [id=19740, stack(0x0000006425300000,0x0000006425400000) (1024K)]
Total: 10

Threads with active compile tasks:
C2 CompilerThread0     2423 1093       4       sun.security.ec.ECOperations::setDouble (463 bytes)
Total: 1

VM state: not at safepoint (normal execution)

VM Mutex/Monitor currently owned by a thread: None

Heap address: 0x00000000c2800000, size: 984 MB, Compressed Oops mode: 32-bit

CDS archive(s) not mapped
Compressed class space mapped at: 0x0000000100000000-0x0000000140000000, reserved size: 1073741824
Narrow klass base: 0x0000000000000000, Narrow klass shift: 3, Narrow klass range: 0x140000000

GC Precious Log:
 CardTable entry size: 512
 Card Set container configuration: InlinePtr #cards 5 size 8 Array Of Cards #cards 12 size 40 Howl #buckets 4 coarsen threshold 1843 Howl Bitmap #cards 512 size 80 coarsen threshold 460 Card regions per heap region 1 cards per card region 2048
 CPUs: 4 total, 4 available
 Memory: 3929M
 Large Page Support: Disabled
 NUMA Support: Disabled
 Compressed Oops: Enabled (32-bit)
 Heap Region Size: 1M
 Heap Min Capacity: 8M
 Heap Initial Capacity: 62M
 Heap Max Capacity: 984M
 Pre-touch: Disabled
 Parallel Workers: 4
 Concurrent Workers: 1
 Concurrent Refinement Workers: 4
 Periodic GC: Disabled

Heap:
 garbage-first heap   total 63488K, used 3584K [0x00000000c2800000, 0x0000000100000000)
  region size 1024K, 4 young (4096K), 2 survivors (2048K)
 Metaspace       used 17219K, committed 17472K, reserved 1114112K
  class space    used 1692K, committed 1792K, reserved 1048576K

Heap Regions: E=young(eden), S=young(survivor), O=old, HS=humongous(starts), HC=humongous(continues), CS=collection set, F=free, TAMS=top-at-mark-start, PB=parsable bottom
|   0|0x00000000c2800000, 0x00000000c2880000, 0x00000000c2900000| 50%| O|  |TAMS 0x00000000c2800000| PB 0x00000000c2800000| Untracked 
|   1|0x00000000c2900000, 0x00000000c2900000, 0x00000000c2a00000|  0%| F|  |TAMS 0x00000000c2900000| PB 0x00000000c2900000| Untracked 
|   2|0x00000000c2a00000, 0x00000000c2a00000, 0x00000000c2b00000|  0%| F|  |TAMS 0x00000000c2a00000| PB 0x00000000c2a00000| Untracked 
|   3|0x00000000c2b00000, 0x00000000c2b00000, 0x00000000c2c00000|  0%| F|  |TAMS 0x00000000c2b00000| PB 0x00000000c2b00000| Untracked 
|   4|0x00000000c2c00000, 0x00000000c2c00000, 0x00000000c2d00000|  0%| F|  |TAMS 0x00000000c2c00000| PB 0x00000000c2c00000| Untracked 
|   5|0x00000000c2d00000, 0x00000000c2d00000, 0x00000000c2e00000|  0%| F|  |TAMS 0x00000000c2d00000| PB 0x00000000c2d00000| Untracked 
|   6|0x00000000c2e00000, 0x00000000c2e00000, 0x00000000c2f00000|  0%| F|  |TAMS 0x00000000c2e00000| PB 0x00000000c2e00000| Untracked 
|   7|0x00000000c2f00000, 0x00000000c2f00000, 0x00000000c3000000|  0%| F|  |TAMS 0x00000000c2f00000| PB 0x00000000c2f00000| Untracked 
|   8|0x00000000c3000000, 0x00000000c3000000, 0x00000000c3100000|  0%| F|  |TAMS 0x00000000c3000000| PB 0x00000000c3000000| Untracked 
|   9|0x00000000c3100000, 0x00000000c3100000, 0x00000000c3200000|  0%| F|  |TAMS 0x00000000c3100000| PB 0x00000000c3100000| Untracked 
|  10|0x00000000c3200000, 0x00000000c3200000, 0x00000000c3300000|  0%| F|  |TAMS 0x00000000c3200000| PB 0x00000000c3200000| Untracked 
|  11|0x00000000c3300000, 0x00000000c3300000, 0x00000000c3400000|  0%| F|  |TAMS 0x00000000c3300000| PB 0x00000000c3300000| Untracked 
|  12|0x00000000c3400000, 0x00000000c3400000, 0x00000000c3500000|  0%| F|  |TAMS 0x00000000c3400000| PB 0x00000000c3400000| Untracked 
|  13|0x00000000c3500000, 0x00000000c3500000, 0x00000000c3600000|  0%| F|  |TAMS 0x00000000c3500000| PB 0x00000000c3500000| Untracked 
|  14|0x00000000c3600000, 0x00000000c3600000, 0x00000000c3700000|  0%| F|  |TAMS 0x00000000c3600000| PB 0x00000000c3600000| Untracked 
|  15|0x00000000c3700000, 0x00000000c3700000, 0x00000000c3800000|  0%| F|  |TAMS 0x00000000c3700000| PB 0x00000000c3700000| Untracked 
|  16|0x00000000c3800000, 0x00000000c3800000, 0x00000000c3900000|  0%| F|  |TAMS 0x00000000c3800000| PB 0x00000000c3800000| Untracked 
|  17|0x00000000c3900000, 0x00000000c3900000, 0x00000000c3a00000|  0%| F|  |TAMS 0x00000000c3900000| PB 0x00000000c3900000| Untracked 
|  18|0x00000000c3a00000, 0x00000000c3a00000, 0x00000000c3b00000|  0%| F|  |TAMS 0x00000000c3a00000| PB 0x00000000c3a00000| Untracked 
|  19|0x00000000c3b00000, 0x00000000c3b00000, 0x00000000c3c00000|  0%| F|  |TAMS 0x00000000c3b00000| PB 0x00000000c3b00000| Untracked 
|  20|0x00000000c3c00000, 0x00000000c3c00000, 0x00000000c3d00000|  0%| F|  |TAMS 0x00000000c3c00000| PB 0x00000000c3c00000| Untracked 
|  21|0x00000000c3d00000, 0x00000000c3d00000, 0x00000000c3e00000|  0%| F|  |TAMS 0x00000000c3d00000| PB 0x00000000c3d00000| Untracked 
|  22|0x00000000c3e00000, 0x00000000c3e00000, 0x00000000c3f00000|  0%| F|  |TAMS 0x00000000c3e00000| PB 0x00000000c3e00000| Untracked 
|  23|0x00000000c3f00000, 0x00000000c3f00000, 0x00000000c4000000|  0%| F|  |TAMS 0x00000000c3f00000| PB 0x00000000c3f00000| Untracked 
|  24|0x00000000c4000000, 0x00000000c4000000, 0x00000000c4100000|  0%| F|  |TAMS 0x00000000c4000000| PB 0x00000000c4000000| Untracked 
|  25|0x00000000c4100000, 0x00000000c4100000, 0x00000000c4200000|  0%| F|  |TAMS 0x00000000c4100000| PB 0x00000000c4100000| Untracked 
|  26|0x00000000c4200000, 0x00000000c4200000, 0x00000000c4300000|  0%| F|  |TAMS 0x00000000c4200000| PB 0x00000000c4200000| Untracked 
|  27|0x00000000c4300000, 0x00000000c4300000, 0x00000000c4400000|  0%| F|  |TAMS 0x00000000c4300000| PB 0x00000000c4300000| Untracked 
|  28|0x00000000c4400000, 0x00000000c4400000, 0x00000000c4500000|  0%| F|  |TAMS 0x00000000c4400000| PB 0x00000000c4400000| Untracked 
|  29|0x00000000c4500000, 0x00000000c4500000, 0x00000000c4600000|  0%| F|  |TAMS 0x00000000c4500000| PB 0x00000000c4500000| Untracked 
|  30|0x00000000c4600000, 0x00000000c4600000, 0x00000000c4700000|  0%| F|  |TAMS 0x00000000c4600000| PB 0x00000000c4600000| Untracked 
|  31|0x00000000c4700000, 0x00000000c4700000, 0x00000000c4800000|  0%| F|  |TAMS 0x00000000c4700000| PB 0x00000000c4700000| Untracked 
|  32|0x00000000c4800000, 0x00000000c4800000, 0x00000000c4900000|  0%| F|  |TAMS 0x00000000c4800000| PB 0x00000000c4800000| Untracked 
|  33|0x00000000c4900000, 0x00000000c4900000, 0x00000000c4a00000|  0%| F|  |TAMS 0x00000000c4900000| PB 0x00000000c4900000| Untracked 
|  34|0x00000000c4a00000, 0x00000000c4a00000, 0x00000000c4b00000|  0%| F|  |TAMS 0x00000000c4a00000| PB 0x00000000c4a00000| Untracked 
|  35|0x00000000c4b00000, 0x00000000c4b00000, 0x00000000c4c00000|  0%| F|  |TAMS 0x00000000c4b00000| PB 0x00000000c4b00000| Untracked 
|  36|0x00000000c4c00000, 0x00000000c4c00000, 0x00000000c4d00000|  0%| F|  |TAMS 0x00000000c4c00000| PB 0x00000000c4c00000| Untracked 
|  37|0x00000000c4d00000, 0x00000000c4d00000, 0x00000000c4e00000|  0%| F|  |TAMS 0x00000000c4d00000| PB 0x00000000c4d00000| Untracked 
|  38|0x00000000c4e00000, 0x00000000c4e00000, 0x00000000c4f00000|  0%| F|  |TAMS 0x00000000c4e00000| PB 0x00000000c4e00000| Untracked 
|  39|0x00000000c4f00000, 0x00000000c4f00000, 0x00000000c5000000|  0%| F|  |TAMS 0x00000000c4f00000| PB 0x00000000c4f00000| Untracked 
|  40|0x00000000c5000000, 0x00000000c5000000, 0x00000000c5100000|  0%| F|  |TAMS 0x00000000c5000000| PB 0x00000000c5000000| Untracked 
|  41|0x00000000c5100000, 0x00000000c5100000, 0x00000000c5200000|  0%| F|  |TAMS 0x00000000c5100000| PB 0x00000000c5100000| Untracked 
|  42|0x00000000c5200000, 0x00000000c5200000, 0x00000000c5300000|  0%| F|  |TAMS 0x00000000c5200000| PB 0x00000000c5200000| Untracked 
|  43|0x00000000c5300000, 0x00000000c5300000, 0x00000000c5400000|  0%| F|  |TAMS 0x00000000c5300000| PB 0x00000000c5300000| Untracked 
|  44|0x00000000c5400000, 0x00000000c5400000, 0x00000000c5500000|  0%| F|  |TAMS 0x00000000c5400000| PB 0x00000000c5400000| Untracked 
|  45|0x00000000c5500000, 0x00000000c5500000, 0x00000000c5600000|  0%| F|  |TAMS 0x00000000c5500000| PB 0x00000000c5500000| Untracked 
|  46|0x00000000c5600000, 0x00000000c5600000, 0x00000000c5700000|  0%| F|  |TAMS 0x00000000c5600000| PB 0x00000000c5600000| Untracked 
|  47|0x00000000c5700000, 0x00000000c5800000, 0x00000000c5800000|100%| S|CS|TAMS 0x00000000c5700000| PB 0x00000000c5700000| Complete 
|  48|0x00000000c5800000, 0x00000000c5900000, 0x00000000c5900000|100%| S|CS|TAMS 0x00000000c5800000| PB 0x00000000c5800000| Complete 
|  49|0x00000000c5900000, 0x00000000c5900000, 0x00000000c5a00000|  0%| F|  |TAMS 0x00000000c5900000| PB 0x00000000c5900000| Untracked 
|  50|0x00000000c5a00000, 0x00000000c5a00000, 0x00000000c5b00000|  0%| F|  |TAMS 0x00000000c5a00000| PB 0x00000000c5a00000| Untracked 
|  51|0x00000000c5b00000, 0x00000000c5b00000, 0x00000000c5c00000|  0%| F|  |TAMS 0x00000000c5b00000| PB 0x00000000c5b00000| Untracked 
|  52|0x00000000c5c00000, 0x00000000c5c00000, 0x00000000c5d00000|  0%| F|  |TAMS 0x00000000c5c00000| PB 0x00000000c5c00000| Untracked 
|  53|0x00000000c5d00000, 0x00000000c5d00000, 0x00000000c5e00000|  0%| F|  |TAMS 0x00000000c5d00000| PB 0x00000000c5d00000| Untracked 
|  54|0x00000000c5e00000, 0x00000000c5e00000, 0x00000000c5f00000|  0%| F|  |TAMS 0x00000000c5e00000| PB 0x00000000c5e00000| Untracked 
|  55|0x00000000c5f00000, 0x00000000c5f00000, 0x00000000c6000000|  0%| F|  |TAMS 0x00000000c5f00000| PB 0x00000000c5f00000| Untracked 
|  56|0x00000000c6000000, 0x00000000c6000000, 0x00000000c6100000|  0%| F|  |TAMS 0x00000000c6000000| PB 0x00000000c6000000| Untracked 
|  57|0x00000000c6100000, 0x00000000c6100000, 0x00000000c6200000|  0%| F|  |TAMS 0x00000000c6100000| PB 0x00000000c6100000| Untracked 
|  58|0x00000000c6200000, 0x00000000c6200000, 0x00000000c6300000|  0%| F|  |TAMS 0x00000000c6200000| PB 0x00000000c6200000| Untracked 
|  59|0x00000000c6300000, 0x00000000c6300000, 0x00000000c6400000|  0%| F|  |TAMS 0x00000000c6300000| PB 0x00000000c6300000| Untracked 
|  60|0x00000000c6400000, 0x00000000c649e4b0, 0x00000000c6500000| 61%| E|  |TAMS 0x00000000c6400000| PB 0x00000000c6400000| Complete 
|  61|0x00000000c6500000, 0x00000000c6600000, 0x00000000c6600000|100%| E|CS|TAMS 0x00000000c6500000| PB 0x00000000c6500000| Complete 

Card table byte_map: [0x000002443a840000,0x000002443aa30000] _byte_map_base: 0x000002443a22c000

Marking Bits: (CMBitMap*) 0x00000244277610e0
 Bits: [0x000002443aa30000, 0x000002443b990000)

Polling page: 0x00000244256d0000

Metaspace:

Usage:
  Non-class:     15.16 MB used.
      Class:      1.65 MB used.
       Both:     16.82 MB used.

Virtual space:
  Non-class space:       64.00 MB reserved,      15.31 MB ( 24%) committed,  1 nodes.
      Class space:        1.00 GB reserved,       1.75 MB ( <1%) committed,  1 nodes.
             Both:        1.06 GB reserved,      17.06 MB (  2%) committed. 

Chunk freelists:
   Non-Class:  336.00 KB
       Class:  14.20 MB
        Both:  14.53 MB

MaxMetaspaceSize: unlimited
CompressedClassSpaceSize: 1.00 GB
Initial GC threshold: 21.00 MB
Current GC threshold: 21.00 MB
CDS: off
 - commit_granule_bytes: 65536.
 - commit_granule_words: 8192.
 - virtual_space_node_default_size: 8388608.
 - enlarge_chunks_in_place: 1.
 - use_allocation_guard: 0.


Internal statistics:

num_allocs_failed_limit: 0.
num_arena_births: 224.
num_arena_deaths: 0.
num_vsnodes_births: 2.
num_vsnodes_deaths: 0.
num_space_committed: 273.
num_space_uncommitted: 0.
num_chunks_returned_to_freelist: 0.
num_chunks_taken_from_freelist: 397.
num_chunk_merges: 0.
num_chunk_splits: 225.
num_chunks_enlarged: 106.
num_inconsistent_stats: 0.

CodeHeap 'non-profiled nmethods': size=120000Kb used=361Kb max_used=361Kb free=119639Kb
 bounds [0x0000024433120000, 0x0000024433390000, 0x000002443a650000]
CodeHeap 'profiled nmethods': size=120000Kb used=1800Kb max_used=1800Kb free=118199Kb
 bounds [0x000002442b650000, 0x000002442b8c0000, 0x0000024432b80000]
CodeHeap 'non-nmethods': size=5760Kb used=1430Kb max_used=1446Kb free=4329Kb
 bounds [0x0000024432b80000, 0x0000024432df0000, 0x0000024433120000]
 total_blobs=1636 nmethods=1119 adapters=422
 compilation: enabled
              stopped_count=0, restarted_count=0
 full_count=0

Compilation events (20 events):
Event: 2.077 Thread 0x0000024442011f80 nmethod 1092 0x0000024433178490 code [0x0000024433178680, 0x0000024433179178]
Event: 2.112 Thread 0x0000024442011f80 1093       4       sun.security.ec.ECOperations::setDouble (463 bytes)
Event: 2.113 Thread 0x0000024442017050 1094       3       sun.security.util.math.intpoly.IntegerPolynomial::get0 (10 bytes)
Event: 2.114 Thread 0x0000024442017050 nmethod 1094 0x000002442b806190 code [0x000002442b806340, 0x000002442b806540]
Event: 2.114 Thread 0x0000024442017050 1095       3       sun.security.util.math.intpoly.IntegerPolynomial::get0 (5 bytes)
Event: 2.114 Thread 0x0000024442017050 nmethod 1095 0x000002442b806610 code [0x000002442b8067c0, 0x000002442b806a98]
Event: 2.224 Thread 0x0000024442017050 1097       3       sun.security.ec.ECOperations$PointMultiplier$Secp256R1GeneratorMultiplier::bit (13 bytes)
Event: 2.224 Thread 0x0000024442017050 nmethod 1097 0x000002442b806c10 code [0x000002442b806da0, 0x000002442b806ec8]
Event: 2.225 Thread 0x0000024442017050 1098       3       java.util.LinkedList$ListItr::hasNext (20 bytes)
Event: 2.226 Thread 0x0000024442017050 nmethod 1098 0x000002442b806f90 code [0x000002442b807120, 0x000002442b807290]
Event: 2.226 Thread 0x0000024442017050 1099       3       java.lang.Enum::hashCode (21 bytes)
Event: 2.226 Thread 0x0000024442017050 nmethod 1099 0x000002442b807390 code [0x000002442b807540, 0x000002442b8076c8]
Event: 2.229 Thread 0x0000024442017050 1100       3       java.nio.HeapByteBuffer::get (14 bytes)
Event: 2.229 Thread 0x0000024442017050 nmethod 1100 0x000002442b807790 code [0x000002442b807960, 0x000002442b807c40]
Event: 2.230 Thread 0x0000024442017050 1101       3       java.lang.ref.ReferenceQueue::poll0 (65 bytes)
Event: 2.230 Thread 0x0000024442017050 nmethod 1101 0x000002442b807e10 code [0x000002442b807fe0, 0x000002442b8084e8]
Event: 2.230 Thread 0x0000024442017050 1102   !   3       java.lang.ref.NativeReferenceQueue::poll (28 bytes)
Event: 2.231 Thread 0x0000024442017050 nmethod 1102 0x000002442b808610 code [0x000002442b8087e0, 0x000002442b808b38]
Event: 2.231 Thread 0x0000024442017050 1103   !   3       java.util.concurrent.ConcurrentHashMap::replaceNode (437 bytes)
Event: 2.233 Thread 0x0000024442017050 nmethod 1103 0x000002442b808c90 code [0x000002442b809000, 0x000002442b80a828]

GC Heap History (2 events):
Event: 1.748 GC heap before
{Heap before GC invocations=0 (full 0):
 garbage-first heap   total 63488K, used 13312K [0x00000000c2800000, 0x0000000100000000)
  region size 1024K, 13 young (13312K), 0 survivors (0K)
 Metaspace       used 16797K, committed 17024K, reserved 1114112K
  class space    used 1634K, committed 1728K, reserved 1048576K
}
Event: 1.767 GC heap after
{Heap after GC invocations=1 (full 0):
 garbage-first heap   total 63488K, used 2560K [0x00000000c2800000, 0x0000000100000000)
  region size 1024K, 2 young (2048K), 2 survivors (2048K)
 Metaspace       used 16797K, committed 17024K, reserved 1114112K
  class space    used 1634K, committed 1728K, reserved 1048576K
}

Dll operation events (2 events):
Event: 0.027 Loaded shared library C:\Users\Sangha\AppData\Local\Programs\IntelliJ IDEA Ultimate\jbr\bin\java.dll
Event: 0.038 Loaded shared library C:\Users\Sangha\AppData\Local\Programs\IntelliJ IDEA Ultimate\jbr\bin\zip.dll

Deoptimization events (10 events):
Event: 0.741 Thread 0x0000024425461080 Uncommon trap: trap_request=0xffffff45 fr.pc=0x0000024433131e7c relative=0x000000000000007c
Event: 0.741 Thread 0x0000024425461080 Uncommon trap: reason=unstable_if action=reinterpret pc=0x0000024433131e7c method=java.lang.CharacterDataLatin1.toLowerCase(I)I @ 16 c2
Event: 0.741 Thread 0x0000024425461080 DEOPT PACKING pc=0x0000024433131e7c sp=0x0000006424efac00
Event: 0.741 Thread 0x0000024425461080 DEOPT UNPACKING pc=0x0000024432bd46a2 sp=0x0000006424efab90 mode 2
Event: 1.120 Thread 0x0000024425461080 DEOPT PACKING pc=0x000002442b66f0f8 sp=0x0000006424ef80f0
Event: 1.120 Thread 0x0000024425461080 DEOPT UNPACKING pc=0x0000024432bd4e42 sp=0x0000006424ef7510 mode 0
Event: 2.230 Thread 0x00000244426f3000 Uncommon trap: trap_request=0xffffff45 fr.pc=0x0000024433169b6c relative=0x000000000000006c
Event: 2.230 Thread 0x00000244426f3000 Uncommon trap: reason=unstable_if action=reinterpret pc=0x0000024433169b6c method=java.lang.ref.ReferenceQueue.headIsNull()Z @ 4 c2
Event: 2.230 Thread 0x00000244426f3000 DEOPT PACKING pc=0x0000024433169b6c sp=0x00000064262fdc60
Event: 2.230 Thread 0x00000244426f3000 DEOPT UNPACKING pc=0x0000024432bd46a2 sp=0x00000064262fdb88 mode 2

Classes loaded (20 events):
Event: 2.227 Loading class sun/security/ssl/OutputRecord$T13PaddingHolder
Event: 2.227 Loading class sun/security/ssl/OutputRecord$T13PaddingHolder done
Event: 2.228 Loading class sun/security/ssl/Ciphertext
Event: 2.228 Loading class sun/security/ssl/Ciphertext done
Event: 2.228 Loading class sun/security/ssl/PostHandshakeContext
Event: 2.228 Loading class sun/security/ssl/PostHandshakeContext done
Event: 2.228 Loading class javax/net/ssl/SSLEngineResult$Status
Event: 2.228 Loading class javax/net/ssl/SSLEngineResult$Status done
Event: 2.228 Loading class javax/net/ssl/SSLEngineResult
Event: 2.228 Loading class javax/net/ssl/SSLEngineResult done
Event: 2.229 Loading class java/lang/NoSuchFieldError
Event: 2.229 Loading class java/lang/NoSuchFieldError done
Event: 2.231 Loading class sun/nio/ch/IOVecWrapper
Event: 2.231 Loading class sun/nio/ch/IOVecWrapper done
Event: 2.231 Loading class sun/nio/ch/AllocatedNativeObject
Event: 2.231 Loading class sun/nio/ch/NativeObject
Event: 2.236 Loading class sun/nio/ch/NativeObject done
Event: 2.236 Loading class sun/nio/ch/AllocatedNativeObject done
Event: 2.236 Loading class sun/nio/ch/IOVecWrapper$Deallocator
Event: 2.236 Loading class sun/nio/ch/IOVecWrapper$Deallocator done

Classes unloaded (0 events):
No events

Classes redefined (0 events):
No events

Internal exceptions (20 events):
Event: 0.984 Thread 0x0000024425461080 Exception <a 'java/lang/NoSuchMethodError'{0x00000000c60e9308}: 'int java.lang.invoke.DirectMethodHandle$Holder.invokeVirtual(java.lang.Object, java.lang.Object)'> (0x00000000c60e9308) 
thrown [s\src\hotspot\share\interpreter\linkResolver.cpp, line 784]
Event: 0.985 Thread 0x0000024425461080 Exception <a 'java/lang/NoSuchMethodError'{0x00000000c60ed6b0}: 'int java.lang.invoke.DirectMethodHandle$Holder.invokeStaticInit(java.lang.Object, int, int)'> (0x00000000c60ed6b0) 
thrown [s\src\hotspot\share\interpreter\linkResolver.cpp, line 784]
Event: 0.988 Thread 0x0000024425461080 Exception <a 'java/lang/NoSuchMethodError'{0x00000000c60f4cc0}: 'int java.lang.invoke.DirectMethodHandle$Holder.invokeStaticInit(java.lang.Object, long, long)'> (0x00000000c60f4cc0) 
thrown [s\src\hotspot\share\interpreter\linkResolver.cpp, line 784]
Event: 0.990 Thread 0x0000024425461080 Exception <a 'java/lang/NoSuchMethodError'{0x00000000c60fb758}: 'int java.lang.invoke.DirectMethodHandle$Holder.invokeStaticInit(java.lang.Object, float, float)'> (0x00000000c60fb758) 
thrown [s\src\hotspot\share\interpreter\linkResolver.cpp, line 784]
Event: 0.993 Thread 0x0000024425461080 Exception <a 'java/lang/NoSuchMethodError'{0x00000000c5f02798}: 'int java.lang.invoke.DirectMethodHandle$Holder.invokeStaticInit(java.lang.Object, double, double)'> (0x00000000c5f02798) 
thrown [s\src\hotspot\share\interpreter\linkResolver.cpp, line 784]
Event: 0.993 Thread 0x0000024425461080 Exception <a 'java/lang/NoSuchMethodError'{0x00000000c5f06f48}: 'int java.lang.invoke.DirectMethodHandle$Holder.invokeStatic(java.lang.Object, long)'> (0x00000000c5f06f48) 
thrown [s\src\hotspot\share\interpreter\linkResolver.cpp, line 784]
Event: 1.023 Thread 0x0000024425461080 Exception <a 'java/lang/NoSuchMethodError'{0x00000000c5f33d28}: 'java.lang.Object java.lang.invoke.DelegatingMethodHandle$Holder.delegate(java.lang.Object, int, java.lang.Object, java.lang.Object)'> (0x00000000c5f33d28) 
thrown [s\src\hotspot\share\interpreter\linkResolver.cpp, line 784]
Event: 1.033 Thread 0x0000024425461080 Exception <a 'java/lang/NoSuchMethodError'{0x00000000c5f43048}: 'int java.lang.invoke.Invokers$Holder.linkToTargetMethod(java.lang.Object, java.lang.Object, java.lang.Object)'> (0x00000000c5f43048) 
thrown [s\src\hotspot\share\interpreter\linkResolver.cpp, line 784]
Event: 1.043 Thread 0x0000024425461080 Exception <a 'java/lang/NoSuchMethodError'{0x00000000c5f74f50}: 'long java.lang.invoke.DirectMethodHandle$Holder.invokeSpecial(java.lang.Object, java.lang.Object)'> (0x00000000c5f74f50) 
thrown [s\src\hotspot\share\interpreter\linkResolver.cpp, line 784]
Event: 1.045 Thread 0x0000024425461080 Exception <a 'java/lang/NoSuchMethodError'{0x00000000c5f7b820}: 'int java.lang.invoke.DirectMethodHandle$Holder.invokeStatic(java.lang.Object, java.lang.Object, java.lang.Object, java.lang.Object)'> (0x00000000c5f7b820) 
thrown [s\src\hotspot\share\interpreter\linkResolver.cpp, line 784]
Event: 1.046 Thread 0x0000024425461080 Exception <a 'java/lang/NoSuchMethodError'{0x00000000c5f7ec40}: 'java.lang.Object java.lang.invoke.Invokers$Holder.invokeExact_MT(java.lang.Object, java.lang.Object, java.lang.Object, java.lang.Object, java.lang.Object, java.lang.Object)'> (0x00000000c5f7ec40) 
thrown [s\src\hotspot\share\interpreter\linkResolver.cpp, line 784]
Event: 1.243 Thread 0x0000024425461080 Exception <a 'java/lang/NoSuchMethodError'{0x00000000c5d8b450}: 'java.lang.Object java.lang.invoke.DirectMethodHandle$Holder.newInvokeSpecial(java.lang.Object, java.lang.Object, java.lang.Object, java.lang.Object, java.lang.Object)'> (0x00000000c5d8b450) 
thrown [s\src\hotspot\share\interpreter\linkResolver.cpp, line 784]
Event: 1.350 Thread 0x0000024425461080 Exception <a 'java/lang/NoSuchMethodError'{0x00000000c5b4ef18}: 'java.lang.Object java.lang.invoke.DirectMethodHandle$Holder.invokeSpecial(java.lang.Object, java.lang.Object, java.lang.Object, java.lang.Object, int)'> (0x00000000c5b4ef18) 
thrown [s\src\hotspot\share\interpreter\linkResolver.cpp, line 784]
Event: 1.350 Thread 0x0000024425461080 Exception <a 'java/lang/NoSuchMethodError'{0x00000000c5b52880}: 'java.lang.Object java.lang.invoke.Invokers$Holder.linkToTargetMethod(java.lang.Object, java.lang.Object, int, java.lang.Object)'> (0x00000000c5b52880) 
thrown [s\src\hotspot\share\interpreter\linkResolver.cpp, line 784]
Event: 1.387 Thread 0x0000024425461080 Exception <a 'java/lang/NoSuchMethodError'{0x00000000c5b80928}: 'void java.lang.invoke.DirectMethodHandle$Holder.invokeSpecial(java.lang.Object, java.lang.Object, java.lang.Object)'> (0x00000000c5b80928) 
thrown [s\src\hotspot\share\interpreter\linkResolver.cpp, line 784]
Event: 1.445 Thread 0x00000244426d0fb0 Exception <a 'java/lang/NoSuchMethodError'{0x00000000c5db15c0}: 'void java.lang.invoke.DirectMethodHandle$Holder.invokeStatic(java.lang.Object, java.lang.Object, int)'> (0x00000000c5db15c0) 
thrown [s\src\hotspot\share\interpreter\linkResolver.cpp, line 784]
Event: 1.465 Thread 0x00000244426d0fb0 Exception <a 'java/lang/NoSuchMethodError'{0x00000000c5a1af70}: 'void java.lang.invoke.DirectMethodHandle$Holder.invokeStatic(java.lang.Object, java.lang.Object)'> (0x00000000c5a1af70) 
thrown [s\src\hotspot\share\interpreter\linkResolver.cpp, line 784]
Event: 1.486 Thread 0x0000024425461080 Exception <a 'java/lang/NoSuchMethodError'{0x00000000c5a438e8}: 'void java.lang.invoke.DirectMethodHandle$Holder.invokeSpecial(java.lang.Object, java.lang.Object, java.lang.Object, java.lang.Object, java.lang.Object)'> (0x00000000c5a438e8) 
thrown [s\src\hotspot\share\interpreter\linkResolver.cpp, line 784]
Event: 1.505 Thread 0x00000244426f3000 Exception <a 'java/lang/NoSuchMethodError'{0x00000000c5aa9ba0}: 'void java.lang.invoke.DirectMethodHandle$Holder.invokeInterface(java.lang.Object, java.lang.Object, java.lang.Object)'> (0x00000000c5aa9ba0) 
thrown [s\src\hotspot\share\interpreter\linkResolver.cpp, line 784]
Event: 1.522 Thread 0x00000244426f3000 Exception <a 'java/lang/NoSuchMethodError'{0x00000000c5afcba0}: 'void java.lang.invoke.DirectMethodHandle$Holder.invokeVirtual(java.lang.Object, java.lang.Object)'> (0x00000000c5afcba0) 
thrown [s\src\hotspot\share\interpreter\linkResolver.cpp, line 784]

ZGC Phase Switch (0 events):
No events

VM Operations (12 events):
Event: 0.565 Executing VM operation: HandshakeAllThreads (Deoptimize)
Event: 0.565 Executing VM operation: HandshakeAllThreads (Deoptimize) done
Event: 0.586 Executing VM operation: HandshakeAllThreads (Deoptimize)
Event: 0.586 Executing VM operation: HandshakeAllThreads (Deoptimize) done
Event: 0.815 Executing VM operation: HandshakeAllThreads (Deoptimize)
Event: 0.815 Executing VM operation: HandshakeAllThreads (Deoptimize) done
Event: 1.451 Executing VM operation: HandshakeAllThreads (Deoptimize)
Event: 1.451 Executing VM operation: HandshakeAllThreads (Deoptimize) done
Event: 1.451 Executing VM operation: Cleanup
Event: 1.452 Executing VM operation: Cleanup done
Event: 1.746 Executing VM operation: G1CollectForAllocation (G1 Evacuation Pause)
Event: 1.767 Executing VM operation: G1CollectForAllocation (G1 Evacuation Pause) done

Memory protections (0 events):
No events

Nmethod flushes (0 events):
No events

Events (20 events):
Event: 0.036 Thread 0x0000024425461080 Thread added: 0x0000024425461080
Event: 0.237 Thread 0x0000024425461080 Thread added: 0x000002443deba720
Event: 0.237 Thread 0x0000024425461080 Thread added: 0x000002443debb440
Event: 0.241 Thread 0x0000024425461080 Thread added: 0x000002443debe1c0
Event: 0.244 Thread 0x0000024425461080 Thread added: 0x0000024442010060
Event: 0.246 Thread 0x0000024425461080 Thread added: 0x0000024442010ac0
Event: 0.246 Thread 0x0000024425461080 Thread added: 0x0000024442011520
Event: 0.247 Thread 0x0000024425461080 Thread added: 0x0000024442011f80
Event: 0.256 Thread 0x0000024425461080 Thread added: 0x0000024442017050
Event: 0.421 Thread 0x0000024425461080 Thread added: 0x00000244421ce4c0
Event: 0.433 Thread 0x0000024425461080 Thread added: 0x00000244421d0f40
Event: 0.456 Loaded shared library C:\Users\Sangha\AppData\Local\Programs\IntelliJ IDEA Ultimate\jbr\bin\net.dll
Event: 0.503 Loaded shared library C:\Users\Sangha\AppData\Local\Programs\IntelliJ IDEA Ultimate\jbr\bin\nio.dll
Event: 0.539 Loaded shared library C:\Users\Sangha\AppData\Local\Programs\IntelliJ IDEA Ultimate\jbr\bin\zip.dll
Event: 0.677 Loaded shared library C:\Users\Sangha\AppData\Local\Programs\IntelliJ IDEA Ultimate\jbr\bin\jimage.dll
Event: 0.690 Loaded shared library C:\Users\Sangha\AppData\Local\Programs\IntelliJ IDEA Ultimate\jbr\bin\sunmscapi.dll
Event: 1.203 Loaded shared library C:\Users\Sangha\AppData\Local\Programs\IntelliJ IDEA Ultimate\jbr\bin\extnet.dll
Event: 1.218 Thread 0x0000024425461080 Thread added: 0x00000244426d0fb0
Event: 1.464 Thread 0x00000244426d0fb0 Thread added: 0x00000244426f3000
Event: 1.538 Thread 0x00000244426d0fb0 Thread added: 0x00000244427ebdb0


Dynamic libraries:
0x00007ff661700000 - 0x00007ff66170a000 	C:\Users\Sangha\AppData\Local\Programs\IntelliJ IDEA Ultimate\jbr\bin\java.exe
0x00007ffa45ec0000 - 0x00007ffa460c9000 	C:\WINDOWS\SYSTEM32\ntdll.dll
0x00007ffa44b90000 - 0x00007ffa44c4d000 	C:\WINDOWS\System32\KERNEL32.DLL
0x00007ffa43980000 - 0x00007ffa43d04000 	C:\WINDOWS\System32\KERNELBASE.dll
0x00007ffa433d0000 - 0x00007ffa434e1000 	C:\WINDOWS\System32\ucrtbase.dll
0x00007ffa2bd50000 - 0x00007ffa2bd68000 	C:\Users\Sangha\AppData\Local\Programs\IntelliJ IDEA Ultimate\jbr\bin\jli.dll
0x00007ffa45820000 - 0x00007ffa459cd000 	C:\WINDOWS\System32\USER32.dll
0x00007ffa43600000 - 0x00007ffa43626000 	C:\WINDOWS\System32\win32u.dll
0x00007ffa44d00000 - 0x00007ffa44d2a000 	C:\WINDOWS\System32\GDI32.dll
0x00007ffa43630000 - 0x00007ffa4374e000 	C:\WINDOWS\System32\gdi32full.dll
0x00007ffa434f0000 - 0x00007ffa4358d000 	C:\WINDOWS\System32\msvcp_win.dll
0x00007ffa30710000 - 0x00007ffa309b5000 	C:\WINDOWS\WinSxS\amd64_microsoft.windows.common-controls_6595b64144ccf1df_6.0.22000.120_none_9d947278b86cc467\COMCTL32.dll
0x00007ffa44a70000 - 0x00007ffa44b13000 	C:\WINDOWS\System32\msvcrt.dll
0x00007ffa3e760000 - 0x00007ffa3e77b000 	C:\Users\Sangha\AppData\Local\Programs\IntelliJ IDEA Ultimate\jbr\bin\VCRUNTIME140.dll
0x00007ffa44650000 - 0x00007ffa44681000 	C:\WINDOWS\System32\IMM32.DLL
0x00007ffa3ee30000 - 0x00007ffa3ee3c000 	C:\Users\Sangha\AppData\Local\Programs\IntelliJ IDEA Ultimate\jbr\bin\vcruntime140_1.dll
0x00007ffa20590000 - 0x00007ffa2061d000 	C:\Users\Sangha\AppData\Local\Programs\IntelliJ IDEA Ultimate\jbr\bin\msvcp140.dll
0x00007ff9e73b0000 - 0x00007ff9e8167000 	C:\Users\Sangha\AppData\Local\Programs\IntelliJ IDEA Ultimate\jbr\bin\server\jvm.dll
0x00007ffa44c50000 - 0x00007ffa44cfe000 	C:\WINDOWS\System32\ADVAPI32.dll
0x00007ffa44500000 - 0x00007ffa4459e000 	C:\WINDOWS\System32\sechost.dll
0x00007ffa459d0000 - 0x00007ffa45af1000 	C:\WINDOWS\System32\RPCRT4.dll
0x00007ffa44dc0000 - 0x00007ffa44e2f000 	C:\WINDOWS\System32\WS2_32.dll
0x00007ffa43230000 - 0x00007ffa4327d000 	C:\WINDOWS\SYSTEM32\POWRPROF.dll
0x00007ffa2ee70000 - 0x00007ffa2ee7a000 	C:\WINDOWS\SYSTEM32\VERSION.dll
0x00007ffa3b300000 - 0x00007ffa3b333000 	C:\WINDOWS\SYSTEM32\WINMM.dll
0x00007ffa43200000 - 0x00007ffa43213000 	C:\WINDOWS\SYSTEM32\UMPDC.dll
0x00007ffa423c0000 - 0x00007ffa423d8000 	C:\WINDOWS\SYSTEM32\kernel.appcore.dll
0x00007ffa3bfe0000 - 0x00007ffa3bfea000 	C:\Users\Sangha\AppData\Local\Programs\IntelliJ IDEA Ultimate\jbr\bin\jimage.dll
0x00007ffa40f60000 - 0x00007ffa41181000 	C:\WINDOWS\SYSTEM32\DBGHELP.DLL
0x00007ffa2b370000 - 0x00007ffa2b3a1000 	C:\WINDOWS\SYSTEM32\dbgcore.DLL
0x00007ffa43350000 - 0x00007ffa433cf000 	C:\WINDOWS\System32\bcryptPrimitives.dll
0x00007ffa2ef50000 - 0x00007ffa2ef6f000 	C:\Users\Sangha\AppData\Local\Programs\IntelliJ IDEA Ultimate\jbr\bin\java.dll
0x00007ffa2e950000 - 0x00007ffa2e968000 	C:\Users\Sangha\AppData\Local\Programs\IntelliJ IDEA Ultimate\jbr\bin\zip.dll
0x00007ffa43d30000 - 0x00007ffa444f5000 	C:\WINDOWS\System32\SHELL32.dll
0x00007ffa41300000 - 0x00007ffa41b62000 	C:\WINDOWS\SYSTEM32\windows.storage.dll
0x00007ffa44690000 - 0x00007ffa44a06000 	C:\WINDOWS\System32\combase.dll
0x00007ffa41190000 - 0x00007ffa412f7000 	C:\WINDOWS\SYSTEM32\wintypes.dll
0x00007ffa44e30000 - 0x00007ffa44f1a000 	C:\WINDOWS\System32\SHCORE.dll
0x00007ffa457c0000 - 0x00007ffa4581d000 	C:\WINDOWS\System32\shlwapi.dll
0x00007ffa43280000 - 0x00007ffa432a5000 	C:\WINDOWS\SYSTEM32\profapi.dll
0x00007ffa3be20000 - 0x00007ffa3be30000 	C:\Users\Sangha\AppData\Local\Programs\IntelliJ IDEA Ultimate\jbr\bin\net.dll
0x00007ffa3e9a0000 - 0x00007ffa3eab4000 	C:\WINDOWS\SYSTEM32\WINHTTP.dll
0x00007ffa42870000 - 0x00007ffa428d7000 	C:\WINDOWS\system32\mswsock.dll
0x00007ffa2e8f0000 - 0x00007ffa2e906000 	C:\Users\Sangha\AppData\Local\Programs\IntelliJ IDEA Ultimate\jbr\bin\nio.dll
0x00007ffa31230000 - 0x00007ffa3123e000 	C:\Users\Sangha\AppData\Local\Programs\IntelliJ IDEA Ultimate\jbr\bin\sunmscapi.dll
0x00007ffa43810000 - 0x00007ffa43972000 	C:\WINDOWS\System32\CRYPT32.dll
0x00007ffa42c00000 - 0x00007ffa42c28000 	C:\WINDOWS\SYSTEM32\ncrypt.dll
0x00007ffa42bc0000 - 0x00007ffa42bf7000 	C:\WINDOWS\SYSTEM32\NTASN1.dll
0x00007ffa42ab0000 - 0x00007ffa42ac8000 	C:\WINDOWS\SYSTEM32\CRYPTSP.dll
0x00007ffa42320000 - 0x00007ffa42355000 	C:\WINDOWS\system32\rsaenh.dll
0x00007ffa42960000 - 0x00007ffa4298c000 	C:\WINDOWS\SYSTEM32\USERENV.dll
0x00007ffa42c30000 - 0x00007ffa42c57000 	C:\WINDOWS\SYSTEM32\bcrypt.dll
0x00007ffa42ad0000 - 0x00007ffa42adc000 	C:\WINDOWS\SYSTEM32\CRYPTBASE.dll
0x00007ffa41ee0000 - 0x00007ffa41f0d000 	C:\WINDOWS\SYSTEM32\IPHLPAPI.DLL
0x00007ffa44d30000 - 0x00007ffa44d39000 	C:\WINDOWS\System32\NSI.dll
0x00007ff9e3940000 - 0x00007ff9e3948000 	C:\WINDOWS\system32\wshunix.dll
0x00007ffa2ff30000 - 0x00007ffa2ff39000 	C:\Users\Sangha\AppData\Local\Programs\IntelliJ IDEA Ultimate\jbr\bin\extnet.dll

dbghelp: loaded successfully - version: 4.0.5 - missing functions: none
symbol engine: initialized successfully - sym options: 0x614 - pdb path: .;C:\Users\Sangha\AppData\Local\Programs\IntelliJ IDEA Ultimate\jbr\bin;C:\WINDOWS\SYSTEM32;C:\WINDOWS\WinSxS\amd64_microsoft.windows.common-controls_6595b64144ccf1df_6.0.22000.120_none_9d947278b86cc467;C:\Users\Sangha\AppData\Local\Programs\IntelliJ IDEA Ultimate\jbr\bin\server

VM Arguments:
java_command: git4idea.http.GitAskPassApp Password for 'https://tkdgk1204@github.com': 
java_class_path (initial): C:/Users/Sangha/AppData/Local/Programs/IntelliJ IDEA Ultimate/plugins/vcs-git/lib/git4idea-rt.jar;C:/Users/Sangha/AppData/Local/Programs/IntelliJ IDEA Ultimate/lib/externalProcess-rt.jar
Launcher Type: SUN_STANDARD

[Global flags]
     intx CICompilerCount                          = 3                                         {product} {ergonomic}
     uint ConcGCThreads                            = 1                                         {product} {ergonomic}
     uint G1ConcRefinementThreads                  = 4                                         {product} {ergonomic}
   size_t G1HeapRegionSize                         = 1048576                                   {product} {ergonomic}
    uintx GCDrainStackTargetSize                   = 64                                        {product} {ergonomic}
   size_t InitialHeapSize                          = 65011712                                  {product} {ergonomic}
   size_t MarkStackSize                            = 4194304                                   {product} {ergonomic}
   size_t MaxHeapSize                              = 1031798784                                {product} {ergonomic}
   size_t MaxNewSize                               = 618659840                                 {product} {ergonomic}
   size_t MinHeapDeltaBytes                        = 1048576                                   {product} {ergonomic}
   size_t MinHeapSize                              = 8388608                                   {product} {ergonomic}
    uintx NonNMethodCodeHeapSize                   = 5832780                                {pd product} {ergonomic}
    uintx NonProfiledCodeHeapSize                  = 122912730                              {pd product} {ergonomic}
    uintx ProfiledCodeHeapSize                     = 122912730                              {pd product} {ergonomic}
    uintx ReservedCodeCacheSize                    = 251658240                              {pd product} {ergonomic}
     bool SegmentedCodeCache                       = true                                      {product} {ergonomic}
   size_t SoftMaxHeapSize                          = 1031798784                             {manageable} {ergonomic}
     bool UseCompressedOops                        = true                           {product lp64_product} {ergonomic}
     bool UseG1GC                                  = true                                      {product} {ergonomic}
     bool UseLargePagesIndividualAllocation        = false                                  {pd product} {ergonomic}

Logging:
Log output configuration:
 #0: stdout all=warning uptime,level,tags foldmultilines=false
 #1: stderr all=off uptime,level,tags foldmultilines=false

Environment Variables:
JAVA_HOME=C:\ssafy\0.tool\1.jdk
CLASSPATH=C:\ssafy\0.tool\1.jdk\lib
PATH=C:\Program Files\Git\mingw64\libexec\git-core;C:\Program Files\Git\mingw64\libexec\git-core;C:\Program Files\Git\mingw64\bin;C:\Program Files\Git\usr\bin;C:\Users\Sangha\bin;C:\ssafy\0.tool\1.jdk\bin;C:\Python312\Scripts;C:\Python312;C:\Program Files\Python311\Scripts;C:\Program Files\Python311;C:\Program Files (x86)\Intel\iCLS Client;C:\Program Files\Intel\iCLS Client;C:\WINDOWS\system32;C:\WINDOWS;C:\WINDOWS\System32\Wbem;C:\WINDOWS\System32\WindowsPowerShell\v1.0;C:\WINDOWS\System32\OpenSSH;C:\Program Files (x86)\Intel\Intel(R) Management Engine Components\DAL;C:\Program Files\Intel\Intel(R) Management Engine Components\DAL;C:\Program Files (x86)\Intel\Intel(R) Management Engine Components\IPT;C:\Program Files\Intel\Intel(R) Management Engine Components\IPT;C:\Program Files\MATLAB\R2019b\runtime\win64;C:\Program Files\MATLAB\R2019b\bin;C:\Users\Sangha\AppData\Local\Programs\Python\Python39\Scripts;C:\Users\Sangha\AppData\Local\Programs\Python\Python39;C:\Program Files\MATLAB\MATLAB Runtime\v94\runtime\win64;C:\Program Files\Git\cmd;C:\Program Files\nodejs;C:\ProgramData\chocolatey\bin;C:\Users\Sangha\anaconda3;C:\Users\Sangha\anaconda3\Library\mingw-w64\bin;C:\Users\Sangha\anaconda3\Library\usr\bin;C:\Users\Sangha\anaconda3\Library\bin;C:\Users\Sangha\anaconda3\Scripts;C:\Users\오상하\AppData\Local\Programs\Python\Python37-32\Scripts;C:\Users\오상하\AppData\Local\Programs\Python\Python37-32;C:\Users\Sangha\AppData\Local\Microsoft\WindowsApps;C:\Users\Sangha\AppData\Local\Programs\Python\Python39\Scripts;C:\Users\Sangha\AppData\Local\Programs\Microsoft VS Code\bin;C:\Users\Sangha\AppData\Roaming\npm;C:\Users\Sangha\AppData\Local\JetBrains\Toolbox\scripts
USERNAME=Sangha
DISPLAY=:0.0
LC_ALL=en_US.UTF-8
TERM=xterm-256color
TMPDIR=C:\Users\Sangha\AppData\Local\Temp
OS=Windows_NT
PROCESSOR_IDENTIFIER=Intel64 Family 6 Model 142 Stepping 10, GenuineIntel
TMP=C:\Users\Sangha\AppData\Local\Temp
TEMP=C:\Users\Sangha\AppData\Local\Temp




Periodic native trim disabled

JNI global refs:
JNI global refs: 20, weak refs: 0

JNI global refs memory usage: 835, weak refs: 833

Process memory usage:
Resident Set Size: 85168K (2% of 4024148K total physical memory with 297996K free physical memory)

OOME stack traces (most recent first):
Classloader memory used:
Loader bootstrap                                                                       : 15785K
Loader jdk.internal.loader.ClassLoaders$PlatformClassLoader                            : 1615K
Loader jdk.internal.loader.ClassLoaders$AppClassLoader                                 : 16400B

---------------  S Y S T E M  ---------------

OS:
 Windows 11 , 64 bit Build 22000 (10.0.22000.2538)
OS uptime: 0 days 18:58 hours

CPU: total 4 (initial active 4) (2 cores per cpu, 2 threads per core) family 6 model 142 stepping 10 microcode 0xe0, cx8, cmov, fxsr, ht, mmx, 3dnowpref, sse, sse2, sse3, ssse3, sse4.1, sse4.2, popcnt, lzcnt, tsc, tscinvbit, avx, avx2, aes, erms, clmul, bmi1, bmi2, adx, fma, vzeroupper, clflush, clflushopt, rdtscp, f16c
Processor Information for processor 0
  Max Mhz: 2208, Current Mhz: 2208, Mhz Limit: 2208
Processor Information for processor 1
  Max Mhz: 2208, Current Mhz: 2208, Mhz Limit: 2208
Processor Information for processor 2
  Max Mhz: 2208, Current Mhz: 1505, Mhz Limit: 2208
Processor Information for processor 3
  Max Mhz: 2208, Current Mhz: 1505, Mhz Limit: 2208

Memory: 4k page, system-wide physical 3929M (290M free)
TotalPageFile size 16217M (AvailPageFile size 14M)
current process WorkingSet (physical memory assigned to process): 83M, peak: 83M
current process commit charge ("private bytes"): 155M, peak: 156M

vm_info: OpenJDK 64-Bit Server VM (21.0.4+13-b509.17) for windows-amd64 JRE (21.0.4+13-b509.17), built on 2024-09-04 by "builduser" with MS VC++ 16.10 / 16.11 (VS2019)

END.
