#
# There is insufficient memory for the Java Runtime Environment to continue.
# Native memory allocation (malloc) failed to allocate 2308256 bytes. Error detail: Chunk::new
# Possible reasons:
#   The system is out of physical RAM or swap space
#   This process is running with CompressedOops enabled, and the Java Heap may be blocking the growth of the native heap
# Possible solutions:
#   Reduce memory load on the system
#   Increase physical memory or swap space
#   Check if swap backing store is full
#   Decrease Java heap size (-Xmx/-Xms)
#   Decrease number of Java threads
#   Decrease Java thread stack sizes (-Xss)
#   Set larger code cache with -XX:ReservedCodeCacheSize=
#   JVM is running with Unscaled Compressed Oops mode in which the Java heap is
#     placed in the first 4GB address space. The Java Heap base address is the
#     maximum limit for the native heap growth. Please use -XX:HeapBaseMinAddress
#     to set the Java Heap base and to place the Java Heap above 4GB virtual address.
# This output file may be truncated or incomplete.
#
#  Out of Memory Error (arena.cpp:191), pid=14940, tid=8136
#
# JRE version: OpenJDK Runtime Environment (17.0.11+12) (build 17.0.11+12-LTS)
# Java VM: OpenJDK 64-Bit Server VM (17.0.11+12-LTS, mixed mode, sharing, tiered, compressed oops, compressed class ptrs, g1 gc, windows-amd64)
# No core dump will be written. Minidumps are not enabled by default on client versions of Windows
#

---------------  S U M M A R Y ------------

Command Line: --add-opens=java.base/java.util=ALL-UNNAMED --add-opens=java.base/java.lang=ALL-UNNAMED --add-opens=java.base/java.lang.invoke=ALL-UNNAMED --add-opens=java.prefs/java.util.prefs=ALL-UNNAMED --add-exports=jdk.compiler/com.sun.tools.javac.api=ALL-UNNAMED --add-exports=jdk.compiler/com.sun.tools.javac.util=ALL-UNNAMED --add-opens=java.base/java.nio.charset=ALL-UNNAMED --add-opens=java.base/java.net=ALL-UNNAMED --add-opens=java.base/java.util.concurrent.atomic=ALL-UNNAMED -XX:MaxMetaspaceSize=384m -XX:+HeapDumpOnOutOfMemoryError -Xms256m -Xmx512m -Dfile.encoding=UTF-8 -Duser.country=KR -Duser.language=ko -Duser.variant -javaagent:C:\Users\Sangha\.gradle\wrapper\dists\gradle-8.10.2-bin\a04bxjujx95o3nb99gddekhwo\gradle-8.10.2\lib\agents\gradle-instrumentation-agent-8.10.2.jar org.gradle.launcher.daemon.bootstrap.GradleDaemon 8.10.2

Host: Intel(R) Core(TM) i3-8130U CPU @ 2.20GHz, 4 cores, 3G,  Windows 11 , 64 bit Build 22000 (10.0.22000.2538)
Time: Sun Nov 24 16:06:08 2024  Windows 11 , 64 bit Build 22000 (10.0.22000.2538) elapsed time: 39.092569 seconds (0d 0h 0m 39s)

---------------  T H R E A D  ---------------

Current thread (0x000001da47b91000):  JavaThread "C2 CompilerThread0" daemon [_thread_in_native, id=8136, stack(0x0000009dc2f00000,0x0000009dc3000000)]


Current CompileTask:
C2:  39092 2432   !   4       java.lang.ClassLoader::loadClass (121 bytes)

Stack: [0x0000009dc2f00000,0x0000009dc3000000]
Native frames: (J=compiled Java code, j=interpreted, Vv=VM code, C=native code)
V  [jvm.dll+0x67c789]
V  [jvm.dll+0x832ce8]
V  [jvm.dll+0x8347ae]
V  [jvm.dll+0x834e13]
V  [jvm.dll+0x24827f]
V  [jvm.dll+0xac344]
V  [jvm.dll+0xac99c]
V  [jvm.dll+0x36572e]
V  [jvm.dll+0x1bd399]
V  [jvm.dll+0x21a487]
V  [jvm.dll+0x219771]
V  [jvm.dll+0x1a5560]
V  [jvm.dll+0x229599]
V  [jvm.dll+0x22776b]
V  [jvm.dll+0x7e8028]
V  [jvm.dll+0x7e240a]
V  [jvm.dll+0x67b675]
C  [ucrtbase.dll+0x26c0c]
C  [KERNEL32.DLL+0x153e0]
C  [ntdll.dll+0x485b]


---------------  P R O C E S S  ---------------

Threads class SMR info:
_java_thread_list=0x000001da62f88f40, length=25, elements={
0x000001da2d86c170, 0x000001da47b70540, 0x000001da47b723d0, 0x000001da47b8a400,
0x000001da47b8ced0, 0x000001da47b8d890, 0x000001da47b90260, 0x000001da47b91000,
0x000001da47b91ab0, 0x000001da47bc1c30, 0x000001da47b57b30, 0x000001da47d33c70,
0x000001da61bcbad0, 0x000001da622f76a0, 0x000001da617b2020, 0x000001da47c6db00,
0x000001da47ccf470, 0x000001da61bfec10, 0x000001da61c01490, 0x000001da61bffb40,
0x000001da61bff120, 0x000001da61bff630, 0x000001da61bfe1f0, 0x000001da61c019a0,
0x000001da61bfe700
}

Java Threads: ( => current thread )
  0x000001da2d86c170 JavaThread "main" [_thread_blocked, id=524, stack(0x0000009dc2200000,0x0000009dc2300000)]
  0x000001da47b70540 JavaThread "Reference Handler" daemon [_thread_blocked, id=10112, stack(0x0000009dc2900000,0x0000009dc2a00000)]
  0x000001da47b723d0 JavaThread "Finalizer" daemon [_thread_blocked, id=15504, stack(0x0000009dc2a00000,0x0000009dc2b00000)]
  0x000001da47b8a400 JavaThread "Signal Dispatcher" daemon [_thread_blocked, id=22224, stack(0x0000009dc2b00000,0x0000009dc2c00000)]
  0x000001da47b8ced0 JavaThread "Attach Listener" daemon [_thread_blocked, id=17060, stack(0x0000009dc2c00000,0x0000009dc2d00000)]
  0x000001da47b8d890 JavaThread "Service Thread" daemon [_thread_blocked, id=17612, stack(0x0000009dc2d00000,0x0000009dc2e00000)]
  0x000001da47b90260 JavaThread "Monitor Deflation Thread" daemon [_thread_blocked, id=21708, stack(0x0000009dc2e00000,0x0000009dc2f00000)]
=>0x000001da47b91000 JavaThread "C2 CompilerThread0" daemon [_thread_in_native, id=8136, stack(0x0000009dc2f00000,0x0000009dc3000000)]
  0x000001da47b91ab0 JavaThread "C1 CompilerThread0" daemon [_thread_blocked, id=14116, stack(0x0000009dc3000000,0x0000009dc3100000)]
  0x000001da47bc1c30 JavaThread "Sweeper thread" daemon [_thread_blocked, id=12536, stack(0x0000009dc3100000,0x0000009dc3200000)]
  0x000001da47b57b30 JavaThread "Common-Cleaner" daemon [_thread_blocked, id=15536, stack(0x0000009dc3200000,0x0000009dc3300000)]
  0x000001da47d33c70 JavaThread "Notification Thread" daemon [_thread_blocked, id=8068, stack(0x0000009dc3300000,0x0000009dc3400000)]
  0x000001da61bcbad0 JavaThread "Daemon health stats" [_thread_blocked, id=12876, stack(0x0000009dc3800000,0x0000009dc3900000)]
  0x000001da622f76a0 JavaThread "Incoming local TCP Connector on port 14765" [_thread_in_native, id=12732, stack(0x0000009dc3900000,0x0000009dc3a00000)]
  0x000001da617b2020 JavaThread "Daemon periodic checks" [_thread_blocked, id=18408, stack(0x0000009dc3a00000,0x0000009dc3b00000)]
  0x000001da47c6db00 JavaThread "Daemon" [_thread_blocked, id=22300, stack(0x0000009dc3b00000,0x0000009dc3c00000)]
  0x000001da47ccf470 JavaThread "Handler for socket connection from /127.0.0.1:14765 to /127.0.0.1:14767" [_thread_in_native, id=13320, stack(0x0000009dc3c00000,0x0000009dc3d00000)]
  0x000001da61bfec10 JavaThread "Cancel handler" [_thread_blocked, id=2204, stack(0x0000009dc3d00000,0x0000009dc3e00000)]
  0x000001da61c01490 JavaThread "Daemon worker" [_thread_in_vm, id=18080, stack(0x0000009dc3e00000,0x0000009dc3f00000)]
  0x000001da61bffb40 JavaThread "Asynchronous log dispatcher for DefaultDaemonConnection: socket connection from /127.0.0.1:14765 to /127.0.0.1:14767" [_thread_blocked, id=1964, stack(0x0000009dc3f00000,0x0000009dc4000000)]
  0x000001da61bff120 JavaThread "Stdin handler" [_thread_blocked, id=16044, stack(0x0000009dc4000000,0x0000009dc4100000)]
  0x000001da61bff630 JavaThread "Daemon client event forwarder" [_thread_blocked, id=16132, stack(0x0000009dc4100000,0x0000009dc4200000)]
  0x000001da61bfe1f0 JavaThread "Cache worker for journal cache (C:\Users\Sangha\.gradle\caches\journal-1)" [_thread_blocked, id=19752, stack(0x0000009dc4200000,0x0000009dc4300000)]
  0x000001da61c019a0 JavaThread "File lock request listener" [_thread_in_native, id=7400, stack(0x0000009dc4300000,0x0000009dc4400000)]
  0x000001da61bfe700 JavaThread "Cache worker for file hash cache (C:\Users\Sangha\.gradle\caches\8.10.2\fileHashes)" [_thread_blocked, id=11336, stack(0x0000009dc4400000,0x0000009dc4500000)]

Other Threads:
  0x000001da47b691c0 VMThread "VM Thread" [stack: 0x0000009dc2800000,0x0000009dc2900000] [id=13228]
  0x000001da2d86cff0 WatcherThread [stack: 0x0000009dc3400000,0x0000009dc3500000] [id=8408]
  0x000001da2d89ad20 GCTaskThread "GC Thread#0" [stack: 0x0000009dc2300000,0x0000009dc2400000] [id=20620]
  0x000001da47db1b50 GCTaskThread "GC Thread#1" [stack: 0x0000009dc3500000,0x0000009dc3600000] [id=6132]
  0x000001da47de2000 GCTaskThread "GC Thread#2" [stack: 0x0000009dc3600000,0x0000009dc3700000] [id=6052]
  0x000001da47de4c00 GCTaskThread "GC Thread#3" [stack: 0x0000009dc3700000,0x0000009dc3800000] [id=22636]
  0x000001da2d89fc70 ConcurrentGCThread "G1 Main Marker" [stack: 0x0000009dc2400000,0x0000009dc2500000] [id=11300]
  0x000001da2d8a0690 ConcurrentGCThread "G1 Conc#0" [stack: 0x0000009dc2500000,0x0000009dc2600000] [id=11340]
  0x000001da2d92da80 ConcurrentGCThread "G1 Refine#0" [stack: 0x0000009dc2600000,0x0000009dc2700000] [id=9724]
  0x000001da2d92e4b0 ConcurrentGCThread "G1 Service" [stack: 0x0000009dc2700000,0x0000009dc2800000] [id=18492]

Threads with active compile tasks:
C2 CompilerThread0    39196 2432   !   4       java.lang.ClassLoader::loadClass (121 bytes)

VM state: not at safepoint (normal execution)

VM Mutex/Monitor currently owned by a thread: None

Heap address: 0x00000000e0000000, size: 512 MB, Compressed Oops mode: 32-bit

CDS archive(s) mapped at: [0x000001da48000000-0x000001da48bb0000-0x000001da48bb0000), size 12255232, SharedBaseAddress: 0x000001da48000000, ArchiveRelocationMode: 1.
Compressed class space mapped at: 0x000001da49000000-0x000001da5d000000, reserved size: 335544320
Narrow klass base: 0x000001da48000000, Narrow klass shift: 0, Narrow klass range: 0x100000000

GC Precious Log:
 CPUs: 4 total, 4 available
 Memory: 3929M
 Large Page Support: Disabled
 NUMA Support: Disabled
 Compressed Oops: Enabled (32-bit)
 Heap Region Size: 1M
 Heap Min Capacity: 256M
 Heap Initial Capacity: 256M
 Heap Max Capacity: 512M
 Pre-touch: Disabled
 Parallel Workers: 4
 Concurrent Workers: 1
 Concurrent Refinement Workers: 4
 Periodic GC: Disabled

Heap:
 garbage-first heap   total 262144K, used 141821K [0x00000000e0000000, 0x0000000100000000)
  region size 1024K, 130 young (133120K), 3 survivors (3072K)
 Metaspace       used 16488K, committed 16832K, reserved 393216K
  class space    used 2313K, committed 2496K, reserved 327680K

Heap Regions: E=young(eden), S=young(survivor), O=old, HS=humongous(starts), HC=humongous(continues), CS=collection set, F=free, OA=open archive, CA=closed archive, TAMS=top-at-mark-start (previous, next)
|   0|0x00000000e0000000, 0x00000000e0100000, 0x00000000e0100000|100%|HS|  |TAMS 0x00000000e0000000, 0x00000000e0000000| Complete 
|   1|0x00000000e0100000, 0x00000000e0200000, 0x00000000e0200000|100%|HC|  |TAMS 0x00000000e0100000, 0x00000000e0100000| Complete 
|   2|0x00000000e0200000, 0x00000000e0300000, 0x00000000e0300000|100%|HC|  |TAMS 0x00000000e0200000, 0x00000000e0200000| Complete 
|   3|0x00000000e0300000, 0x00000000e0400000, 0x00000000e0400000|100%|HC|  |TAMS 0x00000000e0300000, 0x00000000e0300000| Complete 
|   4|0x00000000e0400000, 0x00000000e0500000, 0x00000000e0500000|100%| O|  |TAMS 0x00000000e0400000, 0x00000000e0400000| Untracked 
|   5|0x00000000e0500000, 0x00000000e0600000, 0x00000000e0600000|100%| O|  |TAMS 0x00000000e0500000, 0x00000000e0500000| Untracked 
|   6|0x00000000e0600000, 0x00000000e0700000, 0x00000000e0700000|100%| O|  |TAMS 0x00000000e0600000, 0x00000000e0600000| Untracked 
|   7|0x00000000e0700000, 0x00000000e077f600, 0x00000000e0800000| 49%| O|  |TAMS 0x00000000e0700000, 0x00000000e0700000| Untracked 
|   8|0x00000000e0800000, 0x00000000e0900000, 0x00000000e0900000|100%|HS|  |TAMS 0x00000000e0800000, 0x00000000e0800000| Complete 
|   9|0x00000000e0900000, 0x00000000e0a00000, 0x00000000e0a00000|100%|HS|  |TAMS 0x00000000e0900000, 0x00000000e0900000| Complete 
|  10|0x00000000e0a00000, 0x00000000e0a00000, 0x00000000e0b00000|  0%| F|  |TAMS 0x00000000e0a00000, 0x00000000e0a00000| Untracked 
|  11|0x00000000e0b00000, 0x00000000e0b00000, 0x00000000e0c00000|  0%| F|  |TAMS 0x00000000e0b00000, 0x00000000e0b00000| Untracked 
|  12|0x00000000e0c00000, 0x00000000e0c00000, 0x00000000e0d00000|  0%| F|  |TAMS 0x00000000e0c00000, 0x00000000e0c00000| Untracked 
|  13|0x00000000e0d00000, 0x00000000e0d00000, 0x00000000e0e00000|  0%| F|  |TAMS 0x00000000e0d00000, 0x00000000e0d00000| Untracked 
|  14|0x00000000e0e00000, 0x00000000e0e00000, 0x00000000e0f00000|  0%| F|  |TAMS 0x00000000e0e00000, 0x00000000e0e00000| Untracked 
|  15|0x00000000e0f00000, 0x00000000e0f00000, 0x00000000e1000000|  0%| F|  |TAMS 0x00000000e0f00000, 0x00000000e0f00000| Untracked 
|  16|0x00000000e1000000, 0x00000000e1000000, 0x00000000e1100000|  0%| F|  |TAMS 0x00000000e1000000, 0x00000000e1000000| Untracked 
|  17|0x00000000e1100000, 0x00000000e1100000, 0x00000000e1200000|  0%| F|  |TAMS 0x00000000e1100000, 0x00000000e1100000| Untracked 
|  18|0x00000000e1200000, 0x00000000e1200000, 0x00000000e1300000|  0%| F|  |TAMS 0x00000000e1200000, 0x00000000e1200000| Untracked 
|  19|0x00000000e1300000, 0x00000000e1300000, 0x00000000e1400000|  0%| F|  |TAMS 0x00000000e1300000, 0x00000000e1300000| Untracked 
|  20|0x00000000e1400000, 0x00000000e1400000, 0x00000000e1500000|  0%| F|  |TAMS 0x00000000e1400000, 0x00000000e1400000| Untracked 
|  21|0x00000000e1500000, 0x00000000e1500000, 0x00000000e1600000|  0%| F|  |TAMS 0x00000000e1500000, 0x00000000e1500000| Untracked 
|  22|0x00000000e1600000, 0x00000000e1600000, 0x00000000e1700000|  0%| F|  |TAMS 0x00000000e1600000, 0x00000000e1600000| Untracked 
|  23|0x00000000e1700000, 0x00000000e1700000, 0x00000000e1800000|  0%| F|  |TAMS 0x00000000e1700000, 0x00000000e1700000| Untracked 
|  24|0x00000000e1800000, 0x00000000e1800000, 0x00000000e1900000|  0%| F|  |TAMS 0x00000000e1800000, 0x00000000e1800000| Untracked 
|  25|0x00000000e1900000, 0x00000000e1900000, 0x00000000e1a00000|  0%| F|  |TAMS 0x00000000e1900000, 0x00000000e1900000| Untracked 
|  26|0x00000000e1a00000, 0x00000000e1a00000, 0x00000000e1b00000|  0%| F|  |TAMS 0x00000000e1a00000, 0x00000000e1a00000| Untracked 
|  27|0x00000000e1b00000, 0x00000000e1b00000, 0x00000000e1c00000|  0%| F|  |TAMS 0x00000000e1b00000, 0x00000000e1b00000| Untracked 
|  28|0x00000000e1c00000, 0x00000000e1c00000, 0x00000000e1d00000|  0%| F|  |TAMS 0x00000000e1c00000, 0x00000000e1c00000| Untracked 
|  29|0x00000000e1d00000, 0x00000000e1d00000, 0x00000000e1e00000|  0%| F|  |TAMS 0x00000000e1d00000, 0x00000000e1d00000| Untracked 
|  30|0x00000000e1e00000, 0x00000000e1e00000, 0x00000000e1f00000|  0%| F|  |TAMS 0x00000000e1e00000, 0x00000000e1e00000| Untracked 
|  31|0x00000000e1f00000, 0x00000000e1f00000, 0x00000000e2000000|  0%| F|  |TAMS 0x00000000e1f00000, 0x00000000e1f00000| Untracked 
|  32|0x00000000e2000000, 0x00000000e2000000, 0x00000000e2100000|  0%| F|  |TAMS 0x00000000e2000000, 0x00000000e2000000| Untracked 
|  33|0x00000000e2100000, 0x00000000e2100000, 0x00000000e2200000|  0%| F|  |TAMS 0x00000000e2100000, 0x00000000e2100000| Untracked 
|  34|0x00000000e2200000, 0x00000000e2200000, 0x00000000e2300000|  0%| F|  |TAMS 0x00000000e2200000, 0x00000000e2200000| Untracked 
|  35|0x00000000e2300000, 0x00000000e2300000, 0x00000000e2400000|  0%| F|  |TAMS 0x00000000e2300000, 0x00000000e2300000| Untracked 
|  36|0x00000000e2400000, 0x00000000e2400000, 0x00000000e2500000|  0%| F|  |TAMS 0x00000000e2400000, 0x00000000e2400000| Untracked 
|  37|0x00000000e2500000, 0x00000000e2500000, 0x00000000e2600000|  0%| F|  |TAMS 0x00000000e2500000, 0x00000000e2500000| Untracked 
|  38|0x00000000e2600000, 0x00000000e2600000, 0x00000000e2700000|  0%| F|  |TAMS 0x00000000e2600000, 0x00000000e2600000| Untracked 
|  39|0x00000000e2700000, 0x00000000e2700000, 0x00000000e2800000|  0%| F|  |TAMS 0x00000000e2700000, 0x00000000e2700000| Untracked 
|  40|0x00000000e2800000, 0x00000000e2800000, 0x00000000e2900000|  0%| F|  |TAMS 0x00000000e2800000, 0x00000000e2800000| Untracked 
|  41|0x00000000e2900000, 0x00000000e2900000, 0x00000000e2a00000|  0%| F|  |TAMS 0x00000000e2900000, 0x00000000e2900000| Untracked 
|  42|0x00000000e2a00000, 0x00000000e2a00000, 0x00000000e2b00000|  0%| F|  |TAMS 0x00000000e2a00000, 0x00000000e2a00000| Untracked 
|  43|0x00000000e2b00000, 0x00000000e2b00000, 0x00000000e2c00000|  0%| F|  |TAMS 0x00000000e2b00000, 0x00000000e2b00000| Untracked 
|  44|0x00000000e2c00000, 0x00000000e2c00000, 0x00000000e2d00000|  0%| F|  |TAMS 0x00000000e2c00000, 0x00000000e2c00000| Untracked 
|  45|0x00000000e2d00000, 0x00000000e2d00000, 0x00000000e2e00000|  0%| F|  |TAMS 0x00000000e2d00000, 0x00000000e2d00000| Untracked 
|  46|0x00000000e2e00000, 0x00000000e2e00000, 0x00000000e2f00000|  0%| F|  |TAMS 0x00000000e2e00000, 0x00000000e2e00000| Untracked 
|  47|0x00000000e2f00000, 0x00000000e2f00000, 0x00000000e3000000|  0%| F|  |TAMS 0x00000000e2f00000, 0x00000000e2f00000| Untracked 
|  48|0x00000000e3000000, 0x00000000e3000000, 0x00000000e3100000|  0%| F|  |TAMS 0x00000000e3000000, 0x00000000e3000000| Untracked 
|  49|0x00000000e3100000, 0x00000000e3100000, 0x00000000e3200000|  0%| F|  |TAMS 0x00000000e3100000, 0x00000000e3100000| Untracked 
|  50|0x00000000e3200000, 0x00000000e3200000, 0x00000000e3300000|  0%| F|  |TAMS 0x00000000e3200000, 0x00000000e3200000| Untracked 
|  51|0x00000000e3300000, 0x00000000e3300000, 0x00000000e3400000|  0%| F|  |TAMS 0x00000000e3300000, 0x00000000e3300000| Untracked 
|  52|0x00000000e3400000, 0x00000000e3400000, 0x00000000e3500000|  0%| F|  |TAMS 0x00000000e3400000, 0x00000000e3400000| Untracked 
|  53|0x00000000e3500000, 0x00000000e3500000, 0x00000000e3600000|  0%| F|  |TAMS 0x00000000e3500000, 0x00000000e3500000| Untracked 
|  54|0x00000000e3600000, 0x00000000e3600000, 0x00000000e3700000|  0%| F|  |TAMS 0x00000000e3600000, 0x00000000e3600000| Untracked 
|  55|0x00000000e3700000, 0x00000000e3700000, 0x00000000e3800000|  0%| F|  |TAMS 0x00000000e3700000, 0x00000000e3700000| Untracked 
|  56|0x00000000e3800000, 0x00000000e3800000, 0x00000000e3900000|  0%| F|  |TAMS 0x00000000e3800000, 0x00000000e3800000| Untracked 
|  57|0x00000000e3900000, 0x00000000e3900000, 0x00000000e3a00000|  0%| F|  |TAMS 0x00000000e3900000, 0x00000000e3900000| Untracked 
|  58|0x00000000e3a00000, 0x00000000e3a00000, 0x00000000e3b00000|  0%| F|  |TAMS 0x00000000e3a00000, 0x00000000e3a00000| Untracked 
|  59|0x00000000e3b00000, 0x00000000e3b00000, 0x00000000e3c00000|  0%| F|  |TAMS 0x00000000e3b00000, 0x00000000e3b00000| Untracked 
|  60|0x00000000e3c00000, 0x00000000e3c00000, 0x00000000e3d00000|  0%| F|  |TAMS 0x00000000e3c00000, 0x00000000e3c00000| Untracked 
|  61|0x00000000e3d00000, 0x00000000e3d00000, 0x00000000e3e00000|  0%| F|  |TAMS 0x00000000e3d00000, 0x00000000e3d00000| Untracked 
|  62|0x00000000e3e00000, 0x00000000e3e00000, 0x00000000e3f00000|  0%| F|  |TAMS 0x00000000e3e00000, 0x00000000e3e00000| Untracked 
|  63|0x00000000e3f00000, 0x00000000e3f00000, 0x00000000e4000000|  0%| F|  |TAMS 0x00000000e3f00000, 0x00000000e3f00000| Untracked 
|  64|0x00000000e4000000, 0x00000000e4000000, 0x00000000e4100000|  0%| F|  |TAMS 0x00000000e4000000, 0x00000000e4000000| Untracked 
|  65|0x00000000e4100000, 0x00000000e4100000, 0x00000000e4200000|  0%| F|  |TAMS 0x00000000e4100000, 0x00000000e4100000| Untracked 
|  66|0x00000000e4200000, 0x00000000e4200000, 0x00000000e4300000|  0%| F|  |TAMS 0x00000000e4200000, 0x00000000e4200000| Untracked 
|  67|0x00000000e4300000, 0x00000000e4300000, 0x00000000e4400000|  0%| F|  |TAMS 0x00000000e4300000, 0x00000000e4300000| Untracked 
|  68|0x00000000e4400000, 0x00000000e4400000, 0x00000000e4500000|  0%| F|  |TAMS 0x00000000e4400000, 0x00000000e4400000| Untracked 
|  69|0x00000000e4500000, 0x00000000e4500000, 0x00000000e4600000|  0%| F|  |TAMS 0x00000000e4500000, 0x00000000e4500000| Untracked 
|  70|0x00000000e4600000, 0x00000000e4600000, 0x00000000e4700000|  0%| F|  |TAMS 0x00000000e4600000, 0x00000000e4600000| Untracked 
|  71|0x00000000e4700000, 0x00000000e4700000, 0x00000000e4800000|  0%| F|  |TAMS 0x00000000e4700000, 0x00000000e4700000| Untracked 
|  72|0x00000000e4800000, 0x00000000e4800000, 0x00000000e4900000|  0%| F|  |TAMS 0x00000000e4800000, 0x00000000e4800000| Untracked 
|  73|0x00000000e4900000, 0x00000000e4900000, 0x00000000e4a00000|  0%| F|  |TAMS 0x00000000e4900000, 0x00000000e4900000| Untracked 
|  74|0x00000000e4a00000, 0x00000000e4a00000, 0x00000000e4b00000|  0%| F|  |TAMS 0x00000000e4a00000, 0x00000000e4a00000| Untracked 
|  75|0x00000000e4b00000, 0x00000000e4b00000, 0x00000000e4c00000|  0%| F|  |TAMS 0x00000000e4b00000, 0x00000000e4b00000| Untracked 
|  76|0x00000000e4c00000, 0x00000000e4c00000, 0x00000000e4d00000|  0%| F|  |TAMS 0x00000000e4c00000, 0x00000000e4c00000| Untracked 
|  77|0x00000000e4d00000, 0x00000000e4d00000, 0x00000000e4e00000|  0%| F|  |TAMS 0x00000000e4d00000, 0x00000000e4d00000| Untracked 
|  78|0x00000000e4e00000, 0x00000000e4e00000, 0x00000000e4f00000|  0%| F|  |TAMS 0x00000000e4e00000, 0x00000000e4e00000| Untracked 
|  79|0x00000000e4f00000, 0x00000000e4f00000, 0x00000000e5000000|  0%| F|  |TAMS 0x00000000e4f00000, 0x00000000e4f00000| Untracked 
|  80|0x00000000e5000000, 0x00000000e5000000, 0x00000000e5100000|  0%| F|  |TAMS 0x00000000e5000000, 0x00000000e5000000| Untracked 
|  81|0x00000000e5100000, 0x00000000e5100000, 0x00000000e5200000|  0%| F|  |TAMS 0x00000000e5100000, 0x00000000e5100000| Untracked 
|  82|0x00000000e5200000, 0x00000000e5200000, 0x00000000e5300000|  0%| F|  |TAMS 0x00000000e5200000, 0x00000000e5200000| Untracked 
|  83|0x00000000e5300000, 0x00000000e5300000, 0x00000000e5400000|  0%| F|  |TAMS 0x00000000e5300000, 0x00000000e5300000| Untracked 
|  84|0x00000000e5400000, 0x00000000e5400000, 0x00000000e5500000|  0%| F|  |TAMS 0x00000000e5400000, 0x00000000e5400000| Untracked 
|  85|0x00000000e5500000, 0x00000000e5500000, 0x00000000e5600000|  0%| F|  |TAMS 0x00000000e5500000, 0x00000000e5500000| Untracked 
|  86|0x00000000e5600000, 0x00000000e5600000, 0x00000000e5700000|  0%| F|  |TAMS 0x00000000e5600000, 0x00000000e5600000| Untracked 
|  87|0x00000000e5700000, 0x00000000e5700000, 0x00000000e5800000|  0%| F|  |TAMS 0x00000000e5700000, 0x00000000e5700000| Untracked 
|  88|0x00000000e5800000, 0x00000000e5800000, 0x00000000e5900000|  0%| F|  |TAMS 0x00000000e5800000, 0x00000000e5800000| Untracked 
|  89|0x00000000e5900000, 0x00000000e5900000, 0x00000000e5a00000|  0%| F|  |TAMS 0x00000000e5900000, 0x00000000e5900000| Untracked 
|  90|0x00000000e5a00000, 0x00000000e5a00000, 0x00000000e5b00000|  0%| F|  |TAMS 0x00000000e5a00000, 0x00000000e5a00000| Untracked 
|  91|0x00000000e5b00000, 0x00000000e5b00000, 0x00000000e5c00000|  0%| F|  |TAMS 0x00000000e5b00000, 0x00000000e5b00000| Untracked 
|  92|0x00000000e5c00000, 0x00000000e5c00000, 0x00000000e5d00000|  0%| F|  |TAMS 0x00000000e5c00000, 0x00000000e5c00000| Untracked 
|  93|0x00000000e5d00000, 0x00000000e5d00000, 0x00000000e5e00000|  0%| F|  |TAMS 0x00000000e5d00000, 0x00000000e5d00000| Untracked 
|  94|0x00000000e5e00000, 0x00000000e5e00000, 0x00000000e5f00000|  0%| F|  |TAMS 0x00000000e5e00000, 0x00000000e5e00000| Untracked 
|  95|0x00000000e5f00000, 0x00000000e5f00000, 0x00000000e6000000|  0%| F|  |TAMS 0x00000000e5f00000, 0x00000000e5f00000| Untracked 
|  96|0x00000000e6000000, 0x00000000e6000000, 0x00000000e6100000|  0%| F|  |TAMS 0x00000000e6000000, 0x00000000e6000000| Untracked 
|  97|0x00000000e6100000, 0x00000000e6100000, 0x00000000e6200000|  0%| F|  |TAMS 0x00000000e6100000, 0x00000000e6100000| Untracked 
|  98|0x00000000e6200000, 0x00000000e6200000, 0x00000000e6300000|  0%| F|  |TAMS 0x00000000e6200000, 0x00000000e6200000| Untracked 
|  99|0x00000000e6300000, 0x00000000e6300000, 0x00000000e6400000|  0%| F|  |TAMS 0x00000000e6300000, 0x00000000e6300000| Untracked 
| 100|0x00000000e6400000, 0x00000000e6400000, 0x00000000e6500000|  0%| F|  |TAMS 0x00000000e6400000, 0x00000000e6400000| Untracked 
| 101|0x00000000e6500000, 0x00000000e6500000, 0x00000000e6600000|  0%| F|  |TAMS 0x00000000e6500000, 0x00000000e6500000| Untracked 
| 102|0x00000000e6600000, 0x00000000e6600000, 0x00000000e6700000|  0%| F|  |TAMS 0x00000000e6600000, 0x00000000e6600000| Untracked 
| 103|0x00000000e6700000, 0x00000000e6700000, 0x00000000e6800000|  0%| F|  |TAMS 0x00000000e6700000, 0x00000000e6700000| Untracked 
| 104|0x00000000e6800000, 0x00000000e6800000, 0x00000000e6900000|  0%| F|  |TAMS 0x00000000e6800000, 0x00000000e6800000| Untracked 
| 105|0x00000000e6900000, 0x00000000e6900000, 0x00000000e6a00000|  0%| F|  |TAMS 0x00000000e6900000, 0x00000000e6900000| Untracked 
| 106|0x00000000e6a00000, 0x00000000e6a00000, 0x00000000e6b00000|  0%| F|  |TAMS 0x00000000e6a00000, 0x00000000e6a00000| Untracked 
| 107|0x00000000e6b00000, 0x00000000e6b00000, 0x00000000e6c00000|  0%| F|  |TAMS 0x00000000e6b00000, 0x00000000e6b00000| Untracked 
| 108|0x00000000e6c00000, 0x00000000e6c00000, 0x00000000e6d00000|  0%| F|  |TAMS 0x00000000e6c00000, 0x00000000e6c00000| Untracked 
| 109|0x00000000e6d00000, 0x00000000e6d00000, 0x00000000e6e00000|  0%| F|  |TAMS 0x00000000e6d00000, 0x00000000e6d00000| Untracked 
| 110|0x00000000e6e00000, 0x00000000e6e00000, 0x00000000e6f00000|  0%| F|  |TAMS 0x00000000e6e00000, 0x00000000e6e00000| Untracked 
| 111|0x00000000e6f00000, 0x00000000e6f00000, 0x00000000e7000000|  0%| F|  |TAMS 0x00000000e6f00000, 0x00000000e6f00000| Untracked 
| 112|0x00000000e7000000, 0x00000000e7000000, 0x00000000e7100000|  0%| F|  |TAMS 0x00000000e7000000, 0x00000000e7000000| Untracked 
| 113|0x00000000e7100000, 0x00000000e7100000, 0x00000000e7200000|  0%| F|  |TAMS 0x00000000e7100000, 0x00000000e7100000| Untracked 
| 114|0x00000000e7200000, 0x00000000e7200000, 0x00000000e7300000|  0%| F|  |TAMS 0x00000000e7200000, 0x00000000e7200000| Untracked 
| 115|0x00000000e7300000, 0x00000000e7300000, 0x00000000e7400000|  0%| F|  |TAMS 0x00000000e7300000, 0x00000000e7300000| Untracked 
| 116|0x00000000e7400000, 0x00000000e7400000, 0x00000000e7500000|  0%| F|  |TAMS 0x00000000e7400000, 0x00000000e7400000| Untracked 
| 117|0x00000000e7500000, 0x00000000e7500000, 0x00000000e7600000|  0%| F|  |TAMS 0x00000000e7500000, 0x00000000e7500000| Untracked 
| 118|0x00000000e7600000, 0x00000000e7600000, 0x00000000e7700000|  0%| F|  |TAMS 0x00000000e7600000, 0x00000000e7600000| Untracked 
| 119|0x00000000e7700000, 0x00000000e7700000, 0x00000000e7800000|  0%| F|  |TAMS 0x00000000e7700000, 0x00000000e7700000| Untracked 
| 120|0x00000000e7800000, 0x00000000e7800000, 0x00000000e7900000|  0%| F|  |TAMS 0x00000000e7800000, 0x00000000e7800000| Untracked 
| 121|0x00000000e7900000, 0x00000000e7900000, 0x00000000e7a00000|  0%| F|  |TAMS 0x00000000e7900000, 0x00000000e7900000| Untracked 
| 122|0x00000000e7a00000, 0x00000000e7a00000, 0x00000000e7b00000|  0%| F|  |TAMS 0x00000000e7a00000, 0x00000000e7a00000| Untracked 
| 123|0x00000000e7b00000, 0x00000000e7b00000, 0x00000000e7c00000|  0%| F|  |TAMS 0x00000000e7b00000, 0x00000000e7b00000| Untracked 
| 124|0x00000000e7c00000, 0x00000000e7c00000, 0x00000000e7d00000|  0%| F|  |TAMS 0x00000000e7c00000, 0x00000000e7c00000| Untracked 
| 125|0x00000000e7d00000, 0x00000000e7d00000, 0x00000000e7e00000|  0%| F|  |TAMS 0x00000000e7d00000, 0x00000000e7d00000| Untracked 
| 126|0x00000000e7e00000, 0x00000000e7f00000, 0x00000000e7f00000|100%| E|  |TAMS 0x00000000e7e00000, 0x00000000e7e00000| Complete 
| 127|0x00000000e7f00000, 0x00000000e8000000, 0x00000000e8000000|100%| E|CS|TAMS 0x00000000e7f00000, 0x00000000e7f00000| Complete 
| 128|0x00000000e8000000, 0x00000000e8100000, 0x00000000e8100000|100%| E|CS|TAMS 0x00000000e8000000, 0x00000000e8000000| Complete 
| 129|0x00000000e8100000, 0x00000000e8200000, 0x00000000e8200000|100%| E|CS|TAMS 0x00000000e8100000, 0x00000000e8100000| Complete 
| 130|0x00000000e8200000, 0x00000000e8300000, 0x00000000e8300000|100%| E|CS|TAMS 0x00000000e8200000, 0x00000000e8200000| Complete 
| 131|0x00000000e8300000, 0x00000000e8400000, 0x00000000e8400000|100%| E|CS|TAMS 0x00000000e8300000, 0x00000000e8300000| Complete 
| 132|0x00000000e8400000, 0x00000000e8500000, 0x00000000e8500000|100%| E|CS|TAMS 0x00000000e8400000, 0x00000000e8400000| Complete 
| 133|0x00000000e8500000, 0x00000000e8600000, 0x00000000e8600000|100%| E|CS|TAMS 0x00000000e8500000, 0x00000000e8500000| Complete 
| 134|0x00000000e8600000, 0x00000000e8700000, 0x00000000e8700000|100%| E|CS|TAMS 0x00000000e8600000, 0x00000000e8600000| Complete 
| 135|0x00000000e8700000, 0x00000000e8800000, 0x00000000e8800000|100%| E|CS|TAMS 0x00000000e8700000, 0x00000000e8700000| Complete 
| 136|0x00000000e8800000, 0x00000000e8900000, 0x00000000e8900000|100%| E|CS|TAMS 0x00000000e8800000, 0x00000000e8800000| Complete 
| 137|0x00000000e8900000, 0x00000000e8a00000, 0x00000000e8a00000|100%| E|CS|TAMS 0x00000000e8900000, 0x00000000e8900000| Complete 
| 138|0x00000000e8a00000, 0x00000000e8b00000, 0x00000000e8b00000|100%| E|CS|TAMS 0x00000000e8a00000, 0x00000000e8a00000| Complete 
| 139|0x00000000e8b00000, 0x00000000e8c00000, 0x00000000e8c00000|100%| E|CS|TAMS 0x00000000e8b00000, 0x00000000e8b00000| Complete 
| 140|0x00000000e8c00000, 0x00000000e8d00000, 0x00000000e8d00000|100%| E|CS|TAMS 0x00000000e8c00000, 0x00000000e8c00000| Complete 
| 141|0x00000000e8d00000, 0x00000000e8e00000, 0x00000000e8e00000|100%| E|CS|TAMS 0x00000000e8d00000, 0x00000000e8d00000| Complete 
| 142|0x00000000e8e00000, 0x00000000e8f00000, 0x00000000e8f00000|100%| E|CS|TAMS 0x00000000e8e00000, 0x00000000e8e00000| Complete 
| 143|0x00000000e8f00000, 0x00000000e9000000, 0x00000000e9000000|100%| E|CS|TAMS 0x00000000e8f00000, 0x00000000e8f00000| Complete 
| 144|0x00000000e9000000, 0x00000000e9100000, 0x00000000e9100000|100%| E|CS|TAMS 0x00000000e9000000, 0x00000000e9000000| Complete 
| 145|0x00000000e9100000, 0x00000000e9200000, 0x00000000e9200000|100%| E|CS|TAMS 0x00000000e9100000, 0x00000000e9100000| Complete 
| 146|0x00000000e9200000, 0x00000000e9300000, 0x00000000e9300000|100%| E|CS|TAMS 0x00000000e9200000, 0x00000000e9200000| Complete 
| 147|0x00000000e9300000, 0x00000000e9400000, 0x00000000e9400000|100%| E|CS|TAMS 0x00000000e9300000, 0x00000000e9300000| Complete 
| 148|0x00000000e9400000, 0x00000000e9500000, 0x00000000e9500000|100%| E|CS|TAMS 0x00000000e9400000, 0x00000000e9400000| Complete 
| 149|0x00000000e9500000, 0x00000000e9600000, 0x00000000e9600000|100%| E|CS|TAMS 0x00000000e9500000, 0x00000000e9500000| Complete 
| 150|0x00000000e9600000, 0x00000000e9700000, 0x00000000e9700000|100%| E|CS|TAMS 0x00000000e9600000, 0x00000000e9600000| Complete 
| 151|0x00000000e9700000, 0x00000000e9800000, 0x00000000e9800000|100%| E|CS|TAMS 0x00000000e9700000, 0x00000000e9700000| Complete 
| 152|0x00000000e9800000, 0x00000000e9900000, 0x00000000e9900000|100%| E|CS|TAMS 0x00000000e9800000, 0x00000000e9800000| Complete 
| 153|0x00000000e9900000, 0x00000000e9a00000, 0x00000000e9a00000|100%| E|CS|TAMS 0x00000000e9900000, 0x00000000e9900000| Complete 
| 154|0x00000000e9a00000, 0x00000000e9b00000, 0x00000000e9b00000|100%| E|CS|TAMS 0x00000000e9a00000, 0x00000000e9a00000| Complete 
| 155|0x00000000e9b00000, 0x00000000e9c00000, 0x00000000e9c00000|100%| E|CS|TAMS 0x00000000e9b00000, 0x00000000e9b00000| Complete 
| 156|0x00000000e9c00000, 0x00000000e9d00000, 0x00000000e9d00000|100%| E|CS|TAMS 0x00000000e9c00000, 0x00000000e9c00000| Complete 
| 157|0x00000000e9d00000, 0x00000000e9e00000, 0x00000000e9e00000|100%| E|CS|TAMS 0x00000000e9d00000, 0x00000000e9d00000| Complete 
| 158|0x00000000e9e00000, 0x00000000e9f00000, 0x00000000e9f00000|100%| E|CS|TAMS 0x00000000e9e00000, 0x00000000e9e00000| Complete 
| 159|0x00000000e9f00000, 0x00000000ea000000, 0x00000000ea000000|100%| E|CS|TAMS 0x00000000e9f00000, 0x00000000e9f00000| Complete 
| 160|0x00000000ea000000, 0x00000000ea100000, 0x00000000ea100000|100%| E|CS|TAMS 0x00000000ea000000, 0x00000000ea000000| Complete 
| 161|0x00000000ea100000, 0x00000000ea200000, 0x00000000ea200000|100%| E|CS|TAMS 0x00000000ea100000, 0x00000000ea100000| Complete 
| 162|0x00000000ea200000, 0x00000000ea300000, 0x00000000ea300000|100%| E|CS|TAMS 0x00000000ea200000, 0x00000000ea200000| Complete 
| 163|0x00000000ea300000, 0x00000000ea400000, 0x00000000ea400000|100%| E|CS|TAMS 0x00000000ea300000, 0x00000000ea300000| Complete 
| 164|0x00000000ea400000, 0x00000000ea500000, 0x00000000ea500000|100%| E|CS|TAMS 0x00000000ea400000, 0x00000000ea400000| Complete 
| 165|0x00000000ea500000, 0x00000000ea600000, 0x00000000ea600000|100%| E|CS|TAMS 0x00000000ea500000, 0x00000000ea500000| Complete 
| 166|0x00000000ea600000, 0x00000000ea700000, 0x00000000ea700000|100%| E|CS|TAMS 0x00000000ea600000, 0x00000000ea600000| Complete 
| 167|0x00000000ea700000, 0x00000000ea800000, 0x00000000ea800000|100%| E|CS|TAMS 0x00000000ea700000, 0x00000000ea700000| Complete 
| 168|0x00000000ea800000, 0x00000000ea900000, 0x00000000ea900000|100%| E|CS|TAMS 0x00000000ea800000, 0x00000000ea800000| Complete 
| 169|0x00000000ea900000, 0x00000000eaa00000, 0x00000000eaa00000|100%| E|CS|TAMS 0x00000000ea900000, 0x00000000ea900000| Complete 
| 170|0x00000000eaa00000, 0x00000000eab00000, 0x00000000eab00000|100%| E|CS|TAMS 0x00000000eaa00000, 0x00000000eaa00000| Complete 
| 171|0x00000000eab00000, 0x00000000eac00000, 0x00000000eac00000|100%| E|CS|TAMS 0x00000000eab00000, 0x00000000eab00000| Complete 
| 172|0x00000000eac00000, 0x00000000ead00000, 0x00000000ead00000|100%| E|CS|TAMS 0x00000000eac00000, 0x00000000eac00000| Complete 
| 173|0x00000000ead00000, 0x00000000eae00000, 0x00000000eae00000|100%| E|CS|TAMS 0x00000000ead00000, 0x00000000ead00000| Complete 
| 174|0x00000000eae00000, 0x00000000eaf00000, 0x00000000eaf00000|100%| E|CS|TAMS 0x00000000eae00000, 0x00000000eae00000| Complete 
| 175|0x00000000eaf00000, 0x00000000eb000000, 0x00000000eb000000|100%| E|CS|TAMS 0x00000000eaf00000, 0x00000000eaf00000| Complete 
| 176|0x00000000eb000000, 0x00000000eb100000, 0x00000000eb100000|100%| E|CS|TAMS 0x00000000eb000000, 0x00000000eb000000| Complete 
| 177|0x00000000eb100000, 0x00000000eb200000, 0x00000000eb200000|100%| E|CS|TAMS 0x00000000eb100000, 0x00000000eb100000| Complete 
| 178|0x00000000eb200000, 0x00000000eb300000, 0x00000000eb300000|100%| E|CS|TAMS 0x00000000eb200000, 0x00000000eb200000| Complete 
| 179|0x00000000eb300000, 0x00000000eb400000, 0x00000000eb400000|100%| E|CS|TAMS 0x00000000eb300000, 0x00000000eb300000| Complete 
| 180|0x00000000eb400000, 0x00000000eb500000, 0x00000000eb500000|100%| E|CS|TAMS 0x00000000eb400000, 0x00000000eb400000| Complete 
| 181|0x00000000eb500000, 0x00000000eb600000, 0x00000000eb600000|100%| E|CS|TAMS 0x00000000eb500000, 0x00000000eb500000| Complete 
| 182|0x00000000eb600000, 0x00000000eb700000, 0x00000000eb700000|100%| E|CS|TAMS 0x00000000eb600000, 0x00000000eb600000| Complete 
| 183|0x00000000eb700000, 0x00000000eb800000, 0x00000000eb800000|100%| E|CS|TAMS 0x00000000eb700000, 0x00000000eb700000| Complete 
| 184|0x00000000eb800000, 0x00000000eb900000, 0x00000000eb900000|100%| E|CS|TAMS 0x00000000eb800000, 0x00000000eb800000| Complete 
| 185|0x00000000eb900000, 0x00000000eba00000, 0x00000000eba00000|100%| E|CS|TAMS 0x00000000eb900000, 0x00000000eb900000| Complete 
| 186|0x00000000eba00000, 0x00000000ebb00000, 0x00000000ebb00000|100%| E|CS|TAMS 0x00000000eba00000, 0x00000000eba00000| Complete 
| 187|0x00000000ebb00000, 0x00000000ebc00000, 0x00000000ebc00000|100%| E|CS|TAMS 0x00000000ebb00000, 0x00000000ebb00000| Complete 
| 188|0x00000000ebc00000, 0x00000000ebd00000, 0x00000000ebd00000|100%| E|CS|TAMS 0x00000000ebc00000, 0x00000000ebc00000| Complete 
| 189|0x00000000ebd00000, 0x00000000ebe00000, 0x00000000ebe00000|100%| E|CS|TAMS 0x00000000ebd00000, 0x00000000ebd00000| Complete 
| 190|0x00000000ebe00000, 0x00000000ebf00000, 0x00000000ebf00000|100%| E|CS|TAMS 0x00000000ebe00000, 0x00000000ebe00000| Complete 
| 191|0x00000000ebf00000, 0x00000000ec000000, 0x00000000ec000000|100%| E|CS|TAMS 0x00000000ebf00000, 0x00000000ebf00000| Complete 
| 192|0x00000000ec000000, 0x00000000ec100000, 0x00000000ec100000|100%| E|CS|TAMS 0x00000000ec000000, 0x00000000ec000000| Complete 
| 193|0x00000000ec100000, 0x00000000ec200000, 0x00000000ec200000|100%| E|CS|TAMS 0x00000000ec100000, 0x00000000ec100000| Complete 
| 194|0x00000000ec200000, 0x00000000ec300000, 0x00000000ec300000|100%| E|CS|TAMS 0x00000000ec200000, 0x00000000ec200000| Complete 
| 195|0x00000000ec300000, 0x00000000ec400000, 0x00000000ec400000|100%| E|CS|TAMS 0x00000000ec300000, 0x00000000ec300000| Complete 
| 196|0x00000000ec400000, 0x00000000ec500000, 0x00000000ec500000|100%| E|CS|TAMS 0x00000000ec400000, 0x00000000ec400000| Complete 
| 197|0x00000000ec500000, 0x00000000ec600000, 0x00000000ec600000|100%| E|CS|TAMS 0x00000000ec500000, 0x00000000ec500000| Complete 
| 198|0x00000000ec600000, 0x00000000ec700000, 0x00000000ec700000|100%| E|CS|TAMS 0x00000000ec600000, 0x00000000ec600000| Complete 
| 199|0x00000000ec700000, 0x00000000ec800000, 0x00000000ec800000|100%| E|CS|TAMS 0x00000000ec700000, 0x00000000ec700000| Complete 
| 200|0x00000000ec800000, 0x00000000ec900000, 0x00000000ec900000|100%| E|CS|TAMS 0x00000000ec800000, 0x00000000ec800000| Complete 
| 201|0x00000000ec900000, 0x00000000eca00000, 0x00000000eca00000|100%| E|CS|TAMS 0x00000000ec900000, 0x00000000ec900000| Complete 
| 202|0x00000000eca00000, 0x00000000ecb00000, 0x00000000ecb00000|100%| E|CS|TAMS 0x00000000eca00000, 0x00000000eca00000| Complete 
| 203|0x00000000ecb00000, 0x00000000ecc00000, 0x00000000ecc00000|100%| E|CS|TAMS 0x00000000ecb00000, 0x00000000ecb00000| Complete 
| 204|0x00000000ecc00000, 0x00000000ecd00000, 0x00000000ecd00000|100%| E|CS|TAMS 0x00000000ecc00000, 0x00000000ecc00000| Complete 
| 205|0x00000000ecd00000, 0x00000000ece00000, 0x00000000ece00000|100%| E|CS|TAMS 0x00000000ecd00000, 0x00000000ecd00000| Complete 
| 206|0x00000000ece00000, 0x00000000ecf00000, 0x00000000ecf00000|100%| E|CS|TAMS 0x00000000ece00000, 0x00000000ece00000| Complete 
| 207|0x00000000ecf00000, 0x00000000ed000000, 0x00000000ed000000|100%| E|CS|TAMS 0x00000000ecf00000, 0x00000000ecf00000| Complete 
| 208|0x00000000ed000000, 0x00000000ed100000, 0x00000000ed100000|100%| E|CS|TAMS 0x00000000ed000000, 0x00000000ed000000| Complete 
| 209|0x00000000ed100000, 0x00000000ed200000, 0x00000000ed200000|100%| E|CS|TAMS 0x00000000ed100000, 0x00000000ed100000| Complete 
| 210|0x00000000ed200000, 0x00000000ed300000, 0x00000000ed300000|100%| E|CS|TAMS 0x00000000ed200000, 0x00000000ed200000| Complete 
| 211|0x00000000ed300000, 0x00000000ed400000, 0x00000000ed400000|100%| E|CS|TAMS 0x00000000ed300000, 0x00000000ed300000| Complete 
| 212|0x00000000ed400000, 0x00000000ed500000, 0x00000000ed500000|100%| E|CS|TAMS 0x00000000ed400000, 0x00000000ed400000| Complete 
| 213|0x00000000ed500000, 0x00000000ed600000, 0x00000000ed600000|100%| E|CS|TAMS 0x00000000ed500000, 0x00000000ed500000| Complete 
| 214|0x00000000ed600000, 0x00000000ed700000, 0x00000000ed700000|100%| E|CS|TAMS 0x00000000ed600000, 0x00000000ed600000| Complete 
| 215|0x00000000ed700000, 0x00000000ed800000, 0x00000000ed800000|100%| E|CS|TAMS 0x00000000ed700000, 0x00000000ed700000| Complete 
| 216|0x00000000ed800000, 0x00000000ed900000, 0x00000000ed900000|100%| E|CS|TAMS 0x00000000ed800000, 0x00000000ed800000| Complete 
| 217|0x00000000ed900000, 0x00000000eda00000, 0x00000000eda00000|100%| E|CS|TAMS 0x00000000ed900000, 0x00000000ed900000| Complete 
| 218|0x00000000eda00000, 0x00000000edb00000, 0x00000000edb00000|100%| E|CS|TAMS 0x00000000eda00000, 0x00000000eda00000| Complete 
| 219|0x00000000edb00000, 0x00000000edc00000, 0x00000000edc00000|100%| E|CS|TAMS 0x00000000edb00000, 0x00000000edb00000| Complete 
| 220|0x00000000edc00000, 0x00000000edd00000, 0x00000000edd00000|100%| E|CS|TAMS 0x00000000edc00000, 0x00000000edc00000| Complete 
| 221|0x00000000edd00000, 0x00000000ede00000, 0x00000000ede00000|100%| E|CS|TAMS 0x00000000edd00000, 0x00000000edd00000| Complete 
| 222|0x00000000ede00000, 0x00000000edf00000, 0x00000000edf00000|100%| E|CS|TAMS 0x00000000ede00000, 0x00000000ede00000| Complete 
| 223|0x00000000edf00000, 0x00000000ee000000, 0x00000000ee000000|100%| E|CS|TAMS 0x00000000edf00000, 0x00000000edf00000| Complete 
| 224|0x00000000ee000000, 0x00000000ee100000, 0x00000000ee100000|100%| E|CS|TAMS 0x00000000ee000000, 0x00000000ee000000| Complete 
| 225|0x00000000ee100000, 0x00000000ee200000, 0x00000000ee200000|100%| E|CS|TAMS 0x00000000ee100000, 0x00000000ee100000| Complete 
| 226|0x00000000ee200000, 0x00000000ee300000, 0x00000000ee300000|100%| E|CS|TAMS 0x00000000ee200000, 0x00000000ee200000| Complete 
| 227|0x00000000ee300000, 0x00000000ee400000, 0x00000000ee400000|100%| E|CS|TAMS 0x00000000ee300000, 0x00000000ee300000| Complete 
| 228|0x00000000ee400000, 0x00000000ee500000, 0x00000000ee500000|100%| E|CS|TAMS 0x00000000ee400000, 0x00000000ee400000| Complete 
| 229|0x00000000ee500000, 0x00000000ee600000, 0x00000000ee600000|100%| E|CS|TAMS 0x00000000ee500000, 0x00000000ee500000| Complete 
| 230|0x00000000ee600000, 0x00000000ee700000, 0x00000000ee700000|100%| E|CS|TAMS 0x00000000ee600000, 0x00000000ee600000| Complete 
| 231|0x00000000ee700000, 0x00000000ee800000, 0x00000000ee800000|100%| E|CS|TAMS 0x00000000ee700000, 0x00000000ee700000| Complete 
| 232|0x00000000ee800000, 0x00000000ee900000, 0x00000000ee900000|100%| E|CS|TAMS 0x00000000ee800000, 0x00000000ee800000| Complete 
| 233|0x00000000ee900000, 0x00000000eea00000, 0x00000000eea00000|100%| S|CS|TAMS 0x00000000ee900000, 0x00000000ee900000| Complete 
| 234|0x00000000eea00000, 0x00000000eeb00000, 0x00000000eeb00000|100%| S|CS|TAMS 0x00000000eea00000, 0x00000000eea00000| Complete 
| 235|0x00000000eeb00000, 0x00000000eec00000, 0x00000000eec00000|100%| S|CS|TAMS 0x00000000eeb00000, 0x00000000eeb00000| Complete 
| 236|0x00000000eec00000, 0x00000000eed00000, 0x00000000eed00000|100%| E|CS|TAMS 0x00000000eec00000, 0x00000000eec00000| Complete 
| 237|0x00000000eed00000, 0x00000000eee00000, 0x00000000eee00000|100%| E|CS|TAMS 0x00000000eed00000, 0x00000000eed00000| Complete 
| 238|0x00000000eee00000, 0x00000000eef00000, 0x00000000eef00000|100%| E|CS|TAMS 0x00000000eee00000, 0x00000000eee00000| Complete 
| 239|0x00000000eef00000, 0x00000000ef000000, 0x00000000ef000000|100%| E|CS|TAMS 0x00000000eef00000, 0x00000000eef00000| Complete 
| 240|0x00000000ef000000, 0x00000000ef100000, 0x00000000ef100000|100%| E|CS|TAMS 0x00000000ef000000, 0x00000000ef000000| Complete 
| 241|0x00000000ef100000, 0x00000000ef200000, 0x00000000ef200000|100%| E|CS|TAMS 0x00000000ef100000, 0x00000000ef100000| Complete 
| 242|0x00000000ef200000, 0x00000000ef300000, 0x00000000ef300000|100%| E|CS|TAMS 0x00000000ef200000, 0x00000000ef200000| Complete 
| 243|0x00000000ef300000, 0x00000000ef400000, 0x00000000ef400000|100%| E|CS|TAMS 0x00000000ef300000, 0x00000000ef300000| Complete 
| 244|0x00000000ef400000, 0x00000000ef500000, 0x00000000ef500000|100%| E|CS|TAMS 0x00000000ef400000, 0x00000000ef400000| Complete 
| 245|0x00000000ef500000, 0x00000000ef600000, 0x00000000ef600000|100%| E|CS|TAMS 0x00000000ef500000, 0x00000000ef500000| Complete 
| 246|0x00000000ef600000, 0x00000000ef700000, 0x00000000ef700000|100%| E|CS|TAMS 0x00000000ef600000, 0x00000000ef600000| Complete 
| 247|0x00000000ef700000, 0x00000000ef800000, 0x00000000ef800000|100%| E|CS|TAMS 0x00000000ef700000, 0x00000000ef700000| Complete 
| 248|0x00000000ef800000, 0x00000000ef900000, 0x00000000ef900000|100%| E|CS|TAMS 0x00000000ef800000, 0x00000000ef800000| Complete 
| 249|0x00000000ef900000, 0x00000000efa00000, 0x00000000efa00000|100%| E|CS|TAMS 0x00000000ef900000, 0x00000000ef900000| Complete 
| 250|0x00000000efa00000, 0x00000000efb00000, 0x00000000efb00000|100%| E|CS|TAMS 0x00000000efa00000, 0x00000000efa00000| Complete 
| 251|0x00000000efb00000, 0x00000000efc00000, 0x00000000efc00000|100%| E|CS|TAMS 0x00000000efb00000, 0x00000000efb00000| Complete 
| 252|0x00000000efc00000, 0x00000000efd00000, 0x00000000efd00000|100%| E|CS|TAMS 0x00000000efc00000, 0x00000000efc00000| Complete 
| 253|0x00000000efd00000, 0x00000000efe00000, 0x00000000efe00000|100%| E|CS|TAMS 0x00000000efd00000, 0x00000000efd00000| Complete 
| 254|0x00000000efe00000, 0x00000000eff00000, 0x00000000eff00000|100%| E|CS|TAMS 0x00000000efe00000, 0x00000000efe00000| Complete 
| 255|0x00000000eff00000, 0x00000000f0000000, 0x00000000f0000000|100%| E|CS|TAMS 0x00000000eff00000, 0x00000000eff00000| Complete 

Card table byte_map: [0x000001da443a0000,0x000001da444a0000] _byte_map_base: 0x000001da43ca0000

Marking Bits (Prev, Next): (CMBitMap*) 0x000001da2d89b340, (CMBitMap*) 0x000001da2d89b380
 Prev Bits: [0x000001da445a0000, 0x000001da44da0000)
 Next Bits: [0x000001da44da0000, 0x000001da455a0000)

Polling page: 0x000001da2b7b0000

Metaspace:

Usage:
  Non-class:     13.95 MB used.
      Class:      2.28 MB used.
       Both:     16.23 MB used.

Virtual space:
  Non-class space:       64.00 MB reserved,      14.12 MB ( 22%) committed,  1 nodes.
      Class space:      320.00 MB reserved,       2.44 MB ( <1%) committed,  1 nodes.
             Both:      384.00 MB reserved,      16.56 MB (  4%) committed. 

Chunk freelists:
   Non-Class:  1.70 MB
       Class:  13.59 MB
        Both:  15.30 MB

MaxMetaspaceSize: 384.00 MB
CompressedClassSpaceSize: 320.00 MB
Initial GC threshold: 21.00 MB
Current GC threshold: 21.00 MB
CDS: on
MetaspaceReclaimPolicy: balanced
 - commit_granule_bytes: 65536.
 - commit_granule_words: 8192.
 - virtual_space_node_default_size: 8388608.
 - enlarge_chunks_in_place: 1.
 - new_chunks_are_fully_committed: 0.
 - uncommit_free_chunks: 1.
 - use_allocation_guard: 0.
 - handle_deallocations: 1.


Internal statistics:

num_allocs_failed_limit: 0.
num_arena_births: 214.
num_arena_deaths: 0.
num_vsnodes_births: 2.
num_vsnodes_deaths: 0.
num_space_committed: 265.
num_space_uncommitted: 0.
num_chunks_returned_to_freelist: 0.
num_chunks_taken_from_freelist: 751.
num_chunk_merges: 0.
num_chunk_splits: 499.
num_chunks_enlarged: 368.
num_inconsistent_stats: 0.

CodeHeap 'non-profiled nmethods': size=120000Kb used=1226Kb max_used=1226Kb free=118773Kb
 bounds [0x000001da3ce70000, 0x000001da3d0e0000, 0x000001da443a0000]
CodeHeap 'profiled nmethods': size=120000Kb used=5109Kb max_used=5109Kb free=114890Kb
 bounds [0x000001da353a0000, 0x000001da358a0000, 0x000001da3c8d0000]
CodeHeap 'non-nmethods': size=5760Kb used=1233Kb max_used=1292Kb free=4527Kb
 bounds [0x000001da3c8d0000, 0x000001da3cb40000, 0x000001da3ce70000]
 total_blobs=3019 nmethods=2477 adapters=454
 compilation: enabled
              stopped_count=0, restarted_count=0
 full_count=0

Compilation events (20 events):
Event: 38.767 Thread 0x000001da47b91ab0 2466       3       java.util.concurrent.locks.ReentrantLock::unlock (10 bytes)
Event: 38.767 Thread 0x000001da47b91ab0 nmethod 2466 0x000001da35896310 code [0x000001da358964e0, 0x000001da358967b8]
Event: 38.768 Thread 0x000001da47b91ab0 2467       3       java.util.concurrent.locks.ReentrantLock$NonfairSync::initialTryLock (58 bytes)
Event: 38.768 Thread 0x000001da47b91ab0 nmethod 2467 0x000001da35896910 code [0x000001da35896ae0, 0x000001da35896ef8]
Event: 38.768 Thread 0x000001da47b91ab0 2468       3       java.util.concurrent.locks.AbstractQueuedSynchronizer::signalNext (34 bytes)
Event: 38.768 Thread 0x000001da47b91ab0 nmethod 2468 0x000001da35897010 code [0x000001da358971e0, 0x000001da35897498]
Event: 38.815 Thread 0x000001da47b91ab0 2470       3       java.lang.invoke.MethodHandles$Lookup$ClassOption::optionsToFlag (40 bytes)
Event: 38.815 Thread 0x000001da47b91ab0 nmethod 2470 0x000001da35897610 code [0x000001da358977e0, 0x000001da35897ce8]
Event: 38.815 Thread 0x000001da47b91ab0 2469       3       java.lang.invoke.MethodHandles$Lookup::makeHiddenClassDefiner (42 bytes)
Event: 38.817 Thread 0x000001da47b91ab0 nmethod 2469 0x000001da35897e90 code [0x000001da35898140, 0x000001da35899058]
Event: 38.817 Thread 0x000001da47b91ab0 2472       3       java.lang.invoke.LambdaForm::returnType (26 bytes)
Event: 38.817 Thread 0x000001da47b91ab0 nmethod 2472 0x000001da35899590 code [0x000001da35899740, 0x000001da358998f8]
Event: 38.961 Thread 0x000001da47b91ab0 2474       3       java.lang.invoke.BoundMethodHandle::<init> (32 bytes)
Event: 38.961 Thread 0x000001da47b91ab0 nmethod 2474 0x000001da35899a10 code [0x000001da35899bc0, 0x000001da35899d28]
Event: 38.961 Thread 0x000001da47b91ab0 2475       3       java.lang.invoke.MethodHandles$Lookup::findBoundCallerLookup (30 bytes)
Event: 38.962 Thread 0x000001da47b91ab0 nmethod 2475 0x000001da35899e10 code [0x000001da3589a020, 0x000001da3589a7d8]
Event: 38.962 Thread 0x000001da47b91ab0 2476       3       java.lang.invoke.MethodHandles$Lookup::getDirectMethodCommon (280 bytes)
Event: 38.964 Thread 0x000001da47b91ab0 nmethod 2476 0x000001da3589aa90 code [0x000001da3589ada0, 0x000001da3589be38]
Event: 39.002 Thread 0x000001da47b91ab0 2477       3       java.lang.reflect.Constructor::getRoot (5 bytes)
Event: 39.003 Thread 0x000001da47b91ab0 nmethod 2477 0x000001da3589c410 code [0x000001da3589c5a0, 0x000001da3589c6b8]

GC Heap History (4 events):
Event: 14.296 GC heap before
{Heap before GC invocations=0 (full 0):
 garbage-first heap   total 262144K, used 13312K [0x00000000e0000000, 0x0000000100000000)
  region size 1024K, 13 young (13312K), 0 survivors (0K)
 Metaspace       used 811K, committed 896K, reserved 393216K
  class space    used 66K, committed 128K, reserved 327680K
}
Event: 14.305 GC heap after
{Heap after GC invocations=1 (full 0):
 garbage-first heap   total 262144K, used 1448K [0x00000000e0000000, 0x0000000100000000)
  region size 1024K, 2 young (2048K), 2 survivors (2048K)
 Metaspace       used 811K, committed 896K, reserved 393216K
  class space    used 66K, committed 128K, reserved 327680K
}
Event: 22.424 GC heap before
{Heap before GC invocations=1 (full 0):
 garbage-first heap   total 262144K, used 22952K [0x00000000e0000000, 0x0000000100000000)
  region size 1024K, 20 young (20480K), 2 survivors (2048K)
 Metaspace       used 2881K, committed 3008K, reserved 393216K
  class space    used 331K, committed 384K, reserved 327680K
}
Event: 22.430 GC heap after
{Heap after GC invocations=2 (full 0):
 garbage-first heap   total 262144K, used 10749K [0x00000000e0000000, 0x0000000100000000)
  region size 1024K, 3 young (3072K), 3 survivors (3072K)
 Metaspace       used 2881K, committed 3008K, reserved 393216K
  class space    used 331K, committed 384K, reserved 327680K
}

Dll operation events (15 events):
Event: 1.045 Loaded shared library C:\ssafy\0.tool\1.jdk\bin\java.dll
Event: 2.918 Loaded shared library C:\ssafy\0.tool\1.jdk\bin\jsvml.dll
Event: 4.265 Loaded shared library C:\ssafy\0.tool\1.jdk\bin\zip.dll
Event: 4.294 Loaded shared library C:\ssafy\0.tool\1.jdk\bin\instrument.dll
Event: 4.918 Loaded shared library C:\ssafy\0.tool\1.jdk\bin\net.dll
Event: 5.026 Loaded shared library C:\ssafy\0.tool\1.jdk\bin\nio.dll
Event: 5.208 Loaded shared library C:\ssafy\0.tool\1.jdk\bin\zip.dll
Event: 16.099 Loaded shared library C:\ssafy\0.tool\1.jdk\bin\jimage.dll
Event: 21.417 Loaded shared library C:\ssafy\0.tool\1.jdk\bin\verify.dll
Event: 22.102 Loaded shared library C:\Users\Sangha\.gradle\native\c067742578af261105cb4f569cf0c3c89f3d7b1fecec35dd04571415982c5e48\windows-amd64\native-platform.dll
Event: 22.368 Loaded shared library C:\Users\Sangha\.gradle\native\100fb08df4bc3b14c8652ba06237920a3bd2aa13389f12d3474272988ae205f9\windows-amd64\native-platform-file-events.dll
Event: 33.847 Loaded shared library C:\ssafy\0.tool\1.jdk\bin\management.dll
Event: 33.917 Loaded shared library C:\ssafy\0.tool\1.jdk\bin\management_ext.dll
Event: 34.429 Loaded shared library C:\ssafy\0.tool\1.jdk\bin\extnet.dll
Event: 35.759 Loaded shared library C:\ssafy\0.tool\1.jdk\bin\sunmscapi.dll

Deoptimization events (20 events):
Event: 37.332 Thread 0x000001da61c01490 Uncommon trap: trap_request=0xffffff45 fr.pc=0x000001da3cf36894 relative=0x00000000000003d4
Event: 37.332 Thread 0x000001da61c01490 Uncommon trap: reason=unstable_if action=reinterpret pc=0x000001da3cf36894 method=java.util.concurrent.ConcurrentHashMap.get(Ljava/lang/Object;)Ljava/lang/Object; @ 76 c2
Event: 37.332 Thread 0x000001da61c01490 DEOPT PACKING pc=0x000001da3cf36894 sp=0x0000009dc3efb590
Event: 37.332 Thread 0x000001da61c01490 DEOPT UNPACKING pc=0x000001da3c9269a3 sp=0x0000009dc3efb518 mode 2
Event: 38.312 Thread 0x000001da61c01490 Uncommon trap: trap_request=0xffffff45 fr.pc=0x000001da3ce8d944 relative=0x00000000000001a4
Event: 38.312 Thread 0x000001da61c01490 Uncommon trap: reason=unstable_if action=reinterpret pc=0x000001da3ce8d944 method=java.util.regex.Matcher.reset()Ljava/util/regex/Matcher; @ 47 c2
Event: 38.313 Thread 0x000001da61c01490 DEOPT PACKING pc=0x000001da3ce8d944 sp=0x0000009dc3efa820
Event: 38.313 Thread 0x000001da61c01490 DEOPT UNPACKING pc=0x000001da3c9269a3 sp=0x0000009dc3efa7b0 mode 2
Event: 38.453 Thread 0x000001da61c01490 Uncommon trap: trap_request=0xffffff45 fr.pc=0x000001da3ce91910 relative=0x0000000000000a30
Event: 38.453 Thread 0x000001da61c01490 Uncommon trap: reason=unstable_if action=reinterpret pc=0x000001da3ce91910 method=java.io.WinNTFileSystem.resolve(Ljava/lang/String;Ljava/lang/String;)Ljava/lang/String; @ 19 c2
Event: 38.453 Thread 0x000001da61c01490 DEOPT PACKING pc=0x000001da3ce91910 sp=0x0000009dc3efafb0
Event: 38.453 Thread 0x000001da61c01490 DEOPT UNPACKING pc=0x000001da3c9269a3 sp=0x0000009dc3efaf68 mode 2
Event: 38.458 Thread 0x000001da61c01490 Uncommon trap: trap_request=0xffffff45 fr.pc=0x000001da3cf085e0 relative=0x0000000000000620
Event: 38.458 Thread 0x000001da61c01490 Uncommon trap: reason=unstable_if action=reinterpret pc=0x000001da3cf085e0 method=java.io.File.getName()Ljava/lang/String; @ 16 c2
Event: 38.458 Thread 0x000001da61c01490 DEOPT PACKING pc=0x000001da3cf085e0 sp=0x0000009dc3efaf70
Event: 38.458 Thread 0x000001da61c01490 DEOPT UNPACKING pc=0x000001da3c9269a3 sp=0x0000009dc3efaf40 mode 2
Event: 38.715 Thread 0x000001da61c01490 Uncommon trap: trap_request=0xffffff45 fr.pc=0x000001da3cee7f84 relative=0x00000000000000e4
Event: 38.715 Thread 0x000001da61c01490 Uncommon trap: reason=unstable_if action=reinterpret pc=0x000001da3cee7f84 method=java.util.HashMap.hash(Ljava/lang/Object;)I @ 1 c2
Event: 38.715 Thread 0x000001da61c01490 DEOPT PACKING pc=0x000001da3cee7f84 sp=0x0000009dc3efbf20
Event: 38.715 Thread 0x000001da61c01490 DEOPT UNPACKING pc=0x000001da3c9269a3 sp=0x0000009dc3efbe60 mode 2

Classes unloaded (0 events):
No events

Classes redefined (0 events):
No events

Internal exceptions (20 events):
Event: 36.896 Thread 0x000001da47ccf470 Exception <a 'java/lang/NoSuchMethodError'{0x00000000ea397700}: static Lorg/gradle/tooling/internal/provider/serialization/ClientOwnedClassLoaderSpec;.<clinit>()V> (0x00000000ea397700) 
thrown [s\src\hotspot\share\prims\jni.cpp, line 1112]
Event: 36.931 Thread 0x000001da47c6db00 Exception <a 'java/lang/NoSuchMethodError'{0x00000000ea574d90}: 'void java.lang.invoke.DirectMethodHandle$Holder.invokeSpecial(java.lang.Object, java.lang.Object, java.lang.Object)'> (0x00000000ea574d90) 
thrown [s\src\hotspot\share\interpreter\linkResolver.cpp, line 759]
Event: 37.127 Thread 0x000001da61c01490 Exception <a 'java/lang/NoSuchMethodError'{0x00000000ea0d9c88}: 'long java.lang.invoke.DirectMethodHandle$Holder.invokeInterface(java.lang.Object, java.lang.Object)'> (0x00000000ea0d9c88) 
thrown [s\src\hotspot\share\interpreter\linkResolver.cpp, line 759]
Event: 37.253 Thread 0x000001da61c01490 Exception <a 'java/lang/NoSuchMethodError'{0x00000000e9b52c30}: 'void java.lang.invoke.DirectMethodHandle$Holder.invokeStatic(java.lang.Object, java.lang.Object)'> (0x00000000e9b52c30) 
thrown [s\src\hotspot\share\interpreter\linkResolver.cpp, line 759]
Event: 37.357 Thread 0x000001da61c01490 Exception <a 'java/lang/NoSuchMethodError'{0x00000000e996d940}: 'int java.lang.invoke.DirectMethodHandle$Holder.invokeVirtual(java.lang.Object, java.lang.Object, java.lang.Object)'> (0x00000000e996d940) 
thrown [s\src\hotspot\share\interpreter\linkResolver.cpp, line 759]
Event: 37.520 Thread 0x000001da61c01490 Exception <a 'java/lang/NoSuchMethodError'{0x00000000e97ff310}: 'java.lang.Object java.lang.invoke.DirectMethodHandle$Holder.newInvokeSpecial(java.lang.Object, java.lang.Object, java.lang.Object, java.lang.Object, java.lang.Object, java.lang.Object)'> (0x00000000e97ff310) 
thrown [s\src\hotspot\share\interpreter\linkResolver.cpp, line 759]
Event: 37.550 Thread 0x000001da61c01490 Exception <a 'java/lang/NoSuchMethodError'{0x00000000e961b170}: 'void java.lang.invoke.DirectMethodHandle$Holder.invokeSpecial(java.lang.Object, java.lang.Object, java.lang.Object, java.lang.Object, java.lang.Object)'> (0x00000000e961b170) 
thrown [s\src\hotspot\share\interpreter\linkResolver.cpp, line 759]
Event: 37.557 Thread 0x000001da61c01490 Exception <a 'java/lang/NoSuchMethodError'{0x00000000e962eba0}: 'void java.lang.invoke.DirectMethodHandle$Holder.invokeStaticInit(java.lang.Object, java.lang.Object)'> (0x00000000e962eba0) 
thrown [s\src\hotspot\share\interpreter\linkResolver.cpp, line 759]
Event: 37.701 Thread 0x000001da61c01490 Exception <a 'java/lang/NoSuchMethodError'{0x00000000e9301710}: 'void java.lang.invoke.DelegatingMethodHandle$Holder.reinvoke_L(java.lang.Object, java.lang.Object, java.lang.Object, java.lang.Object, java.lang.Object, java.lang.Object, java.lang.Object, java.lang.Object, java.lang.Object, java.lang.Object)'> (0x00000000e9301710) 
thrown [s\src\hotspot\share\interpreter\linkResolver.cpp, line 759]
Event: 37.702 Thread 0x000001da61c01490 Exception <a 'java/lang/NoSuchMethodError'{0x00000000e9309b80}: 'java.lang.Object java.lang.invoke.DirectMethodHandle$Holder.invokeSpecial(java.lang.Object, java.lang.Object, java.lang.Object, java.lang.Object, java.lang.Object, java.lang.Object, java.lang.Object, java.lang.Object, java.lang.Object, java.lang.Object)'> (0x00000000e9309b80) 
thrown [s\src\hotspot\share\interpreter\linkResolver.cpp, line 759]
Event: 37.702 Thread 0x000001da61c01490 Exception <a 'java/lang/NoSuchMethodError'{0x00000000e930e450}: 'java.lang.Object java.lang.invoke.Invokers$Holder.invoker(java.lang.Object, java.lang.Object, java.lang.Object, java.lang.Object, java.lang.Object, java.lang.Object, java.lang.Object, java.lang.Object, java.lang.Object, java.lang.Object)'> (0x00000000e930e450) 
thrown [s\src\hotspot\share\interpreter\linkResolver.cpp, line 759]
Event: 37.702 Thread 0x000001da61c01490 Exception <a 'java/lang/NoSuchMethodError'{0x00000000e9314058}: 'java.lang.Object java.lang.invoke.DirectMethodHandle$Holder.invokeSpecial(java.lang.Object, java.lang.Object, java.lang.Object, java.lang.Object, java.lang.Object, java.lang.Object, java.lang.Object, java.lang.Object, java.lang.Object, java.lang.Object, java.lang.Object)'> (0x00000000e9314058) 
thrown [s\src\hotspot\share\interpreter\linkResolver.cpp, line 759]
Event: 38.227 Thread 0x000001da61c01490 Exception <a 'java/lang/NoSuchMethodError'{0x00000000e8ccc8b0}: 'java.lang.Object java.lang.invoke.DirectMethodHandle$Holder.newInvokeSpecial(java.lang.Object, java.lang.Object, int)'> (0x00000000e8ccc8b0) 
thrown [s\src\hotspot\share\interpreter\linkResolver.cpp, line 759]
Event: 38.601 Thread 0x000001da61c01490 Exception <a 'java/lang/NoSuchMethodError'{0x00000000e86c7728}: 'int java.lang.invoke.DirectMethodHandle$Holder.invokeSpecialIFC(java.lang.Object, java.lang.Object, java.lang.Object, java.lang.Object)'> (0x00000000e86c7728) 
thrown [s\src\hotspot\share\interpreter\linkResolver.cpp, line 759]
Event: 38.604 Thread 0x000001da61c01490 Exception <a 'java/lang/NoSuchMethodError'{0x00000000e86d6840}: 'java.lang.Object java.lang.invoke.DirectMethodHandle$Holder.invokeInterface(java.lang.Object, java.lang.Object, java.lang.Object)'> (0x00000000e86d6840) 
thrown [s\src\hotspot\share\interpreter\linkResolver.cpp, line 759]
Event: 38.605 Thread 0x000001da61c01490 Exception <a 'java/lang/IncompatibleClassChangeError'{0x00000000e86da700}: Found class java.lang.Object, but interface was expected> (0x00000000e86da700) 
thrown [s\src\hotspot\share\interpreter\linkResolver.cpp, line 826]
Event: 38.715 Thread 0x000001da61c01490 Implicit null exception at 0x000001da3cee7ee0 to 0x000001da3cee7f7a
Event: 38.816 Thread 0x000001da61c01490 Exception <a 'java/lang/NoSuchMethodError'{0x00000000e84cb528}: 'int java.lang.invoke.DirectMethodHandle$Holder.invokeStatic(java.lang.Object, java.lang.Object, java.lang.Object, java.lang.Object)'> (0x00000000e84cb528) 
thrown [s\src\hotspot\share\interpreter\linkResolver.cpp, line 759]
Event: 38.817 Thread 0x000001da61c01490 Exception <a 'java/lang/NoSuchMethodError'{0x00000000e84cf3f8}: 'java.lang.Object java.lang.invoke.Invokers$Holder.invokeExact_MT(java.lang.Object, java.lang.Object, java.lang.Object, java.lang.Object, java.lang.Object, java.lang.Object)'> (0x00000000e84cf3f8) 
thrown [s\src\hotspot\share\interpreter\linkResolver.cpp, line 759]
Event: 38.949 Thread 0x000001da61c01490 Exception <a 'java/lang/IncompatibleClassChangeError'{0x00000000e81a5fd8}: Found class java.lang.Object, but interface was expected> (0x00000000e81a5fd8) 
thrown [s\src\hotspot\share\interpreter\linkResolver.cpp, line 826]

VM Operations (20 events):
Event: 34.189 Executing VM operation: HandshakeAllThreads
Event: 34.189 Executing VM operation: HandshakeAllThreads done
Event: 34.289 Executing VM operation: HandshakeAllThreads
Event: 34.289 Executing VM operation: HandshakeAllThreads done
Event: 34.909 Executing VM operation: HandshakeAllThreads
Event: 34.909 Executing VM operation: HandshakeAllThreads done
Event: 35.502 Executing VM operation: HandshakeAllThreads
Event: 35.502 Executing VM operation: HandshakeAllThreads done
Event: 35.502 Executing VM operation: Cleanup
Event: 35.502 Executing VM operation: Cleanup done
Event: 36.514 Executing VM operation: Cleanup
Event: 36.514 Executing VM operation: Cleanup done
Event: 37.526 Executing VM operation: Cleanup
Event: 37.543 Executing VM operation: Cleanup done
Event: 38.556 Executing VM operation: Cleanup
Event: 38.556 Executing VM operation: Cleanup done
Event: 38.914 Executing VM operation: HandshakeAllThreads
Event: 38.914 Executing VM operation: HandshakeAllThreads done
Event: 38.914 Executing VM operation: HandshakeAllThreads
Event: 38.914 Executing VM operation: HandshakeAllThreads done

Events (20 events):
Event: 38.374 loading class sun/security/provider/SHA5$SHA512
Event: 38.374 loading class sun/security/provider/SHA5
Event: 38.375 loading class sun/security/provider/SHA5 done
Event: 38.375 loading class sun/security/provider/SHA5$SHA512 done
Event: 38.380 loading class sun/security/provider/ByteArrayAccess$LE
Event: 38.381 loading class sun/security/provider/ByteArrayAccess$LE done
Event: 38.456 loading class java/io/File$TempDirectory
Event: 38.457 loading class java/io/File$TempDirectory done
Event: 38.468 loading class java/io/PrintWriter
Event: 38.469 loading class java/io/PrintWriter done
Event: 38.583 loading class java/util/concurrent/Semaphore
Event: 38.584 loading class java/util/concurrent/Semaphore done
Event: 38.596 loading class java/nio/file/FileVisitOption
Event: 38.597 loading class java/nio/file/FileVisitOption done
Event: 38.605 loading class java/util/stream/ReduceOps$1
Event: 38.606 loading class java/util/stream/ReduceOps$1 done
Event: 38.606 loading class java/util/stream/ReduceOps$1ReducingSink
Event: 38.606 loading class java/util/stream/ReduceOps$1ReducingSink done
Event: 39.029 loading class java/util/Collections$2
Event: 39.032 loading class java/util/Collections$2 done


Dynamic libraries:
0x00007ff77a950000 - 0x00007ff77a95e000 	C:\ssafy\0.tool\1.jdk\bin\java.exe
0x00007ffa45ec0000 - 0x00007ffa460c9000 	C:\WINDOWS\SYSTEM32\ntdll.dll
0x00007ffa44b90000 - 0x00007ffa44c4d000 	C:\WINDOWS\System32\KERNEL32.DLL
0x00007ffa43980000 - 0x00007ffa43d04000 	C:\WINDOWS\System32\KERNELBASE.dll
0x00007ffa433d0000 - 0x00007ffa434e1000 	C:\WINDOWS\System32\ucrtbase.dll
0x00007ffa2ef70000 - 0x00007ffa2ef8b000 	C:\ssafy\0.tool\1.jdk\bin\VCRUNTIME140.dll
0x00007ffa2ef90000 - 0x00007ffa2efa7000 	C:\ssafy\0.tool\1.jdk\bin\jli.dll
0x00007ffa45820000 - 0x00007ffa459cd000 	C:\WINDOWS\System32\USER32.dll
0x00007ffa43600000 - 0x00007ffa43626000 	C:\WINDOWS\System32\win32u.dll
0x00007ffa44d00000 - 0x00007ffa44d2a000 	C:\WINDOWS\System32\GDI32.dll
0x00007ffa43630000 - 0x00007ffa4374e000 	C:\WINDOWS\System32\gdi32full.dll
0x00007ffa434f0000 - 0x00007ffa4358d000 	C:\WINDOWS\System32\msvcp_win.dll
0x00007ffa30710000 - 0x00007ffa309b5000 	C:\WINDOWS\WinSxS\amd64_microsoft.windows.common-controls_6595b64144ccf1df_6.0.22000.120_none_9d947278b86cc467\COMCTL32.dll
0x00007ffa44a70000 - 0x00007ffa44b13000 	C:\WINDOWS\System32\msvcrt.dll
0x00007ffa44650000 - 0x00007ffa44681000 	C:\WINDOWS\System32\IMM32.DLL
0x00007ffa2e6d0000 - 0x00007ffa2e6dc000 	C:\ssafy\0.tool\1.jdk\bin\vcruntime140_1.dll
0x00007ffa22b70000 - 0x00007ffa22bfe000 	C:\ssafy\0.tool\1.jdk\bin\msvcp140.dll
0x00007ff9d9be0000 - 0x00007ff9da845000 	C:\ssafy\0.tool\1.jdk\bin\server\jvm.dll
0x00007ffa44c50000 - 0x00007ffa44cfe000 	C:\WINDOWS\System32\ADVAPI32.dll
0x00007ffa44500000 - 0x00007ffa4459e000 	C:\WINDOWS\System32\sechost.dll
0x00007ffa459d0000 - 0x00007ffa45af1000 	C:\WINDOWS\System32\RPCRT4.dll
0x00007ffa2e290000 - 0x00007ffa2e299000 	C:\WINDOWS\SYSTEM32\WSOCK32.dll
0x00007ffa44dc0000 - 0x00007ffa44e2f000 	C:\WINDOWS\System32\WS2_32.dll
0x00007ffa3b300000 - 0x00007ffa3b333000 	C:\WINDOWS\SYSTEM32\WINMM.dll
0x00007ffa2ee70000 - 0x00007ffa2ee7a000 	C:\WINDOWS\SYSTEM32\VERSION.dll
0x00007ffa43230000 - 0x00007ffa4327d000 	C:\WINDOWS\SYSTEM32\POWRPROF.dll
0x00007ffa43200000 - 0x00007ffa43213000 	C:\WINDOWS\SYSTEM32\UMPDC.dll
0x00007ffa423c0000 - 0x00007ffa423d8000 	C:\WINDOWS\SYSTEM32\kernel.appcore.dll
0x00007ffa2ded0000 - 0x00007ffa2deda000 	C:\ssafy\0.tool\1.jdk\bin\jimage.dll
0x00007ffa40f60000 - 0x00007ffa41181000 	C:\WINDOWS\SYSTEM32\DBGHELP.DLL
0x00007ffa2b370000 - 0x00007ffa2b3a1000 	C:\WINDOWS\SYSTEM32\dbgcore.DLL
0x00007ffa43350000 - 0x00007ffa433cf000 	C:\WINDOWS\System32\bcryptPrimitives.dll
0x00007ffa2bcc0000 - 0x00007ffa2bcce000 	C:\ssafy\0.tool\1.jdk\bin\instrument.dll
0x00007ffa22b40000 - 0x00007ffa22b65000 	C:\ssafy\0.tool\1.jdk\bin\java.dll
0x00007ffa20370000 - 0x00007ffa20447000 	C:\ssafy\0.tool\1.jdk\bin\jsvml.dll
0x00007ffa43d30000 - 0x00007ffa444f5000 	C:\WINDOWS\System32\SHELL32.dll
0x00007ffa41300000 - 0x00007ffa41b62000 	C:\WINDOWS\SYSTEM32\windows.storage.dll
0x00007ffa44690000 - 0x00007ffa44a06000 	C:\WINDOWS\System32\combase.dll
0x00007ffa41190000 - 0x00007ffa412f7000 	C:\WINDOWS\SYSTEM32\wintypes.dll
0x00007ffa44e30000 - 0x00007ffa44f1a000 	C:\WINDOWS\System32\SHCORE.dll
0x00007ffa457c0000 - 0x00007ffa4581d000 	C:\WINDOWS\System32\shlwapi.dll
0x00007ffa43280000 - 0x00007ffa432a5000 	C:\WINDOWS\SYSTEM32\profapi.dll
0x00007ffa24a80000 - 0x00007ffa24a98000 	C:\ssafy\0.tool\1.jdk\bin\zip.dll
0x00007ffa22660000 - 0x00007ffa22679000 	C:\ssafy\0.tool\1.jdk\bin\net.dll
0x00007ffa3e9a0000 - 0x00007ffa3eab4000 	C:\WINDOWS\SYSTEM32\WINHTTP.dll
0x00007ffa42870000 - 0x00007ffa428d7000 	C:\WINDOWS\system32\mswsock.dll
0x00007ffa22640000 - 0x00007ffa22656000 	C:\ssafy\0.tool\1.jdk\bin\nio.dll
0x00007ffa3e800000 - 0x00007ffa3e810000 	C:\ssafy\0.tool\1.jdk\bin\verify.dll
0x00007ffa305d0000 - 0x00007ffa305f7000 	C:\Users\Sangha\.gradle\native\c067742578af261105cb4f569cf0c3c89f3d7b1fecec35dd04571415982c5e48\windows-amd64\native-platform.dll
0x00007ffa055e0000 - 0x00007ffa05724000 	C:\Users\Sangha\.gradle\native\100fb08df4bc3b14c8652ba06237920a3bd2aa13389f12d3474272988ae205f9\windows-amd64\native-platform-file-events.dll
0x00007ffa22b30000 - 0x00007ffa22b3a000 	C:\ssafy\0.tool\1.jdk\bin\management.dll
0x00007ffa22630000 - 0x00007ffa2263b000 	C:\ssafy\0.tool\1.jdk\bin\management_ext.dll
0x00007ffa452a0000 - 0x00007ffa452a8000 	C:\WINDOWS\System32\PSAPI.DLL
0x00007ffa42ab0000 - 0x00007ffa42ac8000 	C:\WINDOWS\SYSTEM32\CRYPTSP.dll
0x00007ffa42320000 - 0x00007ffa42355000 	C:\WINDOWS\system32\rsaenh.dll
0x00007ffa42960000 - 0x00007ffa4298c000 	C:\WINDOWS\SYSTEM32\USERENV.dll
0x00007ffa42c30000 - 0x00007ffa42c57000 	C:\WINDOWS\SYSTEM32\bcrypt.dll
0x00007ffa42ad0000 - 0x00007ffa42adc000 	C:\WINDOWS\SYSTEM32\CRYPTBASE.dll
0x00007ffa41ee0000 - 0x00007ffa41f0d000 	C:\WINDOWS\SYSTEM32\IPHLPAPI.DLL
0x00007ffa44d30000 - 0x00007ffa44d39000 	C:\WINDOWS\System32\NSI.dll
0x00007ffa3be70000 - 0x00007ffa3be89000 	C:\WINDOWS\SYSTEM32\dhcpcsvc6.DLL
0x00007ffa3c830000 - 0x00007ffa3c84e000 	C:\WINDOWS\SYSTEM32\dhcpcsvc.DLL
0x00007ffa41f50000 - 0x00007ffa42037000 	C:\WINDOWS\SYSTEM32\DNSAPI.dll
0x00007ffa22620000 - 0x00007ffa22629000 	C:\ssafy\0.tool\1.jdk\bin\extnet.dll
0x00007ffa22610000 - 0x00007ffa2261e000 	C:\ssafy\0.tool\1.jdk\bin\sunmscapi.dll
0x00007ffa43810000 - 0x00007ffa43972000 	C:\WINDOWS\System32\CRYPT32.dll
0x00007ffa42c00000 - 0x00007ffa42c28000 	C:\WINDOWS\SYSTEM32\ncrypt.dll
0x00007ffa42bc0000 - 0x00007ffa42bf7000 	C:\WINDOWS\SYSTEM32\NTASN1.dll
0x00007ff9e3940000 - 0x00007ff9e3948000 	C:\WINDOWS\system32\wshunix.dll

dbghelp: loaded successfully - version: 4.0.5 - missing functions: none
symbol engine: initialized successfully - sym options: 0x614 - pdb path: .;C:\ssafy\0.tool\1.jdk\bin;C:\WINDOWS\SYSTEM32;C:\WINDOWS\WinSxS\amd64_microsoft.windows.common-controls_6595b64144ccf1df_6.0.22000.120_none_9d947278b86cc467;C:\ssafy\0.tool\1.jdk\bin\server;C:\Users\Sangha\.gradle\native\c067742578af261105cb4f569cf0c3c89f3d7b1fecec35dd04571415982c5e48\windows-amd64;C:\Users\Sangha\.gradle\native\100fb08df4bc3b14c8652ba06237920a3bd2aa13389f12d3474272988ae205f9\windows-amd64

VM Arguments:
jvm_args: --add-opens=java.base/java.util=ALL-UNNAMED --add-opens=java.base/java.lang=ALL-UNNAMED --add-opens=java.base/java.lang.invoke=ALL-UNNAMED --add-opens=java.prefs/java.util.prefs=ALL-UNNAMED --add-exports=jdk.compiler/com.sun.tools.javac.api=ALL-UNNAMED --add-exports=jdk.compiler/com.sun.tools.javac.util=ALL-UNNAMED --add-opens=java.base/java.nio.charset=ALL-UNNAMED --add-opens=java.base/java.net=ALL-UNNAMED --add-opens=java.base/java.util.concurrent.atomic=ALL-UNNAMED -XX:MaxMetaspaceSize=384m -XX:+HeapDumpOnOutOfMemoryError -Xms256m -Xmx512m -Dfile.encoding=UTF-8 -Duser.country=KR -Duser.language=ko -Duser.variant -javaagent:C:\Users\Sangha\.gradle\wrapper\dists\gradle-8.10.2-bin\a04bxjujx95o3nb99gddekhwo\gradle-8.10.2\lib\agents\gradle-instrumentation-agent-8.10.2.jar 
java_command: org.gradle.launcher.daemon.bootstrap.GradleDaemon 8.10.2
java_class_path (initial): C:\Users\Sangha\.gradle\wrapper\dists\gradle-8.10.2-bin\a04bxjujx95o3nb99gddekhwo\gradle-8.10.2\lib\gradle-daemon-main-8.10.2.jar
Launcher Type: SUN_STANDARD

[Global flags]
     intx CICompilerCount                          = 3                                         {product} {ergonomic}
   size_t CompressedClassSpaceSize                 = 335544320                                 {product} {ergonomic}
     uint ConcGCThreads                            = 1                                         {product} {ergonomic}
     uint G1ConcRefinementThreads                  = 4                                         {product} {ergonomic}
   size_t G1HeapRegionSize                         = 1048576                                   {product} {ergonomic}
    uintx GCDrainStackTargetSize                   = 64                                        {product} {ergonomic}
     bool HeapDumpOnOutOfMemoryError               = true                                   {manageable} {command line}
   size_t InitialHeapSize                          = 268435456                                 {product} {command line}
   size_t MarkStackSize                            = 4194304                                   {product} {ergonomic}
   size_t MaxHeapSize                              = 536870912                                 {product} {command line}
   size_t MaxMetaspaceSize                         = 402653184                                 {product} {command line}
   size_t MaxNewSize                               = 321912832                                 {product} {ergonomic}
   size_t MinHeapDeltaBytes                        = 1048576                                   {product} {ergonomic}
   size_t MinHeapSize                              = 268435456                                 {product} {command line}
    uintx NonNMethodCodeHeapSize                   = 5832780                                {pd product} {ergonomic}
    uintx NonProfiledCodeHeapSize                  = 122912730                              {pd product} {ergonomic}
    uintx ProfiledCodeHeapSize                     = 122912730                              {pd product} {ergonomic}
    uintx ReservedCodeCacheSize                    = 251658240                              {pd product} {ergonomic}
     bool SegmentedCodeCache                       = true                                      {product} {ergonomic}
   size_t SoftMaxHeapSize                          = 536870912                              {manageable} {ergonomic}
     bool UseCompressedClassPointers               = true                           {product lp64_product} {ergonomic}
     bool UseCompressedOops                        = true                           {product lp64_product} {ergonomic}
     bool UseG1GC                                  = true                                      {product} {ergonomic}
     bool UseLargePagesIndividualAllocation        = false                                  {pd product} {ergonomic}

Logging:
Log output configuration:
 #0: stdout all=warning uptime,level,tags
 #1: stderr all=off uptime,level,tags

Environment Variables:
JAVA_HOME=C:\ssafy\0.tool\1.jdk
CLASSPATH=C:\ssafy\0.tool\1.jdk\lib
PATH=C:\ssafy\0.tool\1.jdk\bin;C:\Python312\Scripts\;C:\Python312\;C:\Program Files\Python311\Scripts\;C:\Program Files\Python311\;C:\Program Files (x86)\Intel\iCLS Client\;C:\Program Files\Intel\iCLS Client\;C:\WINDOWS\system32;C:\WINDOWS;C:\WINDOWS\System32\Wbem;C:\WINDOWS\System32\WindowsPowerShell\v1.0\;C:\WINDOWS\System32\OpenSSH\;C:\Program Files (x86)\Intel\Intel(R) Management Engine Components\DAL;C:\Program Files\Intel\Intel(R) Management Engine Components\DAL;C:\Program Files (x86)\Intel\Intel(R) Management Engine Components\IPT;C:\Program Files\Intel\Intel(R) Management Engine Components\IPT;C:\Program Files\MATLAB\R2019b\runtime\win64;C:\Program Files\MATLAB\R2019b\bin;C:\Users\Sangha\AppData\Local\Programs\Python\Python39\Scripts;C:\Users\Sangha\AppData\Local\Programs\Python\Python39;C:\Program Files\MATLAB\MATLAB Runtime\v94\runtime\win64;C:\Program Files\Git\cmd;C:\Program Files\nodejs\;C:\ProgramData\chocolatey\bin;C:\Users\Sangha\anaconda3;C:\Users\Sangha\anaconda3\Library\mingw-w64\bin;C:\Users\Sangha\anaconda3\Library\usr\bin;C:\Users\Sangha\anaconda3\Library\bin;C:\Users\Sangha\anaconda3\Scripts;C:\Users\\AppData\Local\Programs\Python\Python37-32\Scripts\;C:\Users\\AppData\Local\Programs\Python\Python37-32\;C:\Users\Sangha\AppData\Local\Microsoft\WindowsApps;C:\Users\Sangha\AppData\Local\Programs\Python\Python39\Scripts;C:\Users\Sangha\AppData\Local\Programs\Microsoft VS Code\bin;C:\Users\Sangha\AppData\Roaming\npm;C:\Users\Sangha\AppData\Local\JetBrains\Toolbox\scripts;
USERNAME=Sangha
OS=Windows_NT
PROCESSOR_IDENTIFIER=Intel64 Family 6 Model 142 Stepping 10, GenuineIntel
TMP=C:\Users\Sangha\AppData\Local\Temp
TEMP=C:\Users\Sangha\AppData\Local\Temp



Periodic native trim disabled


---------------  S Y S T E M  ---------------

OS:
 Windows 11 , 64 bit Build 22000 (10.0.22000.2538)
OS uptime: 2 days 21:34 hours

CPU: total 4 (initial active 4) (2 cores per cpu, 2 threads per core) family 6 model 142 stepping 10 microcode 0xe0, cx8, cmov, fxsr, ht, mmx, 3dnowpref, sse, sse2, sse3, ssse3, sse4.1, sse4.2, popcnt, lzcnt, tsc, tscinvbit, avx, avx2, aes, erms, clmul, bmi1, bmi2, adx, fma, vzeroupper, clflush, clflushopt
Processor Information for all 4 processors :
  Max Mhz: 2208, Current Mhz: 2208, Mhz Limit: 2208

Memory: 4k page, system-wide physical 3929M (58M free)
TotalPageFile size 16217M (AvailPageFile size 1M)
current process WorkingSet (physical memory assigned to process): 227M, peak: 227M
current process commit charge ("private bytes"): 402M, peak: 404M

vm_info: OpenJDK 64-Bit Server VM (17.0.11+12-LTS) for windows-amd64 JRE (17.0.11+12-LTS), built on May 14 2024 14:41:48 by "" with MS VC++ 17.1 (VS2022)

END.
